Unicode Fix Suggestions
==============================

File: X:\Programs\agile-backlog-automation\unified_api_server.py
================================================================
  Line 99: ğŸ“‹
    Current: logger.info(f"ğŸ“‹ Set active job: {job_id}")
    Fixed:   logger.info(f"[CONFIG] Set active job: {job_id}")

  Line 126: ğŸ”§
    Current: logger.info("ğŸ”§ SSE progress streaming ready")
    Fixed:   logger.info("[TOOL] SSE progress streaming ready")

  Line 482: ğŸ”
    Current: logger.info(f"ğŸ” Request received at: {datetime.now().isoformat()}")
    Fixed:   logger.info(f"[SEARCH] Request received at: {datetime.now().isoformat()}")

  Line 483: ğŸ”
    Current: logger.info(f"ğŸ” Include test artifacts: {project_data.includeTestArtifacts}")
    Fixed:   logger.info(f"[SEARCH] Include test artifacts: {project_data.includeTestArtifacts}")

  Line 525: âœ…
    Current: logger.info(f"âœ… Background task added for job: {job_id}")
    Fixed:   logger.info(f"[SUCCESS] Background task added for job: {job_id}")

  Line 536: ğŸ“¤
    Current: logger.info(f"ğŸ“¤ Returning response: {response_data}")
    Fixed:   logger.info(f"[REQUEST] Returning response: {response_data}")

  Line 608: ğŸ”
    Current: logger.info(f"ğŸ” Request received at: {datetime.now().isoformat()}")
    Fixed:   logger.info(f"[SEARCH] Request received at: {datetime.now().isoformat()}")

  Line 609: ğŸ”
    Current: logger.info(f"ğŸ” Background tasks object: {background_tasks}")
    Fixed:   logger.info(f"[SEARCH] Background tasks object: {background_tasks}")

  Line 615: âŒ
    Current: logger.error(f"âŒ Project file not found: {project_file}")
    Fixed:   logger.error(f"[ERROR] Project file not found: {project_file}")

  Line 621: ğŸ“‹
    Current: logger.info(f"ğŸ“‹ Project info loaded: {project_info.get('id', 'unknown')}")
    Fixed:   logger.info(f"[CONFIG] Project info loaded: {project_info.get('id', 'unknown')}")

  Line 643: âœ…
    Current: logger.info(f"âœ… Background task added for job: {job_id}")
    Fixed:   logger.info(f"[SUCCESS] Background task added for job: {job_id}")

  Line 647: ğŸ“¤
    Current: logger.info(f"ğŸ“¤ Returning response: {response_data}")
    Fixed:   logger.info(f"[REQUEST] Returning response: {response_data}")

  Line 648: ğŸ“¤
    Current: logger.info(f"ğŸ“¤ Response timestamp: {datetime.now().isoformat()}")
    Fixed:   logger.info(f"[REQUEST] Response timestamp: {datetime.now().isoformat()}")

  Line 657: âŒ
    Current: logger.error(f"âŒ {error_msg}")
    Fixed:   logger.error(f"[ERROR] {error_msg}")

  Line 683: ğŸ“Š
    Current: logger.info(f"ğŸ“Š Progress update for job {job_id}: {active_jobs[job_id].get('progress', 0)}% â†’ {current_progress}%")
    Fixed:   logger.info(f"[STATS] Progress update for job {job_id}: {active_jobs[job_id].get('progress', 0)}% â†’ {current_progress}%")

  Line 685: ğŸ“Š
    Current: logger.info(f"ğŸ“Š Initial status for job {job_id}: {current_progress}%")
    Fixed:   logger.info(f"[STATS] Initial status for job {job_id}: {current_progress}%")

  Line 799: âŒ
    Current: logger.error(f"âŒ Project file not found: {project_file}")
    Fixed:   logger.error(f"[ERROR] Project file not found: {project_file}")

  Line 810: âŒ
    Current: logger.error(f"âŒ No backlog found for project: {project_id}")
    Fixed:   logger.error(f"[ERROR] No backlog found for project: {project_id}")

  Line 845: âœ…
    Current: logger.info(f"âœ… Background task added for test generation job: {job_id}")
    Fixed:   logger.info(f"[SUCCESS] Background task added for test generation job: {job_id}")

  Line 859: âŒ
    Current: logger.error(f"âŒ {error_msg}")
    Fixed:   logger.error(f"[ERROR] {error_msg}")

  Line 1087: ğŸ”„
    Current: logger.info(f"ğŸ”„ Starting threaded backlog generation for job {job_id}")
    Fixed:   logger.info(f"[RETRY] Starting threaded backlog generation for job {job_id}")

  Line 1093: âœ…
    Current: logger.info(f"âœ… Threaded backlog generation completed for job {job_id}")
    Fixed:   logger.info(f"[SUCCESS] Threaded backlog generation completed for job {job_id}")

  Line 1097: âŒ
    Current: logger.error(f"âŒ {error_msg}")
    Fixed:   logger.error(f"[ERROR] {error_msg}")

  Line 1163: ğŸ”
    Current: logger.info(f"ğŸ” Azure DevOps Configuration Analysis for job {job_id}:")
    Fixed:   logger.info(f"[SEARCH] Azure DevOps Configuration Analysis for job {job_id}:")

  Line 1184: âŒ
    Current: logger.warning(f"âŒ Azure integration enabled but missing required fields for job {job_id}")
    Fixed:   logger.warning(f"[ERROR] Azure integration enabled but missing required fields for job {job_id}")

  Line 1190: âœ…
    Current: logger.info(f"âœ… Auto-enabling Azure integration for job {job_id} (all required fields present)")
    Fixed:   logger.info(f"[SUCCESS] Auto-enabling Azure integration for job {job_id} (all required fields present)")

  Line 1193: âŒ
    Current: logger.warning(f"âŒ Cannot auto-enable Azure integration for job {job_id} (missing required fields)")
    Fixed:   logger.warning(f"[ERROR] Cannot auto-enable Azure integration for job {job_id} (missing required fields)")

  Line 1199: ğŸ”§
    Current: logger.info(f"ğŸ”§ Using user ID for settings: {current_user_id}")
    Fixed:   logger.info(f"[TOOL] Using user ID for settings: {current_user_id}")

  Line 1203: ğŸ”§
    Current: logger.info(f"ğŸ”§ Initializing WorkflowSupervisor for job {job_id} with Azure config:")
    Fixed:   logger.info(f"[TOOL] Initializing WorkflowSupervisor for job {job_id} with Azure config:")

  Line 1229: ğŸ”§
    Current: logger.info(f"ğŸ”§ Initializing WorkflowSupervisor without Azure DevOps integration for job {job_id}")
    Fixed:   logger.info(f"[TOOL] Initializing WorkflowSupervisor without Azure DevOps integration for job {job_id}")

  Line 1249: âœ…
    Current: logger.info(f"âœ… WorkflowSupervisor initialized successfully for job {job_id}")
    Fixed:   logger.info(f"[SUCCESS] WorkflowSupervisor initialized successfully for job {job_id}")

  Line 1256: âŒ
    Current: logger.error(f"âŒ {error_msg}")
    Fixed:   logger.error(f"[ERROR] {error_msg}")

  Line 1260: ğŸ”„
    Current: logger.info(f"ğŸ”„ Azure DevOps validation failed, retrying without Azure integration for job {job_id}")
    Fixed:   logger.info(f"[RETRY] Azure DevOps validation failed, retrying without Azure integration for job {job_id}")

  Line 1279: âœ…
    Current: logger.info(f"âœ… WorkflowSupervisor initialized successfully without Azure DevOps for job {job_id}")
    Fixed:   logger.info(f"[SUCCESS] WorkflowSupervisor initialized successfully without Azure DevOps for job {job_id}")

  Line 1282: âŒ
    Current: logger.error(f"âŒ {error_msg}")
    Fixed:   logger.error(f"[ERROR] {error_msg}")

  Line 1299: ğŸ“Š
    Current: logger.info(f"ğŸ“Š Progress update for job {job_id}: {progress}% - {action}")
    Fixed:   logger.info(f"[STATS] Progress update for job {job_id}: {progress}% - {action}")

  Line 1345: ğŸ”§
    Current: logger.info(f"ğŸ”§ includeTestArtifacts flag: {include_test_artifacts}")
    Fixed:   logger.info(f"[TOOL] includeTestArtifacts flag: {include_test_artifacts}")

  Line 1363: âœ…
    Current: logger.info(f"âœ… Workflow execution completed for job {job_id}")
    Fixed:   logger.info(f"[SUCCESS] Workflow execution completed for job {job_id}")

  Line 1394: ğŸ“‹
    Current: logger.info(f"ğŸ“‹ Backend log automatically saved to: {log_file}")
    Fixed:   logger.info(f"[CONFIG] Backend log automatically saved to: {log_file}")

  Line 1431: ğŸ“Š
    Current: logger.info(f"ğŸ“Š Test generation progress for job {job_id}: {progress}% - {action}")
    Fixed:   logger.info(f"[STATS] Test generation progress for job {job_id}: {progress}% - {action}")

  Line 1482: âœ…
    Current: logger.info(f"âœ… Saved test-enhanced backlog to {test_backlog_file}")
    Fixed:   logger.info(f"[SUCCESS] Saved test-enhanced backlog to {test_backlog_file}")

  Line 1488: ğŸ”„
    Current: logger.info("ğŸ”„ Test artifact upload to Azure DevOps not yet implemented")
    Fixed:   logger.info("[RETRY] Test artifact upload to Azure DevOps not yet implemented")

  Line 1498: âœ…
    Current: logger.info(f"âœ… Test artifact generation completed for job {job_id}")
    Fixed:   logger.info(f"[SUCCESS] Test artifact generation completed for job {job_id}")

  Line 1626: âŒ
    Current: logger.error("âŒ Test log message - ERROR level")
    Fixed:   logger.error("[ERROR] Test log message - ERROR level")


File: X:\Programs\agile-backlog-automation\agents\developer_agent_old.py
========================================================================
  Line 445: ğŸ“‹
    Current: print(f"ğŸ“‹ Created {len(fallback_tasks)} fallback tasks for: {title}")
    Fixed:   print(f"[CONFIG] Created {len(fallback_tasks)} fallback tasks for: {title}")

  Line 611: âœ…
    Current: print(f"âœ… Updated work item {work_item_id} with {estimated_points} story points")
    Fixed:   print(f"[SUCCESS] Updated work item {work_item_id} with {estimated_points} story points")

  Line 614: âŒ
    Current: print(f"âŒ Failed to update story points for work item {work_item_id}: {e}")
    Fixed:   print(f"[ERROR] Failed to update story points for work item {work_item_id}: {e}")

  Line 623: ğŸ“Š
    Current: print(f"ğŸ“Š Estimated {estimated_points} story points for user story: {user_story.get('title', 'Unknown')}")
    Fixed:   print(f"[STATS] Estimated {estimated_points} story points for user story: {user_story.get('title', 'Unknown')}")

  Line 651: âœ…
    Current: print(f"âœ… Created task: {task_data['title']}")
    Fixed:   print(f"[SUCCESS] Created task: {task_data['title']}")

  Line 653: âŒ
    Current: print(f"âŒ Failed to create task: {task_data['title']}")
    Fixed:   print(f"[ERROR] Failed to create task: {task_data['title']}")

  Line 655: ğŸ“‹
    Current: print(f"ğŸ“‹ Decomposed user story {work_item_id} into {len(created_tasks)} tasks")
    Fixed:   print(f"[CONFIG] Decomposed user story {work_item_id} into {len(created_tasks)} tasks")

  Line 659: âŒ
    Current: print(f"âŒ Failed to decompose user story {work_item_id}: {e}")
    Fixed:   print(f"[ERROR] Failed to decompose user story {work_item_id}: {e}")

  Line 670: âœ…
    Current: print(f"âœ… Updated work item {work_item_id} field {field_path}")
    Fixed:   print(f"[SUCCESS] Updated work item {work_item_id} field {field_path}")

  Line 673: âŒ
    Current: print(f"âŒ Failed to update work item {work_item_id} field {field_path}: {e}")
    Fixed:   print(f"[ERROR] Failed to update work item {work_item_id} field {field_path}: {e}")


File: X:\Programs\agile-backlog-automation\agents\epic_strategist.py
====================================================================
  Line 101: ğŸ”§
    Current: print(f"ğŸ”§ [EpicStrategist] Limited output from {len(epics)} to {len(limited_epics)} epics (configuration limit)")
    Fixed:   print(f"[TOOL] [EpicStrategist] Limited output from {len(epics)} to {len(limited_epics)} epics (configuration limit)")

  Line 127: ğŸ”
    Current: print(f"\nğŸ” Starting quality assessment for {len(epics)} epics...")
    Fixed:   print(f"\n[SEARCH] Starting quality assessment for {len(epics)} epics...")


File: X:\Programs\agile-backlog-automation\agents\feature_decomposer_agent.py
=============================================================================
  Line 447: ğŸ”
    Current: print(f"ğŸ” Regex found {len(matches)} potential JSON arrays")
    Fixed:   print(f"[SEARCH] Regex found {len(matches)} potential JSON arrays")

  Line 449: ğŸ”
    Current: print(f"ğŸ” Array {i+1}: {len(match)} chars, starts with: {match[:100]}...")
    Fixed:   print(f"[SEARCH] Array {i+1}: {len(match)} chars, starts with: {match[:100]}...")

  Line 455: âŒ
    Current: print(f"âŒ Array {i+1} failed JSON validation: {e}")
    Fixed:   print(f"[ERROR] Array {i+1} failed JSON validation: {e}")

  Line 463: âŒ
    Current: print(f"âŒ Array {i+1} still invalid after cleaning")
    Fixed:   print(f"[ERROR] Array {i+1} still invalid after cleaning")

  Line 482: ğŸ”
    Current: print("ğŸ” Using fallback bracket matching...")
    Fixed:   print("[SEARCH] Using fallback bracket matching...")


File: X:\Programs\agile-backlog-automation\agents\qa_lead_agent.py
==================================================================
  Line 512: âœ…
    Current: self.logger.info(f"âœ… Corrected area path for test case {test_case_id}: '{current_area_path}' â†’ '{correct_area_path}'")
    Fixed:   self.logger.info(f"[SUCCESS] Corrected area path for test case {test_case_id}: '{current_area_path}' â†’ '{correct_area_path}'")

  Line 516: âŒ
    Current: self.logger.error(f"âŒ Failed to correct area path for test case {test_case_id}: {e}")
    Fixed:   self.logger.error(f"[ERROR] Failed to correct area path for test case {test_case_id}: {e}")

  Line 557: âŒ
    Current: self.logger.error(f"âŒ Failed to assign orphaned test case {test_case_id}: {e}")
    Fixed:   self.logger.error(f"[ERROR] Failed to assign orphaned test case {test_case_id}: {e}")


File: X:\Programs\agile-backlog-automation\agents\qa\test_suite_agent.py
========================================================================
  Line 338: âœ…
    Current: self.logger.info(f"âœ… Would assign test case {test_case_id} to suite '{suite_name}' for user story {parent_user_story_id}")
    Fixed:   self.logger.info(f"[SUCCESS] Would assign test case {test_case_id} to suite '{suite_name}' for user story {parent_user_story_id}")

  Line 343: âŒ
    Current: self.logger.error(f"âŒ Error assigning orphaned test case {test_case_id}: {e}")
    Fixed:   self.logger.error(f"[ERROR] Error assigning orphaned test case {test_case_id}: {e}")


File: X:\Programs\agile-backlog-automation\archive\debug_acceptance_criteria.py
===============================================================================
  Line 87: âœ…
    Current: print(f"  âœ… Good: {len(criteria)} criteria")
    Fixed:   print(f"  [SUCCESS] Good: {len(criteria)} criteria")


File: X:\Programs\agile-backlog-automation\archive\domain_migration.py
======================================================================
  Line 26: ğŸ”§
    Current: print("ğŸ”§ Creating domain management tables...")
    Fixed:   print("[TOOL] Creating domain management tables...")

  Line 30: ğŸ“¦
    Current: print("ğŸ“¦ Migrating existing domain data...")
    Fixed:   print("[PACKAGE] Migrating existing domain data...")

  Line 38: âœ…
    Current: print("âœ… Domain migration completed successfully!")
    Fixed:   print("[SUCCESS] Domain migration completed successfully!")

  Line 42: âŒ
    Current: print(f"âŒ Migration failed: {e}")
    Fixed:   print(f"[ERROR] Migration failed: {e}")

  Line 167: âœ…
    Current: print(f"âœ… Migrated {len(extractor.industry_patterns)} domains with patterns, user types, and vocabulary")
    Fixed:   print(f"[SUCCESS] Migrated {len(extractor.industry_patterns)} domains with patterns, user types, and vocabulary")

  Line 322: âœ…
    Current: print(f"âœ… Migrated {len(existing_domains)} domains with patterns, user types, and vocabulary")
    Fixed:   print(f"[SUCCESS] Migrated {len(existing_domains)} domains with patterns, user types, and vocabulary")


File: X:\Programs\agile-backlog-automation\archive\restart_backend.py
=====================================================================
  Line 40: âœ…
    Current: print(f"âœ… Domains API working! Found {len(domains)} domains")
    Fixed:   print(f"[SUCCESS] Domains API working! Found {len(domains)} domains")

  Line 44: âŒ
    Current: print(f"âŒ API returned status {response.status_code}")
    Fixed:   print(f"[ERROR] API returned status {response.status_code}")

  Line 46: âŒ
    Current: print(f"âŒ Error testing API: {e}")
    Fixed:   print(f"[ERROR] Error testing API: {e}")


File: X:\Programs\agile-backlog-automation\archive\test_direct_llm.py
=====================================================================
  Line 102: âœ…
    Current: âœ… Each epic directly supports the product vision above
    Fixed:   [SUCCESS] Each epic directly supports the product vision above

  Line 103: âœ…
    Current: âœ… Epics address the specific target audience mentioned in the vision
    Fixed:   [SUCCESS] Epics address the specific target audience mentioned in the vision

  Line 104: âœ…
    Current: âœ… Business objectives and KPIs from the vision are considered
    Fixed:   [SUCCESS] Business objectives and KPIs from the vision are considered

  Line 105: âœ…
    Current: âœ… Domain-specific requirements are incorporated (not generic)
    Fixed:   [SUCCESS] Domain-specific requirements are incorporated (not generic)

  Line 106: âœ…
    Current: âœ… Epics can be developed in parallel where possible
    Fixed:   [SUCCESS] Epics can be developed in parallel where possible

  Line 107: âœ…
    Current: âœ… Business value is clearly articulated in vision context
    Fixed:   [SUCCESS] Business value is clearly articulated in vision context


File: X:\Programs\agile-backlog-automation\integrators\outbox_uploader.py
=========================================================================
  Line 107: âœ…
    Current: self.logger.info(f"  âœ… Uploaded: {results['uploaded']}")
    Fixed:   self.logger.info(f"  [SUCCESS] Uploaded: {results['uploaded']}")

  Line 108: âŒ
    Current: self.logger.info(f"  âŒ Failed: {results['failed']}")
    Fixed:   self.logger.info(f"  [ERROR] Failed: {results['failed']}")


File: X:\Programs\agile-backlog-automation\supervisor\main.py
=============================================================
  Line 168: âŒ
    Current: print("\\nâŒ Workflow interrupted by user")
    Fixed:   print("\\n[ERROR] Workflow interrupted by user")

  Line 172: âŒ
    Current: print(f"âŒ Workflow failed: {e}")
    Fixed:   print(f"[ERROR] Workflow failed: {e}")

  Line 207: âŒ
    Current: print("âŒ Product vision is required")
    Fixed:   print("[ERROR] Product vision is required")

  Line 234: âŒ
    Current: print(f"âŒ Failed to load input file: {e}")
    Fixed:   print(f"[ERROR] Failed to load input file: {e}")

  Line 265: âŒ
    Current: print("âŒ Invalid choice")
    Fixed:   print("[ERROR] Invalid choice")

  Line 268: ğŸ”„
    Current: print(f"ğŸ”„ Resuming from stage: {resume_stage}")
    Fixed:   print(f"[RETRY] Resuming from stage: {resume_stage}")

  Line 273: âœ…
    Current: print(f"\\nâœ… Workflow completed successfully!")
    Fixed:   print(f"\\n[SUCCESS] Workflow completed successfully!")

  Line 278: âŒ
    Current: print(f"âŒ Failed to resume workflow: {e}")
    Fixed:   print(f"[ERROR] Failed to resume workflow: {e}")

  Line 298: âœ…
    Current: print(f"\\nâœ… Workflow completed successfully!")
    Fixed:   print(f"\\n[SUCCESS] Workflow completed successfully!")

  Line 308: âŒ
    Current: print(f"\\nâŒ Azure DevOps Integration Failed:")
    Fixed:   print(f"\\n[ERROR] Azure DevOps Integration Failed:")

  Line 317: ğŸ“Š
    Current: print("\\nğŸ“Š Execution Summary:")
    Fixed:   print("\\n[STATS] Execution Summary:")


File: X:\Programs\agile-backlog-automation\supervisor\supervisor.py
===================================================================
  Line 420: âŒ
    Current: self.logger.error(f"âŒ [{stage_name}] Error ensuring model is loaded: {e}")
    Fixed:   self.logger.error(f"[ERROR] [{stage_name}] Error ensuring model is loaded: {e}")

  Line 826: âŒ
    Current: self.logger.warning("âŒ Azure integration stage skipped (integrate_azure=False)")
    Fixed:   self.logger.warning("[ERROR] Azure integration stage skipped (integrate_azure=False)")

  Line 1337: âœ…
    Current: text = text.replace('âœ…', '[SUCCESS]')
    Fixed:   text = text.replace('[SUCCESS]', '[SUCCESS]')

  Line 1338: âŒ
    Current: text = text.replace('âŒ', '[FAILED]')
    Fixed:   text = text.replace('[ERROR]', '[FAILED]')

  Line 1340: ğŸ“Š
    Current: text = text.replace('ğŸ“Š', '[STATS]')
    Fixed:   text = text.replace('[STATS]', '[STATS]')

  Line 1341: ğŸ”
    Current: text = text.replace('ğŸ”', '[SEARCH]')
    Fixed:   text = text.replace('[SEARCH]', '[SEARCH]')

  Line 1346: ğŸ”§
    Current: text = text.replace('ğŸ”§', '[TOOL]')
    Fixed:   text = text.replace('[TOOL]', '[TOOL]')

  Line 1347: ğŸ“‹
    Current: text = text.replace('ğŸ“‹', '[CHECKLIST]')
    Fixed:   text = text.replace('[CONFIG]', '[CHECKLIST]')

  Line 1353: ğŸ”„
    Current: text = text.replace('ğŸ”„', '[REFRESH]')
    Fixed:   text = text.replace('[RETRY]', '[REFRESH]')

  Line 1358: âœ…
    Current: text = text.replace('\u2705', '[SUCCESS]')    # âœ…
    Fixed:   text = text.replace('\u2705', '[SUCCESS]')    # [SUCCESS]

  Line 1453: âŒ
    Current: self.logger.warning("âŒ Azure DevOps integration disabled (no Azure config provided)")
    Fixed:   self.logger.warning("[ERROR] Azure DevOps integration disabled (no Azure config provided)")

  Line 1464: âœ…
    Current: self.logger.info(self._sanitize_unicode_for_logging("âœ… Azure DevOps integrator is available"))
    Fixed:   self.logger.info(self._sanitize_unicode_for_logging("[SUCCESS] Azure DevOps integrator is available"))

  Line 2417: âœ…
    Current: report_lines.append("âœ… All features have test plans and all user stories have test cases")
    Fixed:   report_lines.append("[SUCCESS] All features have test plans and all user stories have test cases")


File: X:\Programs\agile-backlog-automation\tests\test_core_smoke.py
===================================================================
  Line 70: âœ…
    Current: print("âœ… SMOKE TEST PASSED: Product vision context flow working")
    Fixed:   print("[SUCCESS] SMOKE TEST PASSED: Product vision context flow working")

  Line 97: âœ…
    Current: print("âœ… SMOKE TEST PASSED: Agent prompt generation working")
    Fixed:   print("[SUCCESS] SMOKE TEST PASSED: Agent prompt generation working")

  Line 114: âœ…
    Current: print("âœ… SMOKE TEST PASSED: Template validation robust")
    Fixed:   print("[SUCCESS] SMOKE TEST PASSED: Template validation robust")

  Line 147: âœ…
    Current: print("âœ… SMOKE TEST PASSED: Workflow initialization working")
    Fixed:   print("[SUCCESS] SMOKE TEST PASSED: Workflow initialization working")


File: X:\Programs\agile-backlog-automation\tests\test_vision_integration.py
===========================================================================
  Line 89: âœ…
    Current: print("âœ… Step 1-4: Context flow validated")
    Fixed:   print("[SUCCESS] Step 1-4: Context flow validated")

  Line 106: âœ…
    Current: print("âœ… Step 5: Agent prompt generation validated")
    Fixed:   print("[SUCCESS] Step 5: Agent prompt generation validated")

  Line 130: âœ…
    Current: print("âœ… Step 6: Context preservation validated")
    Fixed:   print("[SUCCESS] Step 6: Context preservation validated")

  Line 158: âœ…
    Current: print("âœ… Template manager integration validated")
    Fixed:   print("[SUCCESS] Template manager integration validated")

  Line 210: âœ…
    Current: print("âœ… API server format compatibility validated")
    Fixed:   print("[SUCCESS] API server format compatibility validated")


File: X:\Programs\agile-backlog-automation\tools\analyze_and_suggest_test_case_organization.py
==============================================================================================
  Line 79: ğŸ”§
    Current: log(f"ğŸ”§ Initialized Test Case Analyzer")
    Fixed:   log(f"[TOOL] Initialized Test Case Analyzer")

  Line 114: âŒ
    Current: log(f"âŒ Error querying {work_item_type}: {e}")
    Fixed:   log(f"[ERROR] Error querying {work_item_type}: {e}")

  Line 474: ğŸ“‹
    Current: log(f"\nğŸ“‹ Generating User Story suggestions for {len(suggested_test_cases)} test cases...")
    Fixed:   log(f"\n[CONFIG] Generating User Story suggestions for {len(suggested_test_cases)} test cases...")

  Line 497: âœ…
    Current: log(f"\nâœ… Successfully moved test cases:")
    Fixed:   log(f"\n[SUCCESS] Successfully moved test cases:")

  Line 503: âœ…
    Current: log(f"\nâœ… Analysis {'simulation' if dry_run else 'completed'} successfully!")
    Fixed:   log(f"\n[SUCCESS] Analysis {'simulation' if dry_run else 'completed'} successfully!")

  Line 506: âŒ
    Current: log(f"âŒ Error during analysis: {e}")
    Fixed:   log(f"[ERROR] Error during analysis: {e}")

  Line 536: âŒ
    Current: log(f"âŒ Fatal error: {e}")
    Fixed:   log(f"[ERROR] Fatal error: {e}")


File: X:\Programs\agile-backlog-automation\tools\analyze_sweep_report.py
========================================================================
  Line 15: ğŸ”
    Current: print("ğŸ” Backlog Sweeper Report Analysis")
    Fixed:   print("[SEARCH] Backlog Sweeper Report Analysis")

  Line 20: ğŸ“Š
    Current: print(f"ğŸ“Š Summary:")
    Fixed:   print(f"[STATS] Summary:")

  Line 43: ğŸš¨
    Current: print("ğŸš¨ High Priority Issues by Type:")
    Fixed:   print("[ALERT] High Priority Issues by Type:")

  Line 48: ğŸ“‹
    Current: print("ğŸ“‹ High Priority Issues by Work Item Type:")
    Fixed:   print("[CONFIG] High Priority Issues by Work Item Type:")

  Line 53: ğŸ¤–
    Current: print("ğŸ¤– High Priority Issues by Suggested Agent:")
    Fixed:   print("[AI] High Priority Issues by Suggested Agent:")

  Line 86: ğŸ”§
    Current: print("   ğŸ”§ This suggests a hierarchy/linking problem rather than feature decomposition issues")
    Fixed:   print("   [TOOL] This suggests a hierarchy/linking problem rather than feature decomposition issues")

  Line 91: ğŸ”§
    Current: print("   ğŸ”§ Consider if these should be assigned to QA Lead Agent instead")
    Fixed:   print("   [TOOL] Consider if these should be assigned to QA Lead Agent instead")

  Line 101: âŒ
    Current: print(f"âŒ Report file not found: {report_file}")
    Fixed:   print(f"[ERROR] Report file not found: {report_file}")

  Line 104: âŒ
    Current: print(f"âŒ Error analyzing report: {e}")
    Fixed:   print(f"[ERROR] Error analyzing report: {e}")


File: X:\Programs\agile-backlog-automation\tools\api_server.py
==============================================================
  Line 517: âŒ
    Current: logger.error("âŒ Test log message - ERROR level")
    Fixed:   logger.error("[ERROR] Test log message - ERROR level")


File: X:\Programs\agile-backlog-automation\tools\auto_cleanup_ado.py
====================================================================
  Line 52: âœ…
    Current: print(f"âœ… Found {len(work_items)} work items to delete")
    Fixed:   print(f"[SUCCESS] Found {len(work_items)} work items to delete")

  Line 71: ğŸ“‹
    Current: print(f"\\nğŸ“‹ Work items to delete:")
    Fixed:   print(f"\\n[CONFIG] Work items to delete:")

  Line 92: âœ…
    Current: print(f"   âœ… Deleted work item #{work_item_id}")
    Fixed:   print(f"   [SUCCESS] Deleted work item #{work_item_id}")

  Line 95: âŒ
    Current: print(f"   âŒ Failed to delete work item #{work_item_id}: {response.status_code} - {response.text}")
    Fixed:   print(f"   [ERROR] Failed to delete work item #{work_item_id}: {response.status_code} - {response.text}")

  Line 102: âŒ
    Current: print(f"   âŒ Exception deleting work item #{work_item_id}: {e}")
    Fixed:   print(f"   [ERROR] Exception deleting work item #{work_item_id}: {e}")

  Line 110: âœ…
    Current: print("\\nâœ… All work items cleaned up successfully!")
    Fixed:   print("\\n[SUCCESS] All work items cleaned up successfully!")

  Line 115: âŒ
    Current: print(f"âŒ Failed to cleanup work items: {e}")
    Fixed:   print(f"[ERROR] Failed to cleanup work items: {e}")


File: X:\Programs\agile-backlog-automation\tools\bulk_delete_test_cases.py
==========================================================================
  Line 52: ğŸ”§
    Current: print(f"ğŸ”§ Initialized Bulk Test Case Deleter (Backlog Automation Project)")
    Fixed:   print(f"[TOOL] Initialized Bulk Test Case Deleter (Backlog Automation Project)")

  Line 65: ğŸ”
    Current: print("ğŸ” Querying test cases via WIQL from DataVis area path within Backlog Automation project...")
    Fixed:   print("[SEARCH] Querying test cases via WIQL from DataVis area path within Backlog Automation project...")

  Line 80: ğŸ“‹
    Current: print(f"ğŸ“‹ WIQL Query: {wiql_query}")
    Fixed:   print(f"[CONFIG] WIQL Query: {wiql_query}")

  Line 95: âœ…
    Current: print(f"âœ… Found {len(test_case_ids)} test cases")
    Fixed:   print(f"[SUCCESS] Found {len(test_case_ids)} test cases")

  Line 99: ğŸ“‹
    Current: print(f"\nğŸ“‹ ORIGINAL TEST CASE IDs FOUND:")
    Fixed:   print(f"\n[CONFIG] ORIGINAL TEST CASE IDs FOUND:")

  Line 108: âŒ
    Current: print(f"âŒ Error querying test cases: {e}")
    Fixed:   print(f"[ERROR] Error querying test cases: {e}")

  Line 131: âœ…
    Current: print(f"  âœ… Successfully deleted test case {test_case_id} from Backlog Automation project")
    Fixed:   print(f"  [SUCCESS] Successfully deleted test case {test_case_id} from Backlog Automation project")

  Line 134: âŒ
    Current: print(f"  âŒ Error deleting test case {test_case_id}: {response.status_code}")
    Fixed:   print(f"  [ERROR] Error deleting test case {test_case_id}: {response.status_code}")

  Line 139: âŒ
    Current: print(f"  âŒ Error deleting test case {test_case_id}: {e}")
    Fixed:   print(f"  [ERROR] Error deleting test case {test_case_id}: {e}")

  Line 163: ğŸ“‹
    Current: print(f"\nğŸ“‹ Processing {i}/{len(test_case_ids)}: Test Case {test_case_id}")
    Fixed:   print(f"\n[CONFIG] Processing {i}/{len(test_case_ids)}: Test Case {test_case_id}")

  Line 176: âŒ
    Current: print(f"  âŒ Exception: {e}")
    Fixed:   print(f"  [ERROR] Exception: {e}")

  Line 180: ğŸ“Š
    Current: print("ğŸ“Š BULK DELETION SUMMARY (Backlog Automation Project)")
    Fixed:   print("[STATS] BULK DELETION SUMMARY (Backlog Automation Project)")

  Line 187: âŒ
    Current: print(f"\nâŒ Errors encountered:")
    Fixed:   print(f"\n[ERROR] Errors encountered:")

  Line 211: âœ…
    Current: print("âœ… No test cases found to delete")
    Fixed:   print("[SUCCESS] No test cases found to delete")

  Line 215: ğŸ“‹
    Current: print(f"ğŸ“‹ All test cases in DataVis area path will be deleted: {len(test_case_ids)}")
    Fixed:   print(f"[CONFIG] All test cases in DataVis area path will be deleted: {len(test_case_ids)}")

  Line 219: ğŸ”
    Current: print(f"\nğŸ” TOP 5 WORK ITEM IDs FOR DELETION:")
    Fixed:   print(f"\n[SEARCH] TOP 5 WORK ITEM IDs FOR DELETION:")

  Line 234: âŒ
    Current: print("âŒ Deletion cancelled")
    Fixed:   print("[ERROR] Deletion cancelled")

  Line 255: âŒ
    Current: print(f"âŒ Error: {e}")
    Fixed:   print(f"[ERROR] Error: {e}")


File: X:\Programs\agile-backlog-automation\tools\bulk_delete_test_plans.py
==========================================================================
  Line 45: ğŸ”§
    Current: print(f"ğŸ”§ Initialized Bulk Test Plan Deleter (Backlog Automation Project)")
    Fixed:   print(f"[TOOL] Initialized Bulk Test Plan Deleter (Backlog Automation Project)")

  Line 57: ğŸ”
    Current: print("ğŸ” Querying test plans via WIQL from Backlog Automation project...")
    Fixed:   print("[SEARCH] Querying test plans via WIQL from Backlog Automation project...")

  Line 64: ğŸ“‹
    Current: print(f"ğŸ“‹ WIQL Query: {query}")
    Fixed:   print(f"[CONFIG] WIQL Query: {query}")

  Line 79: âœ…
    Current: print(f"âœ… Found {len(test_plan_ids)} test plans")
    Fixed:   print(f"[SUCCESS] Found {len(test_plan_ids)} test plans")

  Line 83: ğŸ“‹
    Current: print(f"\nğŸ“‹ ORIGINAL TEST PLAN IDs FOUND:")
    Fixed:   print(f"\n[CONFIG] ORIGINAL TEST PLAN IDs FOUND:")

  Line 92: âŒ
    Current: print(f"âŒ Error querying test plans: {e}")
    Fixed:   print(f"[ERROR] Error querying test plans: {e}")

  Line 115: âœ…
    Current: print(f"  âœ… Successfully deleted test plan {test_plan_id} from Backlog Automation project")
    Fixed:   print(f"  [SUCCESS] Successfully deleted test plan {test_plan_id} from Backlog Automation project")

  Line 121: âŒ
    Current: print(f"  âŒ Error deleting test plan {test_plan_id}: {response.status_code}")
    Fixed:   print(f"  [ERROR] Error deleting test plan {test_plan_id}: {response.status_code}")

  Line 126: âŒ
    Current: print(f"  âŒ Error deleting test plan {test_plan_id}: {e}")
    Fixed:   print(f"  [ERROR] Error deleting test plan {test_plan_id}: {e}")

  Line 150: ğŸ“‹
    Current: print(f"\nğŸ“‹ Processing {i}/{len(test_plan_ids)}: Test Plan {test_plan_id}")
    Fixed:   print(f"\n[CONFIG] Processing {i}/{len(test_plan_ids)}: Test Plan {test_plan_id}")

  Line 162: âŒ
    Current: print(f"  âŒ Exception: {e}")
    Fixed:   print(f"  [ERROR] Exception: {e}")

  Line 166: ğŸ“Š
    Current: print("ğŸ“Š BULK DELETION SUMMARY (Backlog Automation Project)")
    Fixed:   print("[STATS] BULK DELETION SUMMARY (Backlog Automation Project)")

  Line 173: âŒ
    Current: print(f"\nâŒ Errors encountered:")
    Fixed:   print(f"\n[ERROR] Errors encountered:")

  Line 197: âœ…
    Current: print("âœ… No test plans found to delete")
    Fixed:   print("[SUCCESS] No test plans found to delete")

  Line 201: ğŸ“‹
    Current: print(f"ğŸ“‹ All test plans will be deleted: {len(test_plan_ids)}")
    Fixed:   print(f"[CONFIG] All test plans will be deleted: {len(test_plan_ids)}")

  Line 205: ğŸ”
    Current: print(f"\nğŸ” TOP 5 WORK ITEM IDs FOR DELETION:")
    Fixed:   print(f"\n[SEARCH] TOP 5 WORK ITEM IDs FOR DELETION:")

  Line 216: âŒ
    Current: print("âŒ Deletion cancelled")
    Fixed:   print("[ERROR] Deletion cancelled")

  Line 237: âŒ
    Current: print(f"âŒ Error: {e}")
    Fixed:   print(f"[ERROR] Error: {e}")


File: X:\Programs\agile-backlog-automation\tools\check_ado_paths.py
===================================================================
  Line 15: ğŸ”
    Current: print("ğŸ” Checking Azure DevOps Area and Iteration Paths...")
    Fixed:   print("[SEARCH] Checking Azure DevOps Area and Iteration Paths...")

  Line 25: âŒ
    Current: print("âŒ Azure DevOps configuration incomplete")
    Fixed:   print("[ERROR] Azure DevOps configuration incomplete")

  Line 26: âœ…âŒ
    Current: print(f"   Organization: {'âœ…' if org_url else 'âŒ'}")
    Fixed:   print(f"   Organization: {'[SUCCESS]' if org_url else '[ERROR]'}")

  Line 27: âœ…âŒ
    Current: print(f"   Project: {'âœ…' if project else 'âŒ'}")
    Fixed:   print(f"   Project: {'[SUCCESS]' if project else '[ERROR]'}")

  Line 28: âœ…âŒ
    Current: print(f"   PAT: {'âœ…' if pat else 'âŒ'}")
    Fixed:   print(f"   PAT: {'[SUCCESS]' if pat else '[ERROR]'}")

  Line 40: âŒ
    Current: print("âŒ Integration not enabled")
    Fixed:   print("[ERROR] Integration not enabled")

  Line 64: âŒ
    Current: print(f"âŒ Failed to get area paths: {e}")
    Fixed:   print(f"[ERROR] Failed to get area paths: {e}")

  Line 87: âŒ
    Current: print(f"âŒ Failed to get iteration paths: {e}")
    Fixed:   print(f"[ERROR] Failed to get iteration paths: {e}")

  Line 119: âœ…
    Current: print(f"âœ… Epic created successfully without custom paths!")
    Fixed:   print(f"[SUCCESS] Epic created successfully without custom paths!")

  Line 124: âŒ
    Current: print(f"âŒ Epic creation failed: {response.status_code}")
    Fixed:   print(f"[ERROR] Epic creation failed: {response.status_code}")

  Line 128: âŒ
    Current: print(f"âŒ Epic creation error: {e}")
    Fixed:   print(f"[ERROR] Epic creation error: {e}")


File: X:\Programs\agile-backlog-automation\tools\check_azure_config.py
======================================================================
  Line 15: ğŸ”
    Current: print("ğŸ” Checking Azure DevOps Configuration")
    Fixed:   print("[SEARCH] Checking Azure DevOps Configuration")

  Line 24: âœ…âŒ
    Current: print(f"  AZURE_DEVOPS_PAT: {'âœ… Set' if pat else 'âŒ Not set'}")
    Fixed:   print(f"  AZURE_DEVOPS_PAT: {'[SUCCESS] Set' if pat else '[ERROR] Not set'}")

  Line 25: âœ…âŒ
    Current: print(f"  AZURE_DEVOPS_ORG: {'âœ… Set' if org else 'âŒ Not set'}")
    Fixed:   print(f"  AZURE_DEVOPS_ORG: {'[SUCCESS] Set' if org else '[ERROR] Not set'}")

  Line 26: âœ…âŒ
    Current: print(f"  AZURE_DEVOPS_PROJECT: {'âœ… Set' if project else 'âŒ Not set'}")
    Fixed:   print(f"  AZURE_DEVOPS_PROJECT: {'[SUCCESS] Set' if project else '[ERROR] Not set'}")

  Line 33: âœ…âŒ
    Current: print(f"  Organization URL: {'âœ… Set' if azure_config.get('organization_url') else 'âŒ Not set'}")
    Fixed:   print(f"  Organization URL: {'[SUCCESS] Set' if azure_config.get('organization_url') else '[ERROR] Not set'}")

  Line 34: âœ…âŒ
    Current: print(f"  Project: {'âœ… Set' if azure_config.get('project') else 'âŒ Not set'}")
    Fixed:   print(f"  Project: {'[SUCCESS] Set' if azure_config.get('project') else '[ERROR] Not set'}")

  Line 35: âœ…âŒ
    Current: print(f"  Area Path: {'âœ… Set' if azure_config.get('area_path') else 'âŒ Not set'}")
    Fixed:   print(f"  Area Path: {'[SUCCESS] Set' if azure_config.get('area_path') else '[ERROR] Not set'}")

  Line 36: âœ…âŒ
    Current: print(f"  Iteration Path: {'âœ… Set' if azure_config.get('iteration_path') else 'âŒ Not set'}")
    Fixed:   print(f"  Iteration Path: {'[SUCCESS] Set' if azure_config.get('iteration_path') else '[ERROR] Not set'}")

  Line 38: âŒ
    Current: print(f"  âŒ Error reading config: {e}")
    Fixed:   print(f"  [ERROR] Error reading config: {e}")

  Line 47: âœ…
    Current: print("âœ… Environment variables are configured")
    Fixed:   print("[SUCCESS] Environment variables are configured")

  Line 50: âŒ
    Current: print("âŒ Environment variables are missing")
    Fixed:   print("[ERROR] Environment variables are missing")


File: X:\Programs\agile-backlog-automation\tools\check_azure_integration.py
===========================================================================
  Line 12: ğŸ”
    Current: print("ğŸ” Checking Azure DevOps Integration Status")
    Fixed:   print("[SEARCH] Checking Azure DevOps Integration Status")

  Line 24: âŒ
    Current: print("âŒ No jobs found in database")
    Fixed:   print("[ERROR] No jobs found in database")

  Line 28: ğŸ“‹
    Current: print(f"ğŸ“‹ Latest Job: {job_id}")
    Fixed:   print(f"[CONFIG] Latest Job: {job_id}")

  Line 35: ğŸ“Š
    Current: print(f"\nğŸ“Š Job Summary:")
    Fixed:   print(f"\n[STATS] Job Summary:")

  Line 54: âŒ
    Current: print(f"\nâŒ No Azure DevOps integration data found")
    Fixed:   print(f"\n[ERROR] No Azure DevOps integration data found")

  Line 57: âŒ
    Current: print(f"âŒ Could not parse job summary JSON")
    Fixed:   print(f"[ERROR] Could not parse job summary JSON")

  Line 59: âŒ
    Current: print(f"âŒ No raw summary data found")
    Fixed:   print(f"[ERROR] No raw summary data found")

  Line 64: âŒ
    Current: print(f"âŒ Error checking database: {e}")
    Fixed:   print(f"[ERROR] Error checking database: {e}")


File: X:\Programs\agile-backlog-automation\tools\check_config.py
================================================================
  Line 11: ğŸ”
    Current: print("ğŸ” Checking Configuration")
    Fixed:   print("[SEARCH] Checking Configuration")

  Line 24: ğŸ“‹
    Current: print(f"ğŸ“‹ Epic Limits:")
    Fixed:   print(f"[CONFIG] Epic Limits:")

  Line 34: âœ…
    Current: print(f"âœ… This appears to be a production configuration (unlimited epics)")
    Fixed:   print(f"[SUCCESS] This appears to be a production configuration (unlimited epics)")

  Line 37: ğŸ”§
    Current: print(f"\nğŸ”§ Other Settings:")
    Fixed:   print(f"\n[TOOL] Other Settings:")

  Line 42: âŒ
    Current: print(f"âŒ Error loading config: {e}")
    Fixed:   print(f"[ERROR] Error loading config: {e}")


File: X:\Programs\agile-backlog-automation\tools\check_datavis_test_cases.py
============================================================================
  Line 33: ğŸ”
    Current: print("ğŸ” Checking for test cases in DataVis area path within Backlog Automation project...")
    Fixed:   print("[SEARCH] Checking for test cases in DataVis area path within Backlog Automation project...")

  Line 43: ğŸ“‹
    Current: print(f"ğŸ“‹ WIQL Query: {query}")
    Fixed:   print(f"[CONFIG] WIQL Query: {query}")

  Line 52: âœ…
    Current: print(f"âœ… Found {len(work_items)} test cases in DataVis area path")
    Fixed:   print(f"[SUCCESS] Found {len(work_items)} test cases in DataVis area path")

  Line 56: ğŸ“‹
    Current: print("ğŸ“‹ TEST CASES IN DATAVIS AREA PATH:")
    Fixed:   print("[CONFIG] TEST CASES IN DATAVIS AREA PATH:")

  Line 95: ğŸ“Š
    Current: print(f"\nğŸ“Š SUMMARY BY STATE:")
    Fixed:   print(f"\n[STATS] SUMMARY BY STATE:")

  Line 102: âœ…
    Current: print("âœ… No test cases found in DataVis area path")
    Fixed:   print("[SUCCESS] No test cases found in DataVis area path")

  Line 106: âŒ
    Current: print(f"âŒ Error: {e}")
    Fixed:   print(f"[ERROR] Error: {e}")


File: X:\Programs\agile-backlog-automation\tools\check_routes.py
================================================================
  Line 13: ğŸ”
    Current: print("ğŸ” Checking API Server Routes")
    Fixed:   print("[SEARCH] Checking API Server Routes")

  Line 21: âœ…
    Current: print("\nâœ… Route check complete")
    Fixed:   print("\n[SUCCESS] Route check complete")

  Line 24: âŒ
    Current: print(f"âŒ Error checking routes: {e}")
    Fixed:   print(f"[ERROR] Error checking routes: {e}")


File: X:\Programs\agile-backlog-automation\tools\check_section_headers.py
=========================================================================
  Line 68: âŒ
    Current: print(f"âŒ Error querying work items: {e}")
    Fixed:   print(f"[ERROR] Error querying work items: {e}")

  Line 79: ğŸ”„
    Current: print("ğŸ”„ Fetching work item details...")
    Fixed:   print("[RETRY] Fetching work item details...")

  Line 102: âŒ
    Current: print(f"âŒ Error fetching work items batch {batch_number}: {e}")
    Fixed:   print(f"[ERROR] Error fetching work items batch {batch_number}: {e}")

  Line 105: ğŸ“Š
    Current: print(f"ğŸ“Š Total work items fetched: {len(all_work_items)}")
    Fixed:   print(f"[STATS] Total work items fetched: {len(all_work_items)}")

  Line 167: ğŸ”
    Current: print("ğŸ” ALL SECTION HEADERS FOUND IN WORK ITEMS:")
    Fixed:   print("[SEARCH] ALL SECTION HEADERS FOUND IN WORK ITEMS:")

  Line 180: âŒ
    Current: print(f"âŒ Error during section header check: {e}")
    Fixed:   print(f"[ERROR] Error during section header check: {e}")


File: X:\Programs\agile-backlog-automation\tools\check_task_count.py
====================================================================
  Line 13: ğŸ”
    Current: print("ğŸ” Checking database...")
    Fixed:   print("[SEARCH] Checking database...")

  Line 16: âŒ
    Current: print("   âŒ Database file not found")
    Fixed:   print("   [ERROR] Database file not found")

  Line 26: ğŸ“‹
    Current: print(f"   ğŸ“‹ Available tables: {[table[0] for table in tables]}")
    Fixed:   print(f"   [CONFIG] Available tables: {[table[0] for table in tables]}")

  Line 35: ğŸ“Š
    Current: print(f"   ğŸ“Š Table '{table_name}' has {len(rows)} recent entries")
    Fixed:   print(f"   [STATS] Table '{table_name}' has {len(rows)} recent entries")

  Line 44: âŒ
    Current: print(f"   âŒ Database error: {e}")
    Fixed:   print(f"   [ERROR] Database error: {e}")

  Line 48: ğŸ“‹
    Current: print("\nğŸ“‹ Checking recent logs...")
    Fixed:   print("\n[CONFIG] Checking recent logs...")

  Line 79: ğŸ“Š
    Current: print(f"      ğŸ“Š Found stats: {line.strip()}")
    Fixed:   print(f"      [STATS] Found stats: {line.strip()}")

  Line 82: âŒ
    Current: print(f"   âŒ Error reading {log_file}: {e}")
    Fixed:   print(f"   [ERROR] Error reading {log_file}: {e}")

  Line 110: âŒ
    Current: print(f"      âŒ Error reading file: {e}")
    Fixed:   print(f"      [ERROR] Error reading file: {e}")

  Line 114: ğŸ”
    Current: print("ğŸ” Checking Task Count from Recent Process")
    Fixed:   print("[SEARCH] Checking Task Count from Recent Process")


File: X:\Programs\agile-backlog-automation\tools\check_workflow_data.py
=======================================================================
  Line 17: ğŸ”
    Current: print("ğŸ” Checking Current Workflow Data")
    Fixed:   print("[SEARCH] Checking Current Workflow Data")

  Line 46: âŒ
    Current: print(f"   âŒ Error loading file: {e}")
    Fixed:   print(f"   [ERROR] Error loading file: {e}")

  Line 48: âŒ
    Current: print("   âŒ No output files found")
    Fixed:   print("   [ERROR] No output files found")

  Line 50: âŒ
    Current: print("   âŒ Output directory not found")
    Fixed:   print("   [ERROR] Output directory not found")

  Line 59: ğŸ“Š
    Current: print(f"\nğŸ“Š Workflow Data Analysis: {filename}")
    Fixed:   print(f"\n[STATS] Workflow Data Analysis: {filename}")

  Line 64: âŒ
    Current: print("   âŒ Invalid workflow data format")
    Fixed:   print("   [ERROR] Invalid workflow data format")

  Line 71: âœ…
    Current: print(f"   âœ… {section}: Found")
    Fixed:   print(f"   [SUCCESS] {section}: Found")

  Line 73: âŒ
    Current: print(f"   âŒ {section}: Missing")
    Fixed:   print(f"   [ERROR] {section}: Missing")

  Line 147: ğŸ“‹
    Current: print(f"\nğŸ“‹ Sample Tasks (showing first 5):")
    Fixed:   print(f"\n[CONFIG] Sample Tasks (showing first 5):")

  Line 174: ğŸ”
    Current: print(f"\nğŸ” Checking Current Job Status")
    Fixed:   print(f"\n[SEARCH] Checking Current Job Status")

  Line 207: âŒ
    Current: print(f"   âŒ Error reading logs: {e}")
    Fixed:   print(f"   [ERROR] Error reading logs: {e}")

  Line 209: âŒ
    Current: print("   âŒ Log file not found")
    Fixed:   print("   [ERROR] Log file not found")


File: X:\Programs\agile-backlog-automation\tools\comprehensive_model_comparison.py
==================================================================================
  Line 50: âŒ
    Current: print(f"âŒ {model_name} failed: {e}")
    Fixed:   print(f"[ERROR] {model_name} failed: {e}")

  Line 55: ğŸ“‹
    Current: print(f"ğŸ“‹ Testing {model_name} backlog quality...")
    Fixed:   print(f"[CONFIG] Testing {model_name} backlog quality...")

  Line 88: âŒ
    Current: print(f"âŒ {model_name} backlog test failed: {e}")
    Fixed:   print(f"[ERROR] {model_name} backlog test failed: {e}")

  Line 93: ğŸ“Š
    Current: print("\nğŸ“Š Performance Comparison Results:")
    Fixed:   print("\n[STATS] Performance Comparison Results:")

  Line 100: ğŸ“Š
    Current: print(f"   ğŸ“Š Tokens: {result['tokens']}")
    Fixed:   print(f"   [STATS] Tokens: {result['tokens']}")

  Line 102: ğŸ’°
    Current: print(f"   ğŸ’° Cost: ${result['cost']:.4f}")
    Fixed:   print(f"   [COST] Cost: ${result['cost']:.4f}")

  Line 122: ğŸ“‹
    Current: print("\nğŸ“‹ Quality Comparison Results:")
    Fixed:   print("\n[CONFIG] Quality Comparison Results:")

  Line 129: ğŸ“Š
    Current: print(f"   ğŸ“Š Epics generated: {result['epic_count']}")
    Fixed:   print(f"   [STATS] Epics generated: {result['epic_count']}")

  Line 132: ğŸ“‹
    Current: print(f"   ğŸ“‹ Epic {i}: {epic.get('title', 'Unknown')}")
    Fixed:   print(f"   [CONFIG] Epic {i}: {epic.get('title', 'Unknown')}")

  Line 167: ğŸ“‹
    Current: print("\nğŸ“‹ Testing Quality...")
    Fixed:   print("\n[CONFIG] Testing Quality...")

  Line 209: âœ…
    Current: print("âœ… Comprehensive comparison completed!")
    Fixed:   print("[SUCCESS] Comprehensive comparison completed!")


File: X:\Programs\agile-backlog-automation\tools\create_github_issues.py
========================================================================
  Line 29: âœ…
    Current: print("âœ… Environment variables loaded")
    Fixed:   print("[SUCCESS] Environment variables loaded")

  Line 54: âœ…
    Current: print(f"âœ… Token validated successfully for user: {user_data.get('login', 'Unknown')}")
    Fixed:   print(f"[SUCCESS] Token validated successfully for user: {user_data.get('login', 'Unknown')}")

  Line 57: âŒ
    Current: print("âŒ Token is invalid or expired")
    Fixed:   print("[ERROR] Token is invalid or expired")

  Line 60: âŒ
    Current: print(f"âŒ Token validation failed: {response.status_code} - {response.text}")
    Fixed:   print(f"[ERROR] Token validation failed: {response.status_code} - {response.text}")

  Line 63: âŒ
    Current: print(f"âŒ Error validating token: {e}")
    Fixed:   print(f"[ERROR] Error validating token: {e}")

  Line 75: âœ…
    Current: print(f"âœ… Repository access confirmed: {repo_data.get('full_name', 'Unknown')}")
    Fixed:   print(f"[SUCCESS] Repository access confirmed: {repo_data.get('full_name', 'Unknown')}")

  Line 78: âŒ
    Current: print(f"âŒ Repository not found: {self.owner}/{self.repo}")
    Fixed:   print(f"[ERROR] Repository not found: {self.owner}/{self.repo}")

  Line 81: âŒ
    Current: print(f"âŒ No access to repository: {self.owner}/{self.repo}")
    Fixed:   print(f"[ERROR] No access to repository: {self.owner}/{self.repo}")

  Line 84: âŒ
    Current: print(f"âŒ Repository access test failed: {response.status_code} - {response.text}")
    Fixed:   print(f"[ERROR] Repository access test failed: {response.status_code} - {response.text}")

  Line 87: âŒ
    Current: print(f"âŒ Error testing repository access: {e}")
    Fixed:   print(f"[ERROR] Error testing repository access: {e}")

  Line 107: âœ…
    Current: print(f"âœ… Created issue #{issue['number']}: {title}")
    Fixed:   print(f"[SUCCESS] Created issue #{issue['number']}: {title}")

  Line 110: âŒ
    Current: print(f"âŒ Failed to create issue '{title}': {response.status_code} - {response.text}")
    Fixed:   print(f"[ERROR] Failed to create issue '{title}': {response.status_code} - {response.text}")

  Line 116: ğŸ”
    Current: print("ğŸ” Validating GitHub token and repository access...")
    Fixed:   print("[SEARCH] Validating GitHub token and repository access...")

  Line 118: âŒ
    Current: print("âŒ Token validation failed. Please check your token.")
    Fixed:   print("[ERROR] Token validation failed. Please check your token.")

  Line 122: âŒ
    Current: print("âŒ Repository access failed. Please check repository name and permissions.")
    Fixed:   print("[ERROR] Repository access failed. Please check repository name and permissions.")

  Line 147: âœ…
    Current: print(f"âœ… Successfully created {len(created_issues)} issues")
    Fixed:   print(f"[SUCCESS] Successfully created {len(created_issues)} issues")

  Line 155: ğŸš¨
    Current: "body": """## ğŸš¨ CRITICAL: Navigation Failure After Backlog Generation
    Fixed:   "body": """## [ALERT] CRITICAL: Navigation Failure After Backlog Generation

  Line 205: ğŸš¨
    Current: "body": """## ğŸš¨ CRITICAL: My Projects Screen Missing Progress and Logs
    Fixed:   "body": """## [ALERT] CRITICAL: My Projects Screen Missing Progress and Logs

  Line 257: ğŸš¨
    Current: "body": """## ğŸš¨ Critical Issue: Navigation Route Inconsistency
    Fixed:   "body": """## [ALERT] Critical Issue: Navigation Route Inconsistency

  Line 450: âœ…âŒ
    Current: Unicode characters like âœ…, âŒ, âš ï¸ are replaced with text equivalents like [SUCCESS], [FAILED], [WARNING].
    Fixed:   Unicode characters like [SUCCESS], [ERROR], âš ï¸ are replaced with text equivalents like [SUCCESS], [FAILED], [WARNING].

  Line 663: ğŸš¨
    Current: "body": """## ğŸš¨ Critical Issue: Exposed API Endpoints
    Fixed:   "body": """## [ALERT] Critical Issue: Exposed API Endpoints

  Line 727: ğŸš¨
    Current: "body": """## ğŸš¨ Critical Issue: No Automated Tests
    Fixed:   "body": """## [ALERT] Critical Issue: No Automated Tests

  Line 866: âŒ
    Current: print("âŒ Error: GITHUB_TOKEN environment variable not set")
    Fixed:   print("[ERROR] Error: GITHUB_TOKEN environment variable not set")

  Line 881: âŒ
    Current: print("âŒ Error: Invalid token format")
    Fixed:   print("[ERROR] Error: Invalid token format")

  Line 894: âŒ
    Current: print("âŒ Error: GitHub username/organization is required")
    Fixed:   print("[ERROR] Error: GitHub username/organization is required")

  Line 899: âŒ
    Current: print("âŒ Error: Repository name is required")
    Fixed:   print("[ERROR] Error: Repository name is required")

  Line 903: ğŸ“‹
    Current: print(f"\nğŸ“‹ About to create 18 issues in {owner}/{repo}")
    Fixed:   print(f"\n[CONFIG] About to create 18 issues in {owner}/{repo}")

  Line 908: âŒ
    Current: print("âŒ Cancelled")
    Fixed:   print("[ERROR] Cancelled")

  Line 924: âŒ
    Current: print("âŒ No issues were created. Please check your token and repository access.")
    Fixed:   print("[ERROR] No issues were created. Please check your token and repository access.")


File: X:\Programs\agile-backlog-automation\tools\debug_ollama_path.py
=====================================================================
  Line 12: ğŸ”
    Current: print("ğŸ” Debugging Ollama Path")
    Fixed:   print("[SEARCH] Debugging Ollama Path")

  Line 31: âœ…âŒ
    Current: print(f"   {expanded_path}: {'âœ…' if exists else 'âŒ'}")
    Fixed:   print(f"   {expanded_path}: {'[SUCCESS]' if exists else '[ERROR]'}")

  Line 81: âœ…
    Current: print("   âœ… Ollama service appears to be running on port 11434")
    Fixed:   print("   [SUCCESS] Ollama service appears to be running on port 11434")

  Line 83: âŒ
    Current: print("   âŒ Ollama service not found on port 11434")
    Fixed:   print("   [ERROR] Ollama service not found on port 11434")


File: X:\Programs\agile-backlog-automation\tools\debug_parallel_processing.py
=============================================================================
  Line 19: ğŸ”
    Current: print("ğŸ” Debugging Parallel Processing Configuration")
    Fixed:   print("[SEARCH] Debugging Parallel Processing Configuration")

  Line 30: ğŸ“‹
    Current: print("ğŸ“‹ Parallel Processing Configuration:")
    Fixed:   print("[CONFIG] Parallel Processing Configuration:")

  Line 53: ğŸ”
    Current: print("\nğŸ” Task Generation Parallel Processing Conditions")
    Fixed:   print("\n[SEARCH] Task Generation Parallel Processing Conditions")

  Line 82: ğŸ“Š
    Current: print(f"\nğŸ“Š Scenario: {scenario['name']}")
    Fixed:   print(f"\n[STATS] Scenario: {scenario['name']}")

  Line 104: âœ…
    Current: print(f"   âœ… Parallel processing would be used")
    Fixed:   print(f"   [SUCCESS] Parallel processing would be used")

  Line 106: âŒ
    Current: print(f"   âŒ Sequential processing would be used")
    Fixed:   print(f"   [ERROR] Sequential processing would be used")

  Line 121: ğŸ“‹
    Current: print("\nğŸ“‹ Log Analysis for Task Generation")
    Fixed:   print("\n[CONFIG] Log Analysis for Task Generation")

  Line 171: ğŸ”§
    Current: print("\nğŸ”§ Suggested Fixes for Parallel Processing")
    Fixed:   print("\n[TOOL] Suggested Fixes for Parallel Processing")

  Line 213: âœ…
    Current: print("\nâœ… Debug analysis complete!")
    Fixed:   print("\n[SUCCESS] Debug analysis complete!")

  Line 216: âŒ
    Current: print(f"\nâŒ Error during debug: {e}")
    Fixed:   print(f"\n[ERROR] Error during debug: {e}")


File: X:\Programs\agile-backlog-automation\tools\debug_test_suite_structure.py
==============================================================================
  Line 37: ğŸ”
    Current: print(f"ğŸ” Debugging test suite {test_suite_id}")
    Fixed:   print(f"[SEARCH] Debugging test suite {test_suite_id}")

  Line 47: ğŸ“‹
    Current: print("ğŸ“‹ Test Suite Work Item Structure:")
    Fixed:   print("[CONFIG] Test Suite Work Item Structure:")

  Line 79: ğŸ“‹
    Current: print(f"  ğŸ“‹ Extracted Plan ID: {plan_id}")
    Fixed:   print(f"  [CONFIG] Extracted Plan ID: {plan_id}")

  Line 82: ğŸ“‹
    Current: print(f"\nğŸ“‹ All Fields:")
    Fixed:   print(f"\n[CONFIG] All Fields:")

  Line 90: âŒ
    Current: print(f"âŒ Error getting test suite details: {response.status_code}")
    Fixed:   print(f"[ERROR] Error getting test suite details: {response.status_code}")

  Line 94: âŒ
    Current: print(f"âŒ Error: {e}")
    Fixed:   print(f"[ERROR] Error: {e}")


File: X:\Programs\agile-backlog-automation\tools\detect_unicode_issues.py
=========================================================================
  Line 27: âŒ
    Current: 'âŒ': '[ERROR]',
    Fixed:   '[ERROR]': '[ERROR]',

  Line 28: âœ…
    Current: 'âœ…': '[SUCCESS]',
    Fixed:   '[SUCCESS]': '[SUCCESS]',

  Line 30: ğŸ”
    Current: 'ğŸ”': '[SEARCH]',
    Fixed:   '[SEARCH]': '[SEARCH]',

  Line 31: ğŸ¤–
    Current: 'ğŸ¤–': '[AI]',
    Fixed:   '[AI]': '[AI]',

  Line 32: ğŸ“‹
    Current: 'ğŸ“‹': '[CONFIG]',
    Fixed:   '[CONFIG]': '[CONFIG]',

  Line 33: ğŸ“¦
    Current: 'ğŸ“¦': '[PACKAGE]',
    Fixed:   '[PACKAGE]': '[PACKAGE]',

  Line 34: ğŸ’°
    Current: 'ğŸ’°': '[COST]',
    Fixed:   '[COST]': '[COST]',

  Line 35: ğŸ“¤
    Current: 'ğŸ“¤': '[REQUEST]',
    Fixed:   '[REQUEST]': '[REQUEST]',

  Line 36: ğŸ“Š
    Current: 'ğŸ“Š': '[STATS]',
    Fixed:   '[STATS]': '[STATS]',

  Line 37: ğŸ”„
    Current: 'ğŸ”„': '[RETRY]',
    Fixed:   '[RETRY]': '[RETRY]',

  Line 38: ğŸ“¥
    Current: 'ğŸ“¥': '[DOWNLOAD]',
    Fixed:   '[DOWNLOAD]': '[DOWNLOAD]',

  Line 40: ğŸš¨
    Current: 'ğŸš¨': '[ALERT]',
    Fixed:   '[ALERT]': '[ALERT]',

  Line 41: ğŸ’¨
    Current: 'ğŸ’¨': '[FAST]',
    Fixed:   '[FAST]': '[FAST]',

  Line 42: ğŸ”§
    Current: 'ğŸ”§': '[TOOL]',
    Fixed:   '[TOOL]': '[TOOL]',


File: X:\Programs\agile-backlog-automation\tools\find_test_plans.py
===================================================================
  Line 40: ğŸ”
    Current: print("ğŸ” Finding test plans...")
    Fixed:   print("[SEARCH] Finding test plans...")

  Line 52: âœ…
    Current: print(f"âœ… Found {len(test_plan_ids)} test plans")
    Fixed:   print(f"[SUCCESS] Found {len(test_plan_ids)} test plans")

  Line 56: ğŸ“‹
    Current: print(f"\nğŸ“‹ Test Plan {plan_id}:")
    Fixed:   print(f"\n[CONFIG] Test Plan {plan_id}:")

  Line 82: âŒ
    Current: print(f"  âŒ Error getting suites: {suites_response.status_code}")
    Fixed:   print(f"  [ERROR] Error getting suites: {suites_response.status_code}")

  Line 85: âŒ
    Current: print(f"  âŒ Error getting plan details: {plan_response.status_code}")
    Fixed:   print(f"  [ERROR] Error getting plan details: {plan_response.status_code}")

  Line 90: âŒ
    Current: print(f"âŒ Error: {e}")
    Fixed:   print(f"[ERROR] Error: {e}")


File: X:\Programs\agile-backlog-automation\tools\fix_duplicate_code.py
======================================================================
  Line 38: âœ…
    Current: print(f"âœ… Removed {end_line - start_line} lines of duplicate code")
    Fixed:   print(f"[SUCCESS] Removed {end_line - start_line} lines of duplicate code")

  Line 48: âœ…
    Current: print("âœ… Duplicate code removal completed successfully")
    Fixed:   print("[SUCCESS] Duplicate code removal completed successfully")

  Line 50: âŒ
    Current: print("âŒ Failed to remove duplicate code")
    Fixed:   print("[ERROR] Failed to remove duplicate code")

  Line 52: âŒ
    Current: print(f"âŒ Error: {e}")
    Fixed:   print(f"[ERROR] Error: {e}")


File: X:\Programs\agile-backlog-automation\tools\fix_job_tracking.py
====================================================================
  Line 18: ğŸ”§
    Current: print(f"ğŸ”§ Fixing job tracking for: {job_id}")
    Fixed:   print(f"[TOOL] Fixing job tracking for: {job_id}")

  Line 42: âœ…
    Current: print(f"âœ… Successfully added job {job_id} to active jobs")
    Fixed:   print(f"[SUCCESS] Successfully added job {job_id} to active jobs")

  Line 45: âŒ
    Current: print(f"âŒ Failed to add job: {response.status_code} - {response.text}")
    Fixed:   print(f"[ERROR] Failed to add job: {response.status_code} - {response.text}")

  Line 49: âŒ
    Current: print("âŒ Cannot connect to API server. Make sure it's running on port 8000")
    Fixed:   print("[ERROR] Cannot connect to API server. Make sure it's running on port 8000")

  Line 52: âŒ
    Current: print(f"âŒ Error adding job: {e}")
    Fixed:   print(f"[ERROR] Error adding job: {e}")

  Line 62: âœ…
    Current: print(f"âœ… Job {job_id} is now tracked:")
    Fixed:   print(f"[SUCCESS] Job {job_id} is now tracked:")

  Line 68: âŒ
    Current: print(f"âŒ Job {job_id} still not found: {response.status_code}")
    Fixed:   print(f"[ERROR] Job {job_id} still not found: {response.status_code}")

  Line 72: âŒ
    Current: print(f"âŒ Error checking job status: {e}")
    Fixed:   print(f"[ERROR] Error checking job status: {e}")

  Line 79: ğŸ”§
    Current: print("ğŸ”§ Job Tracking Fix Tool")
    Fixed:   print("[TOOL] Job Tracking Fix Tool")

  Line 83: ğŸ”
    Current: print("ğŸ” Checking current job status...")
    Fixed:   print("[SEARCH] Checking current job status...")

  Line 85: âœ…
    Current: print("âœ… Job is already tracked - no fix needed")
    Fixed:   print("[SUCCESS] Job is already tracked - no fix needed")

  Line 89: ğŸ”§
    Current: print("\nğŸ”§ Attempting to fix job tracking...")
    Fixed:   print("\n[TOOL] Attempting to fix job tracking...")

  Line 91: ğŸ”
    Current: print("\nğŸ” Verifying fix...")
    Fixed:   print("\n[SEARCH] Verifying fix...")

  Line 99: âŒ
    Current: print("\nâŒ Fix applied but job still not tracked")
    Fixed:   print("\n[ERROR] Fix applied but job still not tracked")

  Line 102: âŒ
    Current: print("\nâŒ Failed to apply fix")
    Fixed:   print("\n[ERROR] Failed to apply fix")


File: X:\Programs\agile-backlog-automation\tools\fix_work_item_descriptions.py
==============================================================================
  Line 98: ğŸ“‹
    Current: print("ğŸ“‹ Fetching work item details...")
    Fixed:   print("[CONFIG] Fetching work item details...")

  Line 116: ğŸ“¥
    Current: print(f"ğŸ“¥ Fetched {len(batch_items)} items (batch {i//batch_size + 1})")
    Fixed:   print(f"[DOWNLOAD] Fetched {len(batch_items)} items (batch {i//batch_size + 1})")

  Line 119: âŒ
    Current: print(f"âŒ Failed to fetch batch starting at {i}: {e}")
    Fixed:   print(f"[ERROR] Failed to fetch batch starting at {i}: {e}")

  Line 121: ğŸ“Š
    Current: print(f"ğŸ“Š Total work items fetched: {len(work_items)}")
    Fixed:   print(f"[STATS] Total work items fetched: {len(work_items)}")

  Line 221: âŒ
    Current: print(f"âŒ Failed to update work item {work_item_id}: {e}")
    Fixed:   print(f"[ERROR] Failed to update work item {work_item_id}: {e}")

  Line 257: ğŸ”
    Current: print(f"\nğŸ” Found issue in {work_item_type} #{work_item_id}: {title[:50]}...")
    Fixed:   print(f"\n[SEARCH] Found issue in {work_item_type} #{work_item_id}: {title[:50]}...")

  Line 266: âœ…
    Current: print(f"   âœ… Fixed:    {fixed_preview}...")
    Fixed:   print(f"   [SUCCESS] Fixed:    {fixed_preview}...")

  Line 269: ğŸ”
    Current: print(f"   ğŸ” DRY RUN: Would update work item {work_item_id}")
    Fixed:   print(f"   [SEARCH] DRY RUN: Would update work item {work_item_id}")

  Line 272: ğŸ”„
    Current: print(f"   ğŸ”„ Updating work item {work_item_id}...")
    Fixed:   print(f"   [RETRY] Updating work item {work_item_id}...")

  Line 274: âœ…
    Current: print(f"   âœ… Successfully updated work item {work_item_id}")
    Fixed:   print(f"   [SUCCESS] Successfully updated work item {work_item_id}")

  Line 277: âŒ
    Current: print(f"   âŒ Failed to update work item {work_item_id}")
    Fixed:   print(f"   [ERROR] Failed to update work item {work_item_id}")

  Line 282: ğŸ“Š
    Current: print("ğŸ“Š SUMMARY:")
    Fixed:   print("[STATS] SUMMARY:")

  Line 314: âŒ
    Current: print("âŒ Operation cancelled")
    Fixed:   print("[ERROR] Operation cancelled")

  Line 320: âŒ
    Current: print(f"âŒ Configuration error: {e}")
    Fixed:   print(f"[ERROR] Configuration error: {e}")

  Line 323: âŒ
    Current: print("\nâŒ Operation cancelled by user")
    Fixed:   print("\n[ERROR] Operation cancelled by user")

  Line 326: âŒ
    Current: print(f"âŒ Unexpected error: {e}")
    Fixed:   print(f"[ERROR] Unexpected error: {e}")


File: X:\Programs\agile-backlog-automation\tools\list_test_plans.py
===================================================================
  Line 33: ğŸ”
    Current: print("ğŸ” Listing all test plans in Backlog Automation project...")
    Fixed:   print("[SEARCH] Listing all test plans in Backlog Automation project...")

  Line 43: ğŸ“‹
    Current: print(f"ğŸ“‹ WIQL Query: {query}")
    Fixed:   print(f"[CONFIG] WIQL Query: {query}")

  Line 53: âœ…
    Current: print(f"âœ… Found {len(test_plan_ids)} test plans")
    Fixed:   print(f"[SUCCESS] Found {len(test_plan_ids)} test plans")

  Line 57: ğŸ“‹
    Current: print("ğŸ“‹ TEST PLANS IN BACKLOG AUTOMATION PROJECT:")
    Fixed:   print("[CONFIG] TEST PLANS IN BACKLOG AUTOMATION PROJECT:")

  Line 92: ğŸ“Š
    Current: print(f"\nğŸ“Š SUMMARY BY STATE:")
    Fixed:   print(f"\n[STATS] SUMMARY BY STATE:")

  Line 99: âœ…
    Current: print("âœ… No test plans found")
    Fixed:   print("[SUCCESS] No test plans found")

  Line 103: âŒ
    Current: print(f"âŒ Error: {e}")
    Fixed:   print(f"[ERROR] Error: {e}")


File: X:\Programs\agile-backlog-automation\tools\migrate_db.py
==============================================================
  Line 57: âŒ
    Current: print(f"âŒ Database migration failed: {e}")
    Fixed:   print(f"[ERROR] Database migration failed: {e}")


File: X:\Programs\agile-backlog-automation\tools\migrate_db_add_creator.py
==========================================================================
  Line 19: âœ…
    Current: print("âœ… New database created with creator column.")
    Fixed:   print("[SUCCESS] New database created with creator column.")

  Line 34: âœ…
    Current: print("âœ… Creator column already exists. No migration needed.")
    Fixed:   print("[SUCCESS] Creator column already exists. No migration needed.")

  Line 37: ğŸ”§
    Current: print("ğŸ”§ Adding creator column to backlog_jobs table...")
    Fixed:   print("[TOOL] Adding creator column to backlog_jobs table...")

  Line 55: âœ…
    Current: print("âœ… Migration completed successfully!")
    Fixed:   print("[SUCCESS] Migration completed successfully!")

  Line 63: âœ…
    Current: print("âœ… Verification: creator column is now present in the table.")
    Fixed:   print("[SUCCESS] Verification: creator column is now present in the table.")

  Line 65: âŒ
    Current: print("âŒ Verification failed: creator column not found.")
    Fixed:   print("[ERROR] Verification failed: creator column not found.")

  Line 68: âŒ
    Current: print(f"âŒ Database migration failed: {e}")
    Fixed:   print(f"[ERROR] Database migration failed: {e}")


File: X:\Programs\agile-backlog-automation\tools\monitor_job.py
===============================================================
  Line 20: ğŸ”
    Current: print(f"ğŸ” Monitoring Job: {job_id}")
    Fixed:   print(f"[SEARCH] Monitoring Job: {job_id}")

  Line 45: ğŸ“Š
    Current: print(f"ğŸ“Š Progress: {progress}%")
    Fixed:   print(f"[STATS] Progress: {progress}%")

  Line 46: ğŸ¤–
    Current: print(f"ğŸ¤– Agent: {current_agent}")
    Fixed:   print(f"[AI] Agent: {current_agent}")

  Line 48: ğŸ”„
    Current: print(f"ğŸ”„ Status: {status}")
    Fixed:   print(f"[RETRY] Status: {status}")

  Line 51: âŒ
    Current: print(f"âŒ ERROR: {error}")
    Fixed:   print(f"[ERROR] ERROR: {error}")

  Line 64: ğŸ“Š
    Current: print(f"ğŸ“Š Final Progress: {progress}%")
    Fixed:   print(f"[STATS] Final Progress: {progress}%")

  Line 68: âŒ
    Current: print(f"âŒ ERROR: {error}")
    Fixed:   print(f"[ERROR] ERROR: {error}")

  Line 71: âœ…
    Current: print("âœ… SUCCESS!")
    Fixed:   print("[SUCCESS] SUCCESS!")

  Line 75: âŒ
    Current: print(f"âŒ API Error: {response.status_code}")
    Fixed:   print(f"[ERROR] API Error: {response.status_code}")

  Line 78: âŒ
    Current: print(f"âŒ Monitoring Error: {e}")
    Fixed:   print(f"[ERROR] Monitoring Error: {e}")


File: X:\Programs\agile-backlog-automation\tools\move_test_cases.py
===================================================================
  Line 89: âŒ
    Current: print(f"âŒ Error querying test cases: {e}")
    Fixed:   print(f"[ERROR] Error querying test cases: {e}")


File: X:\Programs\agile-backlog-automation\tools\optimize_ollama_gpu.py
=======================================================================
  Line 34: ğŸ”§
    Current: print("ğŸ”§ Applying optimized GPU configuration:")
    Fixed:   print("[TOOL] Applying optimized GPU configuration:")

  Line 52: ğŸ”„
    Current: print("ğŸ”„ Testing optimized configuration...")
    Fixed:   print("[RETRY] Testing optimized configuration...")

  Line 71: âœ…
    Current: print("âœ… Optimized configuration working!")
    Fixed:   print("[SUCCESS] Optimized configuration working!")

  Line 81: âœ…
    Current: print("âœ… GOOD: Response time under 2 minutes")
    Fixed:   print("[SUCCESS] GOOD: Response time under 2 minutes")

  Line 86: âŒ
    Current: print(f"âŒ Error: HTTP {response.status_code}")
    Fixed:   print(f"[ERROR] Error: HTTP {response.status_code}")

  Line 90: âŒ
    Current: print("âŒ Request timed out - configuration may need adjustment")
    Fixed:   print("[ERROR] Request timed out - configuration may need adjustment")

  Line 92: âŒ
    Current: print(f"âŒ Error: {e}")
    Fixed:   print(f"[ERROR] Error: {e}")

  Line 95: ğŸ“‹
    Current: print("ğŸ“‹ Optimization Recommendations:")
    Fixed:   print("[CONFIG] Optimization Recommendations:")


File: X:\Programs\agile-backlog-automation\tools\optimize_ollama_gpu_v2.py
==========================================================================
  Line 32: ğŸ”„
    Current: print(f"ğŸ”„ Testing {config['name']} configuration:")
    Fixed:   print(f"[RETRY] Testing {config['name']} configuration:")

  Line 70: âœ…
    Current: print(f"  âœ… Success: {duration:.2f} seconds")
    Fixed:   print(f"  [SUCCESS] Success: {duration:.2f} seconds")

  Line 77: âŒ
    Current: print(f"  âŒ Error: HTTP {response.status_code}")
    Fixed:   print(f"  [ERROR] Error: HTTP {response.status_code}")

  Line 84: âŒ
    Current: print(f"  âŒ Error: {e}")
    Fixed:   print(f"  [ERROR] Error: {e}")

  Line 99: âŒ
    Current: print("âŒ No working configuration found")
    Fixed:   print("[ERROR] No working configuration found")

  Line 139: ğŸ”„
    Current: print("ğŸ”„ Testing llama3.1:34b as alternative...")
    Fixed:   print("[RETRY] Testing llama3.1:34b as alternative...")

  Line 174: âœ…
    Current: print(f"âœ… 34B Model: {duration:.2f} seconds")
    Fixed:   print(f"[SUCCESS] 34B Model: {duration:.2f} seconds")

  Line 185: âŒ
    Current: print(f"âŒ 34B Error: HTTP {response.status_code}")
    Fixed:   print(f"[ERROR] 34B Error: HTTP {response.status_code}")

  Line 188: âŒ
    Current: print(f"âŒ 34B Error: {e}")
    Fixed:   print(f"[ERROR] 34B Error: {e}")


File: X:\Programs\agile-backlog-automation\tools\performance_comparison.py
==========================================================================
  Line 34: âœ…
    Current: print(f"âœ… {model_name} Results:")
    Fixed:   print(f"[SUCCESS] {model_name} Results:")

  Line 36: ğŸ“Š
    Current: print(f"   ğŸ“Š Tokens: {result['tokens_used']}")
    Fixed:   print(f"   [STATS] Tokens: {result['tokens_used']}")

  Line 38: ğŸ’°
    Current: print(f"   ğŸ’° Cost: ${client.estimate_cost(result['tokens_used'])['total_cost']:.4f}")
    Fixed:   print(f"   [COST] Cost: ${client.estimate_cost(result['tokens_used'])['total_cost']:.4f}")

  Line 51: âŒ
    Current: print(f"âŒ {model_name} failed: {e}")
    Fixed:   print(f"[ERROR] {model_name} failed: {e}")

  Line 78: ğŸ“Š
    Current: print("ğŸ“Š Performance Comparison:")
    Fixed:   print("[STATS] Performance Comparison:")

  Line 90: ğŸ’°
    Current: print(f"ğŸ’° Cost difference: {cost_ratio:.1f}x cheaper")
    Fixed:   print(f"[COST] Cost difference: {cost_ratio:.1f}x cheaper")

  Line 98: âœ…
    Current: print("âœ… Performance comparison completed!")
    Fixed:   print("[SUCCESS] Performance comparison completed!")


File: X:\Programs\agile-backlog-automation\tools\prompt_ab_tester.py
====================================================================
  Line 205: ğŸ“Š
    Current: print("\nğŸ“Š A/B TEST RESULTS")
    Fixed:   print("\n[STATS] A/B TEST RESULTS")


File: X:\Programs\agile-backlog-automation\tools\quick_comparison.py
====================================================================
  Line 42: âŒ
    Current: print(f"âŒ {model_name} failed: {e}")
    Fixed:   print(f"[ERROR] {model_name} failed: {e}")

  Line 58: ğŸ“Š
    Current: print("\nğŸ“Š COMPARISON RESULTS:")
    Fixed:   print("\n[STATS] COMPARISON RESULTS:")

  Line 65: ğŸ’°
    Current: print(f"   ğŸ’° Cost: ${result_8b['cost']:.4f}")
    Fixed:   print(f"   [COST] Cost: ${result_8b['cost']:.4f}")

  Line 71: ğŸ’°
    Current: print(f"   ğŸ’° Cost: ${result_70b['cost']:.4f}")
    Fixed:   print(f"   [COST] Cost: ${result_70b['cost']:.4f}")

  Line 81: ğŸ’°
    Current: print(f"   ğŸ’° 8B is {cost_ratio:.1f}x cheaper than 70B")
    Fixed:   print(f"   [COST] 8B is {cost_ratio:.1f}x cheaper than 70B")

  Line 91: ğŸ’°
    Current: print(f"   ğŸ’° Use 8B for cost optimization (much cheaper)")
    Fixed:   print(f"   [COST] Use 8B for cost optimization (much cheaper)")

  Line 93: ğŸ’°
    Current: print(f"   ğŸ’° Cost difference is minimal")
    Fixed:   print(f"   [COST] Cost difference is minimal")

  Line 100: âœ…
    Current: print("âœ… Only 8B model is working")
    Fixed:   print("[SUCCESS] Only 8B model is working")

  Line 103: ğŸ’°
    Current: print(f"   ğŸ’° Cost: ${result_8b['cost']:.4f}")
    Fixed:   print(f"   [COST] Cost: ${result_8b['cost']:.4f}")

  Line 106: âœ…
    Current: print("âœ… Only 70B model is working")
    Fixed:   print("[SUCCESS] Only 70B model is working")

  Line 109: ğŸ’°
    Current: print(f"   ğŸ’° Cost: ${result_70b['cost']:.4f}")
    Fixed:   print(f"   [COST] Cost: ${result_70b['cost']:.4f}")

  Line 112: âŒ
    Current: print("âŒ Both models failed")
    Fixed:   print("[ERROR] Both models failed")

  Line 115: âœ…
    Current: print("âœ… Quick comparison completed!")
    Fixed:   print("[SUCCESS] Quick comparison completed!")


File: X:\Programs\agile-backlog-automation\tools\recommend_model_config.py
==========================================================================
  Line 30: ğŸ”„
    Current: print(f"ğŸ”„ Testing {model['name']} ({model['description']})...")
    Fixed:   print(f"[RETRY] Testing {model['name']} ({model['description']})...")

  Line 66: âœ…
    Current: quality = "âœ… Valid JSON"
    Fixed:   quality = "[SUCCESS] Valid JSON"

  Line 77: âœ…
    Current: print(f"  âœ… {duration:.2f} seconds - {quality}")
    Fixed:   print(f"  [SUCCESS] {duration:.2f} seconds - {quality}")

  Line 80: âŒ
    Current: print(f"  âŒ Error: HTTP {response.status_code}")
    Fixed:   print(f"  [ERROR] Error: HTTP {response.status_code}")

  Line 85: âŒ
    Current: print(f"  âŒ Error: {e}")
    Fixed:   print(f"  [ERROR] Error: {e}")

  Line 93: ğŸ“Š
    Current: print("ğŸ“Š Performance Results:")
    Fixed:   print("[STATS] Performance Results:")

  Line 111: ğŸ”„
    Current: print(f"ğŸ”„ FALLBACK MODEL: {second_model['model']}")
    Fixed:   print(f"[RETRY] FALLBACK MODEL: {second_model['model']}")

  Line 115: ğŸ”§
    Current: print("ğŸ”§ Configuration Update:")
    Fixed:   print("[TOOL] Configuration Update:")


File: X:\Programs\agile-backlog-automation\tools\reorganize_test_cases_and_plans.py
===================================================================================
  Line 79: ğŸ”§
    Current: log(f"ğŸ”§ Initialized Test Case Reorganizer")
    Fixed:   log(f"[TOOL] Initialized Test Case Reorganizer")

  Line 118: âŒ
    Current: log(f"âŒ Error querying {work_item_type}: {e}")
    Fixed:   log(f"[ERROR] Error querying {work_item_type}: {e}")

  Line 247: âœ…
    Current: log(f"âœ… Created test plan: {plan_name} (ID: {plan['id']})")
    Fixed:   log(f"[SUCCESS] Created test plan: {plan_name} (ID: {plan['id']})")

  Line 251: âŒ
    Current: log(f"âŒ Error creating test plan {plan_name}: {e}")
    Fixed:   log(f"[ERROR] Error creating test plan {plan_name}: {e}")

  Line 273: âœ…
    Current: log(f"âœ… Created test suite: {suite_name} (ID: {suite['id']})")
    Fixed:   log(f"[SUCCESS] Created test suite: {suite_name} (ID: {suite['id']})")

  Line 277: âŒ
    Current: log(f"âŒ Error creating test suite {suite_name}: {e}")
    Fixed:   log(f"[ERROR] Error creating test suite {suite_name}: {e}")

  Line 296: âœ…
    Current: log(f"âœ… Added test case {test_case_id} to suite {suite_id}")
    Fixed:   log(f"[SUCCESS] Added test case {test_case_id} to suite {suite_id}")

  Line 300: âŒ
    Current: log(f"âŒ Error adding test case {test_case_id} to suite {suite_id}: {e}")
    Fixed:   log(f"[ERROR] Error adding test case {test_case_id} to suite {suite_id}: {e}")

  Line 351: ğŸ“Š
    Current: log(f"\nğŸ“Š Analysis Results:")
    Fixed:   log(f"\n[STATS] Analysis Results:")

  Line 358: ğŸ”§
    Current: log(f"\nğŸ”§ Creating test plans and suites...")
    Fixed:   log(f"\n[TOOL] Creating test plans and suites...")

  Line 412: âœ…
    Current: log(f"\nâœ… Reorganization {'simulation' if dry_run else 'completed'} successfully!")
    Fixed:   log(f"\n[SUCCESS] Reorganization {'simulation' if dry_run else 'completed'} successfully!")

  Line 415: âŒ
    Current: log(f"âŒ Error during reorganization: {e}")
    Fixed:   log(f"[ERROR] Error during reorganization: {e}")

  Line 445: âŒ
    Current: log(f"âŒ Fatal error: {e}")
    Fixed:   log(f"[ERROR] Fatal error: {e}")


File: X:\Programs\agile-backlog-automation\tools\restart_with_job_fix.py
========================================================================
  Line 18: ğŸ”„
    Current: print("ğŸ”„ Killing existing Python processes...")
    Fixed:   print("[RETRY] Killing existing Python processes...")

  Line 22: âœ…
    Current: print("âœ… Killed existing processes")
    Fixed:   print("[SUCCESS] Killed existing processes")

  Line 42: âœ…
    Current: print("âœ… API server started successfully")
    Fixed:   print("[SUCCESS] API server started successfully")

  Line 45: âŒ
    Current: print(f"âŒ Server started but health check failed: {response.status_code}")
    Fixed:   print(f"[ERROR] Server started but health check failed: {response.status_code}")

  Line 48: âŒ
    Current: print("âŒ Server not responding to health check")
    Fixed:   print("[ERROR] Server not responding to health check")

  Line 52: âŒ
    Current: print(f"âŒ Failed to start server: {e}")
    Fixed:   print(f"[ERROR] Failed to start server: {e}")

  Line 57: ğŸ”§
    Current: print(f"ğŸ”§ Adding job {job_id} to tracking...")
    Fixed:   print(f"[TOOL] Adding job {job_id} to tracking...")

  Line 80: âœ…
    Current: print(f"âœ… Successfully added job {job_id}")
    Fixed:   print(f"[SUCCESS] Successfully added job {job_id}")

  Line 83: âŒ
    Current: print(f"âŒ Failed to add job: {response.status_code} - {response.text}")
    Fixed:   print(f"[ERROR] Failed to add job: {response.status_code} - {response.text}")

  Line 87: âŒ
    Current: print(f"âŒ Error adding job: {e}")
    Fixed:   print(f"[ERROR] Error adding job: {e}")

  Line 97: âœ…
    Current: print(f"âœ… Job {job_id} is tracked:")
    Fixed:   print(f"[SUCCESS] Job {job_id} is tracked:")

  Line 103: âŒ
    Current: print(f"âŒ Job not found: {response.status_code}")
    Fixed:   print(f"[ERROR] Job not found: {response.status_code}")

  Line 107: âŒ
    Current: print(f"âŒ Error verifying job: {e}")
    Fixed:   print(f"[ERROR] Error verifying job: {e}")

  Line 114: ğŸ”§
    Current: print("ğŸ”§ API Server Restart with Job Fix")
    Fixed:   print("[TOOL] API Server Restart with Job Fix")

  Line 123: âŒ
    Current: print("âŒ Failed to start server")
    Fixed:   print("[ERROR] Failed to start server")

  Line 128: âŒ
    Current: print("âŒ Failed to add job to tracking")
    Fixed:   print("[ERROR] Failed to add job to tracking")

  Line 133: âŒ
    Current: print("âŒ Job not properly tracked")
    Fixed:   print("[ERROR] Job not properly tracked")


File: X:\Programs\agile-backlog-automation\tools\retry_failed_uploads.py
========================================================================
  Line 147: âœ…
    Current: print(f"\nâœ… Successfully recovered {results['success']} items!")
    Fixed:   print(f"\n[SUCCESS] Successfully recovered {results['success']} items!")

  Line 150: âŒ
    Current: print(f"\nâŒ {results['still_failed']} items still failed after retry")
    Fixed:   print(f"\n[ERROR] {results['still_failed']} items still failed after retry")

  Line 216: âœ…
    Current: print(f"âœ… Cleaned up {successful_count} successful items.")
    Fixed:   print(f"[SUCCESS] Cleaned up {successful_count} successful items.")


File: X:\Programs\agile-backlog-automation\tools\run_backlog_sweeper.py
=======================================================================
  Line 21: ğŸ”
    Current: print("ğŸ” Starting Backlog Sweeper for Backlog Automation Project")
    Fixed:   print("[SEARCH] Starting Backlog Sweeper for Backlog Automation Project")

  Line 37: âŒ
    Current: print("âŒ Error: AZURE_DEVOPS_PAT environment variable not set")
    Fixed:   print("[ERROR] Error: AZURE_DEVOPS_PAT environment variable not set")

  Line 40: ğŸ“‹
    Current: print(f"ğŸ“‹ Configuration:")
    Fixed:   print(f"[CONFIG] Configuration:")

  Line 48: ğŸ”§
    Current: print("ğŸ”§ Initializing Azure DevOps integrator...")
    Fixed:   print("[TOOL] Initializing Azure DevOps integrator...")

  Line 58: âŒ
    Current: print("âŒ Error: Azure DevOps integrator not enabled")
    Fixed:   print("[ERROR] Error: Azure DevOps integrator not enabled")

  Line 61: âœ…
    Current: print("âœ… Azure DevOps integrator initialized successfully")
    Fixed:   print("[SUCCESS] Azure DevOps integrator initialized successfully")

  Line 65: ğŸ”§
    Current: print("ğŸ”§ Initializing Backlog Sweeper Agent...")
    Fixed:   print("[TOOL] Initializing Backlog Sweeper Agent...")

  Line 67: âœ…
    Current: print("âœ… Backlog Sweeper Agent initialized successfully")
    Fixed:   print("[SUCCESS] Backlog Sweeper Agent initialized successfully")

  Line 80: âœ…
    Current: print(f"âœ… Backlog sweep completed in {duration:.2f} seconds")
    Fixed:   print(f"[SUCCESS] Backlog sweep completed in {duration:.2f} seconds")

  Line 84: ğŸ“Š
    Current: print("ğŸ“Š Sweep Results:")
    Fixed:   print("[STATS] Sweep Results:")

  Line 95: ğŸš¨
    Current: print(f"ğŸš¨ High Priority Issues: {high_priority_count}")
    Fixed:   print(f"[ALERT] High Priority Issues: {high_priority_count}")

  Line 103: ğŸ¤–
    Current: print("ğŸ¤– Issues by Suggested Agent:")
    Fixed:   print("[AI] Issues by Suggested Agent:")

  Line 131: ğŸš¨
    Current: print("ğŸš¨ CRITICAL ISSUES DETECTED:")
    Fixed:   print("[ALERT] CRITICAL ISSUES DETECTED:")

  Line 151: âœ…
    Current: print("âœ… No issues found - backlog is in good health!")
    Fixed:   print("[SUCCESS] No issues found - backlog is in good health!")

  Line 155: ğŸš¨
    Current: print("ğŸš¨ Critical issues found - immediate attention required!")
    Fixed:   print("[ALERT] Critical issues found - immediate attention required!")

  Line 160: âŒ
    Current: print(f"âŒ Error running backlog sweeper: {e}")
    Fixed:   print(f"[ERROR] Error running backlog sweeper: {e}")


File: X:\Programs\agile-backlog-automation\tools\run_pipeline.py
================================================================
  Line 51: ğŸ”§
    Current: print(f"ğŸ”§ Applied custom context: {list(custom_context.keys())}")
    Fixed:   print(f"[TOOL] Applied custom context: {list(custom_context.keys())}")

  Line 74: ğŸ”
    Current: print(f"ğŸ” Decomposing epic: {epic.get('title', 'Untitled Epic')}")
    Fixed:   print(f"[SEARCH] Decomposing epic: {epic.get('title', 'Untitled Epic')}")

  Line 85: ğŸ“‹
    Current: print(f"ğŸ“‹ Decomposing feature into user stories: {feature.get('title', 'Untitled Feature')}")
    Fixed:   print(f"[CONFIG] Decomposing feature into user stories: {feature.get('title', 'Untitled Feature')}")


File: X:\Programs\agile-backlog-automation\tools\simple_azure_test.py
=====================================================================
  Line 43: ğŸ”
    Current: print(f"ğŸ” Azure DevOps Configuration Analysis:")
    Fixed:   print(f"[SEARCH] Azure DevOps Configuration Analysis:")

  Line 64: âŒ
    Current: print(f"âŒ Azure integration enabled but missing required fields")
    Fixed:   print(f"[ERROR] Azure integration enabled but missing required fields")

  Line 70: âœ…
    Current: print(f"âœ… Auto-enabling Azure integration (all required fields present)")
    Fixed:   print(f"[SUCCESS] Auto-enabling Azure integration (all required fields present)")

  Line 73: âŒ
    Current: print(f"âŒ Cannot auto-enable Azure integration (missing required fields)")
    Fixed:   print(f"[ERROR] Cannot auto-enable Azure integration (missing required fields)")

  Line 82: ğŸ”§
    Current: print("\nğŸ”§ Testing Environment Variables")
    Fixed:   print("\n[TOOL] Testing Environment Variables")

  Line 89: âœ…âŒ
    Current: print(f"  AZURE_DEVOPS_PAT: {'âœ… Set' if pat else 'âŒ Not set'}")
    Fixed:   print(f"  AZURE_DEVOPS_PAT: {'[SUCCESS] Set' if pat else '[ERROR] Not set'}")

  Line 90: âœ…âŒ
    Current: print(f"  AZURE_DEVOPS_ORG: {'âœ… Set' if org else 'âŒ Not set'}")
    Fixed:   print(f"  AZURE_DEVOPS_ORG: {'[SUCCESS] Set' if org else '[ERROR] Not set'}")

  Line 91: âœ…âŒ
    Current: print(f"  AZURE_DEVOPS_PROJECT: {'âœ… Set' if project else 'âŒ Not set'}")
    Fixed:   print(f"  AZURE_DEVOPS_PROJECT: {'[SUCCESS] Set' if project else '[ERROR] Not set'}")

  Line 98: ğŸ”§
    Current: print("\nğŸ”§ Testing Supervisor Initialization")
    Fixed:   print("\n[TOOL] Testing Supervisor Initialization")

  Line 114: âœ…
    Current: print("âœ… WorkflowSupervisor initialized successfully")
    Fixed:   print("[SUCCESS] WorkflowSupervisor initialized successfully")

  Line 118: âœ…
    Current: print("âœ… Azure DevOps integration should work")
    Fixed:   print("[SUCCESS] Azure DevOps integration should work")

  Line 121: âŒ
    Current: print("âŒ Azure DevOps integration not available")
    Fixed:   print("[ERROR] Azure DevOps integration not available")

  Line 125: âŒ
    Current: print(f"âŒ Failed to initialize WorkflowSupervisor: {e}")
    Fixed:   print(f"[ERROR] Failed to initialize WorkflowSupervisor: {e}")

  Line 141: ğŸ“Š
    Current: print("ğŸ“Š Test Results Summary:")
    Fixed:   print("[STATS] Test Results Summary:")

  Line 142: âœ…âŒ
    Current: print(f"   Configuration Detection: {'âœ… PASS' if config_ok else 'âŒ FAIL'}")
    Fixed:   print(f"   Configuration Detection: {'[SUCCESS] PASS' if config_ok else '[ERROR] FAIL'}")

  Line 143: âœ…âŒ
    Current: print(f"   Environment Variables: {'âœ… PASS' if env_ok else 'âŒ FAIL'}")
    Fixed:   print(f"   Environment Variables: {'[SUCCESS] PASS' if env_ok else '[ERROR] FAIL'}")

  Line 144: âœ…âŒ
    Current: print(f"   Supervisor Initialization: {'âœ… PASS' if supervisor_ok else 'âŒ FAIL'}")
    Fixed:   print(f"   Supervisor Initialization: {'[SUCCESS] PASS' if supervisor_ok else '[ERROR] FAIL'}")


File: X:\Programs\agile-backlog-automation\tools\simple_comparison.py
=====================================================================
  Line 41: âŒ
    Current: print(f"âŒ {model_name}: {e}")
    Fixed:   print(f"[ERROR] {model_name}: {e}")

  Line 57: ğŸ“Š
    Current: print("\nğŸ“Š RESULTS:")
    Fixed:   print("\n[STATS] RESULTS:")


File: X:\Programs\agile-backlog-automation\tools\test_70b_model.py
==================================================================
  Line 32: âœ…
    Current: print("âœ… Generation successful!")
    Fixed:   print("[SUCCESS] Generation successful!")

  Line 35: ğŸ“Š
    Current: print(f"ğŸ“Š Tokens: {result['tokens_used']}")
    Fixed:   print(f"[STATS] Tokens: {result['tokens_used']}")

  Line 39: ğŸ’°
    Current: print(f"ğŸ’° Cost: ${cost['total_cost']:.4f}")
    Fixed:   print(f"[COST] Cost: ${cost['total_cost']:.4f}")

  Line 44: âŒ
    Current: print(f"âŒ Test failed: {e}")
    Fixed:   print(f"[ERROR] Test failed: {e}")

  Line 49: ğŸ¤–
    Current: print("\nğŸ¤– Testing Agent Integration")
    Fixed:   print("\n[AI] Testing Agent Integration")

  Line 63: âœ…
    Current: print(f"âœ… Agent initialized with provider: {agent.llm_provider}")
    Fixed:   print(f"[SUCCESS] Agent initialized with provider: {agent.llm_provider}")

  Line 77: âœ…
    Current: print("âœ… Agent generation successful!")
    Fixed:   print("[SUCCESS] Agent generation successful!")

  Line 83: âŒ
    Current: print(f"âŒ Agent integration failed: {e}")
    Fixed:   print(f"[ERROR] Agent integration failed: {e}")

  Line 98: âœ…
    Current: print("âœ… All tests passed! 8B model is working perfectly!")
    Fixed:   print("[SUCCESS] All tests passed! 8B model is working perfectly!")

  Line 100: âŒ
    Current: print("âŒ Some tests failed. Check the error messages above.")
    Fixed:   print("[ERROR] Some tests failed. Check the error messages above.")


File: X:\Programs\agile-backlog-automation\tools\test_ado_config.py
===================================================================
  Line 15: ğŸ”
    Current: print("ğŸ” Testing Azure DevOps Configuration")
    Fixed:   print("[SEARCH] Testing Azure DevOps Configuration")

  Line 24: âœ…âŒ
    Current: print(f"ğŸ”— AZURE_DEVOPS_ORG: {'âœ… Set' if ado_org else 'âŒ Not set'}")
    Fixed:   print(f"ğŸ”— AZURE_DEVOPS_ORG: {'[SUCCESS] Set' if ado_org else '[ERROR] Not set'}")

  Line 25: ğŸ“‹âœ…âŒ
    Current: print(f"ğŸ“‹ AZURE_DEVOPS_PROJECT: {'âœ… Set' if ado_project else 'âŒ Not set'}")
    Fixed:   print(f"[CONFIG] AZURE_DEVOPS_PROJECT: {'[SUCCESS] Set' if ado_project else '[ERROR] Not set'}")

  Line 26: âœ…âŒ
    Current: print(f"ğŸ”‘ AZURE_DEVOPS_PAT: {'âœ… Set' if ado_pat else 'âŒ Not set'}")
    Fixed:   print(f"ğŸ”‘ AZURE_DEVOPS_PAT: {'[SUCCESS] Set' if ado_pat else '[ERROR] Not set'}")

  Line 29: âŒ
    Current: print("\nâŒ Azure DevOps not fully configured")
    Fixed:   print("\n[ERROR] Azure DevOps not fully configured")

  Line 35: âœ…
    Current: print("âœ… Config loaded successfully")
    Fixed:   print("[SUCCESS] Config loaded successfully")

  Line 47: âœ…
    Current: print(f"âœ… ADO Integrator initialized")
    Fixed:   print(f"[SUCCESS] ADO Integrator initialized")

  Line 53: âœ…
    Current: print("âœ… Test Management client available")
    Fixed:   print("[SUCCESS] Test Management client available")

  Line 59: âœ…
    Current: print(f"âœ… ADO API connectivity working - found {len(existing_plans.get('value', []))} existing test plans")
    Fixed:   print(f"[SUCCESS] ADO API connectivity working - found {len(existing_plans.get('value', []))} existing test plans")

  Line 62: âŒ
    Current: print(f"âŒ ADO API connectivity failed: {e}")
    Fixed:   print(f"[ERROR] ADO API connectivity failed: {e}")

  Line 65: âŒ
    Current: print("âŒ Test Management client not available")
    Fixed:   print("[ERROR] Test Management client not available")

  Line 69: âŒ
    Current: print(f"âŒ Configuration test failed: {e}")
    Fixed:   print(f"[ERROR] Configuration test failed: {e}")

  Line 78: âœ…
    Current: print("âœ… End-to-end testing should create visible test artifacts in ADO")
    Fixed:   print("[SUCCESS] End-to-end testing should create visible test artifacts in ADO")

  Line 81: âŒ
    Current: print("âŒ End-to-end testing will use mock mode only")
    Fixed:   print("[ERROR] End-to-end testing will use mock mode only")


File: X:\Programs\agile-backlog-automation\tools\test_ado_connection.py
=======================================================================
  Line 13: âŒ
    Current: print("âŒ Missing environment variables")
    Fixed:   print("[ERROR] Missing environment variables")

  Line 20: ğŸ”
    Current: print("ğŸ” Testing project access...")
    Fixed:   print("[SEARCH] Testing project access...")

  Line 32: ğŸ”
    Current: print("\nğŸ” Checking for test cases...")
    Fixed:   print("\n[SEARCH] Checking for test cases...")

  Line 53: ğŸ”
    Current: print("\nğŸ” Checking for test plans...")
    Fixed:   print("\n[SEARCH] Checking for test plans...")


File: X:\Programs\agile-backlog-automation\tools\test_ado_connectivity.py
=========================================================================
  Line 15: ğŸ”
    Current: print("ğŸ” Testing Azure DevOps API Connectivity")
    Fixed:   print("[SEARCH] Testing Azure DevOps API Connectivity")

  Line 24: âœ…âŒ
    Current: print(f"ğŸ”— AZURE_DEVOPS_ORG: {'âœ… Set' if ado_org else 'âŒ Not set'}")
    Fixed:   print(f"ğŸ”— AZURE_DEVOPS_ORG: {'[SUCCESS] Set' if ado_org else '[ERROR] Not set'}")

  Line 25: ğŸ“‹âœ…âŒ
    Current: print(f"ğŸ“‹ AZURE_DEVOPS_PROJECT: {'âœ… Set' if ado_project else 'âŒ Not set'}")
    Fixed:   print(f"[CONFIG] AZURE_DEVOPS_PROJECT: {'[SUCCESS] Set' if ado_project else '[ERROR] Not set'}")

  Line 26: âœ…âŒ
    Current: print(f"ğŸ”‘ AZURE_DEVOPS_PAT: {'âœ… Set' if ado_pat else 'âŒ Not set'}")
    Fixed:   print(f"ğŸ”‘ AZURE_DEVOPS_PAT: {'[SUCCESS] Set' if ado_pat else '[ERROR] Not set'}")

  Line 29: âŒ
    Current: print("\nâŒ Azure DevOps not fully configured")
    Fixed:   print("\n[ERROR] Azure DevOps not fully configured")

  Line 42: âœ…
    Current: print(f"âœ… API connectivity successful!")
    Fixed:   print(f"[SUCCESS] API connectivity successful!")

  Line 52: âœ…
    Current: print("âœ… Work Items API accessible")
    Fixed:   print("[SUCCESS] Work Items API accessible")

  Line 62: âœ…
    Current: print(f"âœ… Test Management API accessible - {len(test_plans.get('value', []))} test plans found")
    Fixed:   print(f"[SUCCESS] Test Management API accessible - {len(test_plans.get('value', []))} test plans found")

  Line 69: âŒ
    Current: print(f"âŒ API connectivity failed: {response.status_code}")
    Fixed:   print(f"[ERROR] API connectivity failed: {response.status_code}")

  Line 74: âŒ
    Current: print(f"âŒ Connectivity test failed: {e}")
    Fixed:   print(f"[ERROR] Connectivity test failed: {e}")

  Line 83: âœ…
    Current: print("âœ… Basic integration is possible")
    Fixed:   print("[SUCCESS] Basic integration is possible")

  Line 87: âŒ
    Current: print("âŒ Check your credentials and project settings")
    Fixed:   print("[ERROR] Check your credentials and project settings")


File: X:\Programs\agile-backlog-automation\tools\test_ado_permissions.py
========================================================================
  Line 15: ğŸ”
    Current: print("ğŸ” Testing various Azure DevOps API endpoints...")
    Fixed:   print("[SEARCH] Testing various Azure DevOps API endpoints...")

  Line 21: âŒ
    Current: print("âŒ Integration not enabled")
    Fixed:   print("[ERROR] Integration not enabled")

  Line 87: âœ…
    Current: print(f"   âœ… SUCCESS ({response.status_code})")
    Fixed:   print(f"   [SUCCESS] SUCCESS ({response.status_code})")

  Line 101: âŒ
    Current: print(f"   âŒ FAILED ({response.status_code})")
    Fixed:   print(f"   [ERROR] FAILED ({response.status_code})")

  Line 110: âŒ
    Current: print(f"   âŒ ERROR: {e}")
    Fixed:   print(f"   [ERROR] ERROR: {e}")

  Line 144: âœ…
    Current: print(f"âœ… Found {len(work_items)} User Stories")
    Fixed:   print(f"[SUCCESS] Found {len(work_items)} User Stories")

  Line 154: âœ…
    Current: print(f"âœ… Retrieved details for {len(details.get('value', []))} work items")
    Fixed:   print(f"[SUCCESS] Retrieved details for {len(details.get('value', []))} work items")

  Line 169: âŒ
    Current: print(f"âŒ Failed to get work item details: {details_response.status_code}")
    Fixed:   print(f"[ERROR] Failed to get work item details: {details_response.status_code}")

  Line 171: âŒ
    Current: print(f"âŒ WIQL query failed: {response.status_code}")
    Fixed:   print(f"[ERROR] WIQL query failed: {response.status_code}")

  Line 175: âŒ
    Current: print(f"âŒ Query test failed: {e}")
    Fixed:   print(f"[ERROR] Query test failed: {e}")


File: X:\Programs\agile-backlog-automation\tools\test_all_agents_timeout.py
===========================================================================
  Line 75: âœ…
    Current: print(f"âœ… Epic generation: {len(epics)} epics generated")
    Fixed:   print(f"[SUCCESS] Epic generation: {len(epics)} epics generated")

  Line 82: âœ…
    Current: print(f"âœ… Feature decomposition: {len(features)} features generated")
    Fixed:   print(f"[SUCCESS] Feature decomposition: {len(features)} features generated")

  Line 89: âœ…
    Current: print(f"âœ… User story decomposition: {len(user_stories)} stories generated")
    Fixed:   print(f"[SUCCESS] User story decomposition: {len(user_stories)} stories generated")

  Line 96: âœ…
    Current: print(f"âœ… Task generation: {len(tasks)} tasks generated")
    Fixed:   print(f"[SUCCESS] Task generation: {len(tasks)} tasks generated")

  Line 101: âŒ
    Current: print(f"âŒ Test failed with exception: {e}")
    Fixed:   print(f"[ERROR] Test failed with exception: {e}")


File: X:\Programs\agile-backlog-automation\tools\test_api_parameter.py
======================================================================
  Line 51: âœ…
    Current: print("âœ… API correctly received includeTestArtifacts=False")
    Fixed:   print("[SUCCESS] API correctly received includeTestArtifacts=False")

  Line 54: âŒ
    Current: print(f"âŒ API received incorrect value: {include_test}")
    Fixed:   print(f"[ERROR] API received incorrect value: {include_test}")

  Line 57: âŒ
    Current: print(f"âŒ API request failed: {result}")
    Fixed:   print(f"[ERROR] API request failed: {result}")

  Line 61: âŒ
    Current: print(f"âŒ Error: {str(e)}")
    Fixed:   print(f"[ERROR] Error: {str(e)}")

  Line 66: âœ…
    Current: print("\nâœ… API parameter test PASSED")
    Fixed:   print("\n[SUCCESS] API parameter test PASSED")

  Line 68: âŒ
    Current: print("\nâŒ API parameter test FAILED")
    Fixed:   print("\n[ERROR] API parameter test FAILED")


File: X:\Programs\agile-backlog-automation\tools\test_api_timeout.py
====================================================================
  Line 18: âœ…
    Current: print(f"âœ… Test endpoint response: {response.status_code}")
    Fixed:   print(f"[SUCCESS] Test endpoint response: {response.status_code}")

  Line 21: âŒ
    Current: print(f"âŒ Test endpoint failed: {e}")
    Fixed:   print(f"[ERROR] Test endpoint failed: {e}")

  Line 53: âœ…
    Current: print(f"âœ… Project creation response: {response.status_code}")
    Fixed:   print(f"[SUCCESS] Project creation response: {response.status_code}")

  Line 71: âœ…
    Current: print(f"âœ… Backlog generation response: {response.status_code}")
    Fixed:   print(f"[SUCCESS] Backlog generation response: {response.status_code}")

  Line 77: âŒ
    Current: print(f"âŒ FAILED: Unexpected status code: {response.status_code}")
    Fixed:   print(f"[ERROR] FAILED: Unexpected status code: {response.status_code}")

  Line 80: âŒ
    Current: print("âŒ TIMEOUT: Backlog generation request timed out after 60 seconds")
    Fixed:   print("[ERROR] TIMEOUT: Backlog generation request timed out after 60 seconds")

  Line 82: âŒ
    Current: print(f"âŒ ERROR: Backlog generation failed: {e}")
    Fixed:   print(f"[ERROR] ERROR: Backlog generation failed: {e}")

  Line 84: âŒ
    Current: print("âŒ FAILED: Could not extract project ID from response")
    Fixed:   print("[ERROR] FAILED: Could not extract project ID from response")

  Line 87: âŒ
    Current: print("âŒ TIMEOUT: Project creation request timed out")
    Fixed:   print("[ERROR] TIMEOUT: Project creation request timed out")

  Line 89: âŒ
    Current: print(f"âŒ ERROR: Project creation failed: {e}")
    Fixed:   print(f"[ERROR] ERROR: Project creation failed: {e}")

  Line 92: ğŸ”§
    Current: print("ğŸ”§ API Timeout Test Script")
    Fixed:   print("[TOOL] API Timeout Test Script")


File: X:\Programs\agile-backlog-automation\tools\test_azure_integration_fix.py
==============================================================================
  Line 45: âœ…
    Current: print("âœ… Successfully imported unified API server")
    Fixed:   print("[SUCCESS] Successfully imported unified API server")

  Line 56: âœ…
    Current: print(f"âœ… Project creation response: {project_result}")
    Fixed:   print(f"[SUCCESS] Project creation response: {project_result}")

  Line 58: âœ…
    Current: print(f"âœ… Project created with ID: {project_id}")
    Fixed:   print(f"[SUCCESS] Project created with ID: {project_id}")

  Line 61: âŒ
    Current: print("âŒ No project ID returned, cannot proceed")
    Fixed:   print("[ERROR] No project ID returned, cannot proceed")

  Line 71: âœ…
    Current: print(f"âœ… Backlog generation started with job ID: {job_id}")
    Fixed:   print(f"[SUCCESS] Backlog generation started with job ID: {job_id}")

  Line 74: ğŸ“Š
    Current: print(f"\nğŸ“Š Monitoring job {job_id}...")
    Fixed:   print(f"\n[STATS] Monitoring job {job_id}...")

  Line 90: âœ…
    Current: print("âœ… Job completed successfully!")
    Fixed:   print("[SUCCESS] Job completed successfully!")

  Line 94: âŒ
    Current: print(f"âŒ Job failed: {error}")
    Fixed:   print(f"[ERROR] Job failed: {error}")

  Line 104: âŒ
    Current: print(f"âŒ Failed to start backlog generation: {response.status_code}")
    Fixed:   print(f"[ERROR] Failed to start backlog generation: {response.status_code}")

  Line 108: âŒ
    Current: print(f"âŒ Failed to create project: {response.status_code}")
    Fixed:   print(f"[ERROR] Failed to create project: {response.status_code}")

  Line 112: âŒ
    Current: print(f"âŒ Error during test: {e}")
    Fixed:   print(f"[ERROR] Error during test: {e}")


File: X:\Programs\agile-backlog-automation\tools\test_backend_fix.py
====================================================================
  Line 16: âœ…
    Current: print("âœ… Backend health check passed")
    Fixed:   print("[SUCCESS] Backend health check passed")

  Line 19: âŒ
    Current: print(f"âŒ Backend health check failed: {response.status_code}")
    Fixed:   print(f"[ERROR] Backend health check failed: {response.status_code}")

  Line 22: âŒ
    Current: print(f"âŒ Backend health check failed: {e}")
    Fixed:   print(f"[ERROR] Backend health check failed: {e}")

  Line 58: âœ…
    Current: print(f"âœ… Project created successfully: {project_id}")
    Fixed:   print(f"[SUCCESS] Project created successfully: {project_id}")

  Line 61: âŒ
    Current: print(f"âŒ Project creation failed: {response.status_code}")
    Fixed:   print(f"[ERROR] Project creation failed: {response.status_code}")

  Line 65: âŒ
    Current: print(f"âŒ Project creation failed: {e}")
    Fixed:   print(f"[ERROR] Project creation failed: {e}")

  Line 82: âœ…
    Current: print(f"âœ… Backlog generation started: {job_id}")
    Fixed:   print(f"[SUCCESS] Backlog generation started: {job_id}")

  Line 101: ğŸ“Š
    Current: print(f"ğŸ“Š Status: {status}, Progress: {progress}%, Action: {current_action}")
    Fixed:   print(f"[STATS] Status: {status}, Progress: {progress}%, Action: {current_action}")

  Line 104: âœ…
    Current: print("âœ… Backlog generation completed successfully!")
    Fixed:   print("[SUCCESS] Backlog generation completed successfully!")

  Line 108: âŒ
    Current: print(f"âŒ Backlog generation failed: {error}")
    Fixed:   print(f"[ERROR] Backlog generation failed: {error}")

  Line 121: âŒ
    Current: print(f"âŒ Backlog generation start failed: {response.status_code}")
    Fixed:   print(f"[ERROR] Backlog generation start failed: {response.status_code}")

  Line 125: âŒ
    Current: print(f"âŒ Backlog generation test failed: {e}")
    Fixed:   print(f"[ERROR] Backlog generation test failed: {e}")

  Line 135: âŒ
    Current: print("âŒ Backend is not running or not healthy")
    Fixed:   print("[ERROR] Backend is not running or not healthy")

  Line 141: âŒ
    Current: print("âŒ Project creation failed")
    Fixed:   print("[ERROR] Project creation failed")

  Line 152: âŒ
    Current: print("âŒ Some tests failed. Backend may still have issues.")
    Fixed:   print("[ERROR] Some tests failed. Backend may still have issues.")


File: X:\Programs\agile-backlog-automation\tools\test_backlog_with_8b.py
========================================================================
  Line 42: ğŸ“‹
    Current: print("ğŸ“‹ Product Vision:")
    Fixed:   print("[CONFIG] Product Vision:")

  Line 47: ğŸ¤–
    Current: print("ğŸ¤– Initializing agents...")
    Fixed:   print("[AI] Initializing agents...")

  Line 51: âœ…
    Current: print(f"âœ… Epic Agent: {epic_agent.llm_provider}")
    Fixed:   print(f"[SUCCESS] Epic Agent: {epic_agent.llm_provider}")

  Line 52: âœ…
    Current: print(f"âœ… Feature Agent: {feature_agent.llm_provider}")
    Fixed:   print(f"[SUCCESS] Feature Agent: {feature_agent.llm_provider}")

  Line 71: âœ…
    Current: print(f"âœ… Generated {len(epics)} epics in {epic_time.total_seconds():.2f}s")
    Fixed:   print(f"[SUCCESS] Generated {len(epics)} epics in {epic_time.total_seconds():.2f}s")

  Line 76: ğŸ“‹
    Current: print(f"ğŸ“‹ Epic {i}: {epic.get('title', 'Unknown')}")
    Fixed:   print(f"[CONFIG] Epic {i}: {epic.get('title', 'Unknown')}")

  Line 89: âœ…
    Current: print(f"âœ… Generated {len(features)} features in {feature_time.total_seconds():.2f}s")
    Fixed:   print(f"[SUCCESS] Generated {len(features)} features in {feature_time.total_seconds():.2f}s")

  Line 94: ğŸ”§
    Current: print(f"ğŸ”§ Feature {i}: {feature.get('title', 'Unknown')}")
    Fixed:   print(f"[TOOL] Feature {i}: {feature.get('title', 'Unknown')}")

  Line 102: ğŸ“Š
    Current: print(f"ğŸ“Š Generated {len(epics)} epics and {len(features) if epics else 0} features")
    Fixed:   print(f"[STATS] Generated {len(epics)} epics and {len(features) if epics else 0} features")

  Line 103: âœ…
    Current: print("âœ… 8B model is working perfectly for backlog generation!")
    Fixed:   print("[SUCCESS] 8B model is working perfectly for backlog generation!")

  Line 108: âŒ
    Current: print(f"âŒ Backlog generation failed: {e}")
    Fixed:   print(f"[ERROR] Backlog generation failed: {e}")


File: X:\Programs\agile-backlog-automation\tools\test_bulk_deletion_small.py
============================================================================
  Line 41: ğŸ”§
    Current: print(f"ğŸ”§ Initialized Test Bulk Deleter (Backlog Automation Project)")
    Fixed:   print(f"[TOOL] Initialized Test Bulk Deleter (Backlog Automation Project)")

  Line 47: ğŸ”
    Current: print("ğŸ” Querying test suites via WIQL from Backlog Automation project...")
    Fixed:   print("[SEARCH] Querying test suites via WIQL from Backlog Automation project...")

  Line 54: ğŸ“‹
    Current: print(f"ğŸ“‹ WIQL Query: {query}")
    Fixed:   print(f"[CONFIG] WIQL Query: {query}")

  Line 69: âœ…
    Current: print(f"âœ… Found {len(test_suite_ids)} test suites")
    Fixed:   print(f"[SUCCESS] Found {len(test_suite_ids)} test suites")

  Line 73: âŒ
    Current: print(f"âŒ Error querying test suites: {e}")
    Fixed:   print(f"[ERROR] Error querying test suites: {e}")

  Line 88: âœ…
    Current: print(f"  âœ… Successfully deleted test suite {test_suite_id} directly from Backlog Automation project")
    Fixed:   print(f"  [SUCCESS] Successfully deleted test suite {test_suite_id} directly from Backlog Automation project")

  Line 94: âŒ
    Current: print(f"  âŒ Error deleting test suite {test_suite_id} directly: {response.status_code}")
    Fixed:   print(f"  [ERROR] Error deleting test suite {test_suite_id} directly: {response.status_code}")

  Line 99: âŒ
    Current: print(f"  âŒ Error deleting test suite {test_suite_id}: {e}")
    Fixed:   print(f"  [ERROR] Error deleting test suite {test_suite_id}: {e}")

  Line 115: ğŸ“‹
    Current: print(f"\nğŸ“‹ Processing {i}/{len(test_suite_ids)}: Test Suite {test_suite_id}")
    Fixed:   print(f"\n[CONFIG] Processing {i}/{len(test_suite_ids)}: Test Suite {test_suite_id}")

  Line 127: âŒ
    Current: print(f"  âŒ Exception: {e}")
    Fixed:   print(f"  [ERROR] Exception: {e}")

  Line 131: ğŸ“Š
    Current: print("ğŸ“Š BULK DELETION SUMMARY (Backlog Automation Project)")
    Fixed:   print("[STATS] BULK DELETION SUMMARY (Backlog Automation Project)")

  Line 138: âŒ
    Current: print(f"\nâŒ Errors encountered:")
    Fixed:   print(f"\n[ERROR] Errors encountered:")

  Line 162: âœ…
    Current: print("âœ… No test suites found to delete")
    Fixed:   print("[SUCCESS] No test suites found to delete")

  Line 165: ğŸ“‹
    Current: print(f"ğŸ“‹ Testing with first {len(test_suite_ids)} test suites")
    Fixed:   print(f"[CONFIG] Testing with first {len(test_suite_ids)} test suites")

  Line 169: ğŸ”
    Current: print(f"\nğŸ” TEST SUITE IDs FOR DELETION:")
    Fixed:   print(f"\n[SEARCH] TEST SUITE IDs FOR DELETION:")

  Line 178: âŒ
    Current: print("âŒ Deletion cancelled")
    Fixed:   print("[ERROR] Deletion cancelled")

  Line 188: âŒ
    Current: print(f"âŒ Error: {e}")
    Fixed:   print(f"[ERROR] Error: {e}")


File: X:\Programs\agile-backlog-automation\tools\test_config_loader.py
======================================================================
  Line 10: ğŸ”§
    Current: print("ğŸ”§ Environment Variables:")
    Fixed:   print("[TOOL] Environment Variables:")


File: X:\Programs\agile-backlog-automation\tools\test_database_commit_fix.py
============================================================================
  Line 39: ğŸ“‹
    Current: print("ğŸ“‹ Test Product Vision:")
    Fixed:   print("[CONFIG] Test Product Vision:")

  Line 44: ğŸ”
    Current: print("ğŸ” Checking database before test...")
    Fixed:   print("[SEARCH] Checking database before test...")

  Line 65: âœ…
    Current: print(f"âœ… Workflow completed in {execution_time:.2f} seconds")
    Fixed:   print(f"[SUCCESS] Workflow completed in {execution_time:.2f} seconds")

  Line 68: ğŸ”
    Current: print("ğŸ” Checking database after test...")
    Fixed:   print("[SEARCH] Checking database after test...")

  Line 91: âœ…
    Current: print("âœ… SUCCESS: Database commit working correctly!")
    Fixed:   print("[SUCCESS] SUCCESS: Database commit working correctly!")

  Line 98: âŒ
    Current: print("âŒ FAILURE: No new jobs added to database")
    Fixed:   print("[ERROR] FAILURE: No new jobs added to database")

  Line 104: âœ…
    Current: print(f"âœ… Workflow generated {epic_count} epics")
    Fixed:   print(f"[SUCCESS] Workflow generated {epic_count} epics")

  Line 111: âŒ
    Current: print(f"âŒ Test failed with error: {e}")
    Fixed:   print(f"[ERROR] Test failed with error: {e}")

  Line 130: âœ…
    Current: print("âœ… send_completion_notification method exists")
    Fixed:   print("[SUCCESS] send_completion_notification method exists")

  Line 132: âŒ
    Current: print("âŒ send_completion_notification method missing")
    Fixed:   print("[ERROR] send_completion_notification method missing")

  Line 139: âœ…
    Current: print("âœ… send_email_notification method correctly removed")
    Fixed:   print("[SUCCESS] send_email_notification method correctly removed")

  Line 144: âŒ
    Current: print(f"âŒ Notification test failed: {e}")
    Fixed:   print(f"[ERROR] Notification test failed: {e}")

  Line 159: ğŸ“Š
    Current: print("\nğŸ“Š Test Summary")
    Fixed:   print("\n[STATS] Test Summary")

  Line 161: âœ…âŒ
    Current: print(f"Notification Methods: {'âœ… PASS' if notification_test else 'âŒ FAIL'}")
    Fixed:   print(f"Notification Methods: {'[SUCCESS] PASS' if notification_test else '[ERROR] FAIL'}")

  Line 162: âœ…âŒ
    Current: print(f"Database Commit: {'âœ… PASS' if database_test else 'âŒ FAIL'}")
    Fixed:   print(f"Database Commit: {'[SUCCESS] PASS' if database_test else '[ERROR] FAIL'}")

  Line 168: âŒ
    Current: print("\nâŒ Some tests failed. Please check the issues above.")
    Fixed:   print("\n[ERROR] Some tests failed. Please check the issues above.")


File: X:\Programs\agile-backlog-automation\tools\test_developer_parallel.py
===========================================================================
  Line 116: ğŸ”
    Current: print("\nğŸ” Testing Developer Agent Direct Execution")
    Fixed:   print("\n[SEARCH] Testing Developer Agent Direct Execution")

  Line 127: ğŸ“‹
    Current: print(f"ğŸ“‹ Testing with {len(user_stories)} user stories:")
    Fixed:   print(f"[CONFIG] Testing with {len(user_stories)} user stories:")

  Line 148: âœ…
    Current: print(f"\nâœ… Task generation completed in {duration:.2f} seconds")
    Fixed:   print(f"\n[SUCCESS] Task generation completed in {duration:.2f} seconds")

  Line 154: ğŸ“Š
    Current: print(f"ğŸ“Š Generated {total_tasks} tasks across {len(stories_with_tasks)} user stories")
    Fixed:   print(f"[STATS] Generated {total_tasks} tasks across {len(stories_with_tasks)} user stories")

  Line 169: âŒ
    Current: print("âŒ Unexpected result format")
    Fixed:   print("[ERROR] Unexpected result format")

  Line 173: âŒ
    Current: print(f"âŒ Error during task generation: {e}")
    Fixed:   print(f"[ERROR] Error during task generation: {e}")

  Line 181: ğŸ”
    Current: print("\nğŸ” Testing Supervisor Workflow (Developer Stage)")
    Fixed:   print("\n[SEARCH] Testing Supervisor Workflow (Developer Stage)")

  Line 194: ğŸ“‹
    Current: print(f"ğŸ“‹ Supervisor Configuration:")
    Fixed:   print(f"[CONFIG] Supervisor Configuration:")

  Line 213: âœ…
    Current: print(f"\nâœ… Developer agent stage completed in {duration:.2f} seconds")
    Fixed:   print(f"\n[SUCCESS] Developer agent stage completed in {duration:.2f} seconds")

  Line 225: ğŸ“Š
    Current: print(f"\nğŸ“Š Total tasks generated: {total_tasks}")
    Fixed:   print(f"\n[STATS] Total tasks generated: {total_tasks}")

  Line 228: âœ…
    Current: print("âœ… Tasks were successfully generated")
    Fixed:   print("[SUCCESS] Tasks were successfully generated")

  Line 231: âŒ
    Current: print("âŒ No tasks were generated")
    Fixed:   print("[ERROR] No tasks were generated")

  Line 235: âŒ
    Current: print(f"âŒ Error during supervisor execution: {e}")
    Fixed:   print(f"[ERROR] Error during supervisor execution: {e}")

  Line 243: ğŸ“Š
    Current: print("\nğŸ“Š System Resource Monitoring")
    Fixed:   print("\n[STATS] System Resource Monitoring")

  Line 272: ğŸ“‹
    Current: print("\nğŸ“‹ Log Analysis")
    Fixed:   print("\n[CONFIG] Log Analysis")

  Line 337: âœ…
    Current: print(f"âœ… {test_name} PASSED")
    Fixed:   print(f"[SUCCESS] {test_name} PASSED")

  Line 339: âŒ
    Current: print(f"âŒ {test_name} FAILED")
    Fixed:   print(f"[ERROR] {test_name} FAILED")

  Line 341: âŒ
    Current: print(f"âŒ {test_name} ERROR: {e}")
    Fixed:   print(f"[ERROR] {test_name} ERROR: {e}")

  Line 351: ğŸ“Š
    Current: print(f"ğŸ“Š Test Results: {passed}/{total} tests passed")
    Fixed:   print(f"[STATS] Test Results: {passed}/{total} tests passed")


File: X:\Programs\agile-backlog-automation\tools\test_epic_cross_domain.py
==========================================================================
  Line 72: âŒ
    Current: print(f"âŒ {response}")
    Fixed:   print(f"[ERROR] {response}")

  Line 79: âŒ
    Current: print("âŒ Response is not a JSON array")
    Fixed:   print("[ERROR] Response is not a JSON array")

  Line 82: âŒ
    Current: print(f"âŒ JSON parsing failed: {e}")
    Fixed:   print(f"[ERROR] JSON parsing failed: {e}")


File: X:\Programs\agile-backlog-automation\tools\test_epic_quality.py
=====================================================================
  Line 114: âŒ
    Current: print(f"âŒ {response}")
    Fixed:   print(f"[ERROR] {response}")

  Line 126: âŒ
    Current: print("âŒ Response is not a JSON array")
    Fixed:   print("[ERROR] Response is not a JSON array")

  Line 129: âŒ
    Current: print(f"âŒ JSON parsing failed: {e}")
    Fixed:   print(f"[ERROR] JSON parsing failed: {e}")

  Line 140: âŒ
    Current: print("âŒ Could not extract valid JSON")
    Fixed:   print("[ERROR] Could not extract valid JSON")

  Line 143: âŒ
    Current: print("âŒ No JSON array found in response")
    Fixed:   print("[ERROR] No JSON array found in response")

  Line 205: âœ…
    Current: print("\nâœ… SUCCESS: All epics are properly focused on warehouse asset surveillance!")
    Fixed:   print("\n[SUCCESS] SUCCESS: All epics are properly focused on warehouse asset surveillance!")

  Line 209: âŒ
    Current: print("\nâŒ FAILURE: Epics are not focused on warehouse asset surveillance!")
    Fixed:   print("\n[ERROR] FAILURE: Epics are not focused on warehouse asset surveillance!")

  Line 229: âŒ
    Current: print(f"\nâŒ ERROR during epic generation: {e}")
    Fixed:   print(f"\n[ERROR] ERROR during epic generation: {e}")


File: X:\Programs\agile-backlog-automation\tools\test_execution_time_tracking.py
================================================================================
  Line 55: âœ…
    Current: print("   âœ… Execution time calculation working correctly")
    Fixed:   print("   [SUCCESS] Execution time calculation working correctly")

  Line 57: âŒ
    Current: print("   âŒ Execution time calculation failed")
    Fixed:   print("   [ERROR] Execution time calculation failed")

  Line 105: âœ…
    Current: print("   âœ… API server is running")
    Fixed:   print("   [SUCCESS] API server is running")

  Line 116: âœ…
    Current: print("âœ… Execution Time Tracking Test Completed")
    Fixed:   print("[SUCCESS] Execution Time Tracking Test Completed")

  Line 163: âœ…
    Current: print("âœ… Parallel Processing Metrics Test Completed")
    Fixed:   print("[SUCCESS] Parallel Processing Metrics Test Completed")

  Line 189: âœ…
    Current: print("   âœ… Duration tracking accurate")
    Fixed:   print("   [SUCCESS] Duration tracking accurate")

  Line 206: âœ…
    Current: print("   âœ… Supervisor timing working")
    Fixed:   print("   [SUCCESS] Supervisor timing working")

  Line 208: âŒ
    Current: print("   âŒ Supervisor timing failed")
    Fixed:   print("   [ERROR] Supervisor timing failed")

  Line 211: âœ…
    Current: print("âœ… Execution Time Accuracy Test Completed")
    Fixed:   print("[SUCCESS] Execution Time Accuracy Test Completed")

  Line 225: ğŸ“Š
    Current: print("ğŸ“Š Test Summary")
    Fixed:   print("[STATS] Test Summary")

  Line 229: âœ…
    Current: print("âœ… Execution time tracking is working correctly")
    Fixed:   print("[SUCCESS] Execution time tracking is working correctly")

  Line 230: âœ…
    Current: print("âœ… Parallel processing metrics are available")
    Fixed:   print("[SUCCESS] Parallel processing metrics are available")

  Line 231: âœ…
    Current: print("âœ… System ready for performance measurement")
    Fixed:   print("[SUCCESS] System ready for performance measurement")

  Line 233: âŒ
    Current: print("âŒ Execution time tracking has issues")
    Fixed:   print("[ERROR] Execution time tracking has issues")


File: X:\Programs\agile-backlog-automation\tools\test_grok_connection.py
========================================================================
  Line 45: âœ…
    Current: print("\nâœ… Grok API connection successful!")
    Fixed:   print("\n[SUCCESS] Grok API connection successful!")

  Line 59: âœ…
    Current: print("\nâœ… Complex prompt test successful!")
    Fixed:   print("\n[SUCCESS] Complex prompt test successful!")

  Line 65: âŒ
    Current: print(f"\nâŒ Grok API test failed: {e}")
    Fixed:   print(f"\n[ERROR] Grok API test failed: {e}")


File: X:\Programs\agile-backlog-automation\tools\test_grok_simple.py
====================================================================
  Line 36: âœ…
    Current: print("âœ… Grok API connection successful!")
    Fixed:   print("[SUCCESS] Grok API connection successful!")

  Line 42: âŒ
    Current: print(f"âŒ Grok API test failed: {e}")
    Fixed:   print(f"[ERROR] Grok API test failed: {e}")


File: X:\Programs\agile-backlog-automation\tools\test_include_test_artifacts.py
===============================================================================
  Line 47: âŒ
    Current: print(f"âŒ Failed to start generation: {result}")
    Fixed:   print(f"[ERROR] Failed to start generation: {result}")

  Line 51: âœ…
    Current: print(f"âœ… Job started: {job_id}")
    Fixed:   print(f"[SUCCESS] Job started: {job_id}")

  Line 69: âŒ
    Current: print(f"âŒ ERROR: QA stage executed when includeTestArtifacts=False!")
    Fixed:   print(f"[ERROR] ERROR: QA stage executed when includeTestArtifacts=False!")

  Line 75: âœ…
    Current: print(f"âœ… Completed in {int(time.time() - start_time)} seconds")
    Fixed:   print(f"[SUCCESS] Completed in {int(time.time() - start_time)} seconds")

  Line 78: âŒ
    Current: print(f"âŒ Failed: {status_data.get('error', 'Unknown error')}")
    Fixed:   print(f"[ERROR] Failed: {status_data.get('error', 'Unknown error')}")

  Line 84: âŒ
    Current: print(f"âŒ Error: {str(e)}")
    Fixed:   print(f"[ERROR] Error: {str(e)}")

  Line 120: âŒ
    Current: print(f"âŒ Failed to start generation: {result}")
    Fixed:   print(f"[ERROR] Failed to start generation: {result}")

  Line 124: âœ…
    Current: print(f"âœ… Job started: {job_id}")
    Fixed:   print(f"[SUCCESS] Job started: {job_id}")

  Line 145: âœ…
    Current: print(f"   âœ… QA stage detected (expected)")
    Fixed:   print(f"   [SUCCESS] QA stage detected (expected)")

  Line 151: âŒ
    Current: print(f"âŒ ERROR: QA stage NOT executed when includeTestArtifacts=True!")
    Fixed:   print(f"[ERROR] ERROR: QA stage NOT executed when includeTestArtifacts=True!")

  Line 153: âœ…
    Current: print(f"âœ… Completed in {int(time.time() - start_time)} seconds")
    Fixed:   print(f"[SUCCESS] Completed in {int(time.time() - start_time)} seconds")

  Line 156: âŒ
    Current: print(f"âŒ Failed: {status_data.get('error', 'Unknown error')}")
    Fixed:   print(f"[ERROR] Failed: {status_data.get('error', 'Unknown error')}")

  Line 162: âŒ
    Current: print(f"âŒ Error: {str(e)}")
    Fixed:   print(f"[ERROR] Error: {str(e)}")

  Line 181: âœ…âŒ
    Current: print(f"  Without test artifacts: {'âœ… PASSED' if test1_result else 'âŒ FAILED'}")
    Fixed:   print(f"  Without test artifacts: {'[SUCCESS] PASSED' if test1_result else '[ERROR] FAILED'}")

  Line 182: âœ…âŒ
    Current: print(f"  With test artifacts: {'âœ… PASSED' if test2_result else 'âŒ FAILED'}")
    Fixed:   print(f"  With test artifacts: {'[SUCCESS] PASSED' if test2_result else '[ERROR] FAILED'}")

  Line 185: âœ…
    Current: print("\nâœ… All tests passed! The includeTestArtifacts feature is working correctly.")
    Fixed:   print("\n[SUCCESS] All tests passed! The includeTestArtifacts feature is working correctly.")

  Line 188: âŒ
    Current: print("\nâŒ Some tests failed. Please check the implementation.")
    Fixed:   print("\n[ERROR] Some tests failed. Please check the implementation.")


File: X:\Programs\agile-backlog-automation\tools\test_issue_4_navigation_fix.py
===============================================================================
  Line 19: ğŸ”
    Current: print("ğŸ” Testing Issue #4 Navigation Fix")
    Fixed:   print("[SEARCH] Testing Issue #4 Navigation Fix")

  Line 49: âŒ
    Current: print(f"âŒ Project creation failed: {response.status_code}")
    Fixed:   print(f"[ERROR] Project creation failed: {response.status_code}")

  Line 54: âœ…
    Current: print(f"âœ… Project created: {project_id}")
    Fixed:   print(f"[SUCCESS] Project created: {project_id}")

  Line 60: âŒ
    Current: print(f"âŒ Backlog generation failed: {response.status_code}")
    Fixed:   print(f"[ERROR] Backlog generation failed: {response.status_code}")

  Line 65: âœ…
    Current: print(f"âœ… Backlog generation started: {job_id}")
    Fixed:   print(f"[SUCCESS] Backlog generation started: {job_id}")

  Line 73: âŒ
    Current: print(f"âŒ Job status check failed: {response.status_code}")
    Fixed:   print(f"[ERROR] Job status check failed: {response.status_code}")

  Line 79: âœ…
    Current: print(f"âœ… Job status: {job_status['status']}")
    Fixed:   print(f"[SUCCESS] Job status: {job_status['status']}")

  Line 80: âœ…
    Current: print(f"âœ… Progress: {job_status['progress']}%")
    Fixed:   print(f"[SUCCESS] Progress: {job_status['progress']}%")

  Line 81: âœ…
    Current: print(f"âœ… Current action: {job_status['currentAction']}")
    Fixed:   print(f"[SUCCESS] Current action: {job_status['currentAction']}")

  Line 84: âœ…
    Current: print("âœ… Project creation API working")
    Fixed:   print("[SUCCESS] Project creation API working")

  Line 85: âœ…
    Current: print("âœ… Backlog generation API working")
    Fixed:   print("[SUCCESS] Backlog generation API working")

  Line 86: âœ…
    Current: print("âœ… Job status tracking working")
    Fixed:   print("[SUCCESS] Job status tracking working")

  Line 87: âœ…
    Current: print("âœ… Job info stored in localStorage (ready for My Projects screen)")
    Fixed:   print("[SUCCESS] Job info stored in localStorage (ready for My Projects screen)")

  Line 88: âœ…
    Current: print("âœ… Navigation should happen immediately after job creation")
    Fixed:   print("[SUCCESS] Navigation should happen immediately after job creation")

  Line 93: âŒ
    Current: print(f"âŒ Test failed with error: {e}")
    Fixed:   print(f"[ERROR] Test failed with error: {e}")

  Line 98: ğŸ”
    Current: print("\nğŸ” Testing My Projects Screen Data Access")
    Fixed:   print("\n[SEARCH] Testing My Projects Screen Data Access")

  Line 103: ğŸ“‹
    Current: print("ğŸ“‹ Checking all jobs endpoint...")
    Fixed:   print("[CONFIG] Checking all jobs endpoint...")

  Line 109: âœ…
    Current: print(f"âœ… Found {len(jobs)} active jobs")
    Fixed:   print(f"[SUCCESS] Found {len(jobs)} active jobs")

  Line 123: âœ…
    Current: print(f"âœ… Found {len(projects)} projects")
    Fixed:   print(f"[SUCCESS] Found {len(projects)} projects")

  Line 133: âŒ
    Current: print(f"âŒ My Projects screen test failed: {e}")
    Fixed:   print(f"[ERROR] My Projects screen test failed: {e}")

  Line 141: ğŸ”
    Current: print("ğŸ” Checking if server is running...")
    Fixed:   print("[SEARCH] Checking if server is running...")

  Line 145: âŒ
    Current: print("âŒ Server is not responding properly")
    Fixed:   print("[ERROR] Server is not responding properly")

  Line 150: âŒ
    Current: print("âŒ Cannot connect to server")
    Fixed:   print("[ERROR] Cannot connect to server")

  Line 155: âœ…
    Current: print("âœ… Server is running")
    Fixed:   print("[SUCCESS] Server is running")

  Line 171: âŒ
    Current: print(f"âŒ {test_name} test failed")
    Fixed:   print(f"[ERROR] {test_name} test failed")

  Line 173: âŒ
    Current: print(f"âŒ {test_name} test error: {e}")
    Fixed:   print(f"[ERROR] {test_name} test error: {e}")

  Line 176: ğŸ“Š
    Current: print(f"ğŸ“Š Test Results: {passed}/{total} tests passed")
    Fixed:   print(f"[STATS] Test Results: {passed}/{total} tests passed")

  Line 180: ğŸ“‹
    Current: print("\nğŸ“‹ Summary of Changes:")
    Fixed:   print("\n[CONFIG] Summary of Changes:")

  Line 181: âœ…
    Current: print("âœ… Removed progress bar from SimpleProjectWizard")
    Fixed:   print("[SUCCESS] Removed progress bar from SimpleProjectWizard")

  Line 182: âœ…
    Current: print("âœ… Immediate navigation to /projects after job creation")
    Fixed:   print("[SUCCESS] Immediate navigation to /projects after job creation")

  Line 183: âœ…
    Current: print("âœ… Job data stored in localStorage for My Projects screen")
    Fixed:   print("[SUCCESS] Job data stored in localStorage for My Projects screen")

  Line 184: âœ…
    Current: print("âœ… Progress tracking and logs now visible on My Projects screen")
    Fixed:   print("[SUCCESS] Progress tracking and logs now visible on My Projects screen")


File: X:\Programs\agile-backlog-automation\tools\test_issue_6_backlog_filtering.py
==================================================================================
  Line 19: ğŸ”
    Current: print("ğŸ” Testing Backlog Filtering")
    Fixed:   print("[SEARCH] Testing Backlog Filtering")

  Line 26: ğŸ“‹
    Current: print("ğŸ“‹ Test 1: Getting jobs with default filtering...")
    Fixed:   print("[CONFIG] Test 1: Getting jobs with default filtering...")

  Line 36: âœ…
    Current: print(f"âœ… Found {len(jobs)} jobs with default filtering")
    Fixed:   print(f"[SUCCESS] Found {len(jobs)} jobs with default filtering")

  Line 46: âœ…
    Current: print("âœ… No test-generated jobs found (filtering working)")
    Fixed:   print("[SUCCESS] No test-generated jobs found (filtering working)")

  Line 55: âœ…
    Current: print("âœ… No failed jobs found (filtering working)")
    Fixed:   print("[SUCCESS] No failed jobs found (filtering working)")

  Line 58: âŒ
    Current: print(f"âŒ Failed to get jobs: {response.status_code}")
    Fixed:   print(f"[ERROR] Failed to get jobs: {response.status_code}")

  Line 62: ğŸ“‹
    Current: print("\nğŸ“‹ Test 2: Getting jobs without filtering...")
    Fixed:   print("\n[CONFIG] Test 2: Getting jobs without filtering...")

  Line 72: âœ…
    Current: print(f"âœ… Found {len(all_jobs)} total jobs without filtering")
    Fixed:   print(f"[SUCCESS] Found {len(all_jobs)} total jobs without filtering")

  Line 76: âœ…
    Current: print(f"âœ… Filtering removed {len(all_jobs) - len(jobs)} jobs")
    Fixed:   print(f"[SUCCESS] Filtering removed {len(all_jobs) - len(jobs)} jobs")

  Line 81: âŒ
    Current: print(f"âŒ Failed to get all jobs: {response.status_code}")
    Fixed:   print(f"[ERROR] Failed to get all jobs: {response.status_code}")

  Line 87: âŒ
    Current: print(f"âŒ Test failed with error: {e}")
    Fixed:   print(f"[ERROR] Test failed with error: {e}")

  Line 92: ğŸ”
    Current: print("\nğŸ” Testing Backlog Deletion")
    Fixed:   print("\n[SEARCH] Testing Backlog Deletion")

  Line 107: âŒ
    Current: print(f"âŒ Failed to get jobs: {response.status_code}")
    Fixed:   print(f"[ERROR] Failed to get jobs: {response.status_code}")

  Line 127: âœ…
    Current: print(f"âœ… Job deleted successfully: {result['message']}")
    Fixed:   print(f"[SUCCESS] Job deleted successfully: {result['message']}")

  Line 142: âœ…
    Current: print("âœ… Job successfully removed from filtered list")
    Fixed:   print("[SUCCESS] Job successfully removed from filtered list")

  Line 147: âŒ
    Current: print(f"âŒ Failed to verify deletion: {verify_response.status_code}")
    Fixed:   print(f"[ERROR] Failed to verify deletion: {verify_response.status_code}")

  Line 151: âŒ
    Current: print(f"âŒ Failed to delete job: {delete_response.status_code}")
    Fixed:   print(f"[ERROR] Failed to delete job: {delete_response.status_code}")

  Line 157: âŒ
    Current: print(f"âŒ Deletion test failed with error: {e}")
    Fixed:   print(f"[ERROR] Deletion test failed with error: {e}")

  Line 162: ğŸ”
    Current: print("\nğŸ” Testing Database Schema")
    Fixed:   print("\n[SEARCH] Testing Database Schema")

  Line 180: ğŸ“Š
    Current: print("ğŸ“Š Checking job schema...")
    Fixed:   print("[STATS] Checking job schema...")

  Line 191: âŒ
    Current: print(f"âŒ Missing fields: {missing_fields}")
    Fixed:   print(f"[ERROR] Missing fields: {missing_fields}")

  Line 194: âœ…
    Current: print("âœ… All required fields present in schema")
    Fixed:   print("[SUCCESS] All required fields present in schema")

  Line 202: âŒ
    Current: print(f"âŒ Failed to get jobs for schema test: {response.status_code}")
    Fixed:   print(f"[ERROR] Failed to get jobs for schema test: {response.status_code}")

  Line 206: âŒ
    Current: print(f"âŒ Schema test failed with error: {e}")
    Fixed:   print(f"[ERROR] Schema test failed with error: {e}")

  Line 217: ğŸ”
    Current: print("ğŸ” Checking if server is running...")
    Fixed:   print("[SEARCH] Checking if server is running...")

  Line 221: âŒ
    Current: print("âŒ Server is not responding properly")
    Fixed:   print("[ERROR] Server is not responding properly")

  Line 226: âŒ
    Current: print("âŒ Cannot connect to server")
    Fixed:   print("[ERROR] Cannot connect to server")

  Line 231: âœ…
    Current: print("âœ… Server is running")
    Fixed:   print("[SUCCESS] Server is running")

  Line 248: âŒ
    Current: print(f"âŒ {test_name} test failed")
    Fixed:   print(f"[ERROR] {test_name} test failed")

  Line 250: âŒ
    Current: print(f"âŒ {test_name} test error: {e}")
    Fixed:   print(f"[ERROR] {test_name} test error: {e}")

  Line 253: ğŸ“Š
    Current: print(f"ğŸ“Š Test Results: {passed}/{total} tests passed")
    Fixed:   print(f"[STATS] Test Results: {passed}/{total} tests passed")

  Line 257: ğŸ“‹
    Current: print("\nğŸ“‹ Summary of Changes:")
    Fixed:   print("\n[CONFIG] Summary of Changes:")

  Line 258: âœ…
    Current: print("âœ… Database schema updated with status and is_deleted fields")
    Fixed:   print("[SUCCESS] Database schema updated with status and is_deleted fields")

  Line 259: âœ…
    Current: print("âœ… Test-generated backlogs automatically filtered out")
    Fixed:   print("[SUCCESS] Test-generated backlogs automatically filtered out")

  Line 260: âœ…
    Current: print("âœ… Failed backlogs automatically filtered out")
    Fixed:   print("[SUCCESS] Failed backlogs automatically filtered out")

  Line 261: âœ…
    Current: print("âœ… Soft delete functionality implemented")
    Fixed:   print("[SUCCESS] Soft delete functionality implemented")

  Line 262: âœ…
    Current: print("âœ… Frontend updated with delete buttons")
    Fixed:   print("[SUCCESS] Frontend updated with delete buttons")

  Line 263: âœ…
    Current: print("âœ… Filtering options available in API")
    Fixed:   print("[SUCCESS] Filtering options available in API")


File: X:\Programs\agile-backlog-automation\tools\test_llm_config_database.py
============================================================================
  Line 95: âœ…
    Current: print("\nâœ… LLM Configuration Database Test Complete!")
    Fixed:   print("\n[SUCCESS] LLM Configuration Database Test Complete!")

  Line 177: âœ…
    Current: print("\nâœ… LLM Configuration API Test Complete!")
    Fixed:   print("\n[SUCCESS] LLM Configuration API Test Complete!")


File: X:\Programs\agile-backlog-automation\tools\test_llm_config_integration.py
===============================================================================
  Line 29: âœ…
    Current: print(f"   âœ… Active config: {config['name']} ({config['provider']})")
    Fixed:   print(f"   [SUCCESS] Active config: {config['name']} ({config['provider']})")

  Line 34: âŒ
    Current: print(f"   âŒ Error: {e}")
    Fixed:   print(f"   [ERROR] Error: {e}")

  Line 40: âœ…
    Current: print(f"   âœ… Provider: {provider_config['provider']}")
    Fixed:   print(f"   [SUCCESS] Provider: {provider_config['provider']}")

  Line 48: âŒ
    Current: print(f"   âŒ Error: {e}")
    Fixed:   print(f"   [ERROR] Error: {e}")

  Line 54: âœ…
    Current: print(f"   âœ… Environment variables:")
    Fixed:   print(f"   [SUCCESS] Environment variables:")

  Line 61: âŒ
    Current: print(f"   âŒ Error: {e}")
    Fixed:   print(f"   [ERROR] Error: {e}")

  Line 65: ğŸ¤–
    Current: print("\nğŸ¤– Testing Agent Integration")
    Fixed:   print("\n[AI] Testing Agent Integration")

  Line 75: âœ…
    Current: print(f"   âœ… Agent created: {agent.name}")
    Fixed:   print(f"   [SUCCESS] Agent created: {agent.name}")

  Line 83: âœ…âŒ
    Current: print(f"   Ollama Provider: {'âœ… Available' if hasattr(agent, 'ollama_provider') else 'âŒ Not available'}")
    Fixed:   print(f"   Ollama Provider: {'[SUCCESS] Available' if hasattr(agent, 'ollama_provider') else '[ERROR] Not available'}")

  Line 86: âœ…âŒ
    Current: print(f"   API Key: {'âœ… Set' if agent.api_key else 'âŒ Not set'}")
    Fixed:   print(f"   API Key: {'[SUCCESS] Set' if agent.api_key else '[ERROR] Not set'}")

  Line 92: âœ…
    Current: print(f"   âœ… Prompt generated: {len(prompt)} characters")
    Fixed:   print(f"   [SUCCESS] Prompt generated: {len(prompt)} characters")

  Line 99: âŒ
    Current: print(f"   âŒ Agent integration failed: {e}")
    Fixed:   print(f"   [ERROR] Agent integration failed: {e}")

  Line 104: ğŸ”„
    Current: print("\nğŸ”„ Testing Configuration Switching")
    Fixed:   print("\n[RETRY] Testing Configuration Switching")

  Line 121: âŒ
    Current: print(f"   âŒ Error: {e}")
    Fixed:   print(f"   [ERROR] Error: {e}")

  Line 136: âŒ
    Current: print(f"   âŒ Error: {e}")
    Fixed:   print(f"   [ERROR] Error: {e}")

  Line 154: âœ…
    Current: print(f"   âœ… Successfully switched to {target_config['name']}")
    Fixed:   print(f"   [SUCCESS] Successfully switched to {target_config['name']}")

  Line 163: âœ…
    Current: print(f"   âœ… Switched back to {original_config}")
    Fixed:   print(f"   [SUCCESS] Switched back to {original_config}")

  Line 165: âŒ
    Current: print(f"   âŒ Failed to switch configuration")
    Fixed:   print(f"   [ERROR] Failed to switch configuration")

  Line 171: âŒ
    Current: print(f"   âŒ Error: {e}")
    Fixed:   print(f"   [ERROR] Error: {e}")


File: X:\Programs\agile-backlog-automation\tools\test_lm_studio_epic.py
=======================================================================
  Line 203: ğŸ”„
    Current: print("ğŸ”„ Sending request to LM Studio...")
    Fixed:   print("[RETRY] Sending request to LM Studio...")

  Line 217: âœ…
    Current: print("âœ… Success! Response received:")
    Fixed:   print("[SUCCESS] Success! Response received:")

  Line 225: ğŸ“Š
    Current: print(f"ğŸ“Š Generated {len(epics)} epics")
    Fixed:   print(f"[STATS] Generated {len(epics)} epics")

  Line 233: âŒ
    Current: print(f"âŒ Error: HTTP {response.status_code}")
    Fixed:   print(f"[ERROR] Error: HTTP {response.status_code}")

  Line 237: âŒ
    Current: print("âŒ Request timed out after 5 minutes")
    Fixed:   print("[ERROR] Request timed out after 5 minutes")

  Line 239: âŒ
    Current: print("âŒ Connection error. Make sure LM Studio server is running on port 1234")
    Fixed:   print("[ERROR] Connection error. Make sure LM Studio server is running on port 1234")

  Line 241: âŒ
    Current: print(f"âŒ Unexpected error: {e}")
    Fixed:   print(f"[ERROR] Unexpected error: {e}")


File: X:\Programs\agile-backlog-automation\tools\test_lm_studio_feature.py
==========================================================================
  Line 138: ğŸ”„
    Current: print("ğŸ”„ Sending request to LM Studio...")
    Fixed:   print("[RETRY] Sending request to LM Studio...")

  Line 152: âœ…
    Current: print("âœ… Success! Response received:")
    Fixed:   print("[SUCCESS] Success! Response received:")

  Line 160: ğŸ“Š
    Current: print(f"ğŸ“Š Generated {len(features)} features")
    Fixed:   print(f"[STATS] Generated {len(features)} features")

  Line 168: âŒ
    Current: print(f"âŒ Error: HTTP {response.status_code}")
    Fixed:   print(f"[ERROR] Error: HTTP {response.status_code}")

  Line 172: âŒ
    Current: print("âŒ Request timed out after 5 minutes")
    Fixed:   print("[ERROR] Request timed out after 5 minutes")

  Line 174: âŒ
    Current: print("âŒ Connection error. Make sure LM Studio server is running on port 1234")
    Fixed:   print("[ERROR] Connection error. Make sure LM Studio server is running on port 1234")

  Line 176: âŒ
    Current: print(f"âŒ Unexpected error: {e}")
    Fixed:   print(f"[ERROR] Unexpected error: {e}")


File: X:\Programs\agile-backlog-automation\tools\test_lm_studio_performance.py
==============================================================================
  Line 66: âœ…
    Current: print(f"âœ… Success!")
    Fixed:   print(f"[SUCCESS] Success!")

  Line 68: ğŸ“Š
    Current: print(f"ğŸ“Š Tokens generated: {tokens_used}")
    Fixed:   print(f"[STATS] Tokens generated: {tokens_used}")

  Line 72: âŒ
    Current: print(f"âŒ Error: HTTP {response.status_code}")
    Fixed:   print(f"[ERROR] Error: HTTP {response.status_code}")

  Line 76: âŒ
    Current: print(f"âŒ Error: {e}")
    Fixed:   print(f"[ERROR] Error: {e}")


File: X:\Programs\agile-backlog-automation\tools\test_lm_studio_simple.py
=========================================================================
  Line 42: ğŸ”„
    Current: print("ğŸ”„ Sending simple request to LM Studio...")
    Fixed:   print("[RETRY] Sending simple request to LM Studio...")

  Line 56: âœ…
    Current: print("âœ… Success! Response received:")
    Fixed:   print("[SUCCESS] Success! Response received:")

  Line 62: âŒ
    Current: print(f"âŒ Error: HTTP {response.status_code}")
    Fixed:   print(f"[ERROR] Error: HTTP {response.status_code}")

  Line 66: âŒ
    Current: print("âŒ Request timed out after 2 minutes")
    Fixed:   print("[ERROR] Request timed out after 2 minutes")

  Line 68: âŒ
    Current: print("âŒ Connection error. Make sure LM Studio server is running on port 1234")
    Fixed:   print("[ERROR] Connection error. Make sure LM Studio server is running on port 1234")

  Line 70: âŒ
    Current: print(f"âŒ Unexpected error: {e}")
    Fixed:   print(f"[ERROR] Unexpected error: {e}")


File: X:\Programs\agile-backlog-automation\tools\test_ollama_api.py
===================================================================
  Line 21: âœ…
    Current: print("âœ… Endpoint working!")
    Fixed:   print("[SUCCESS] Endpoint working!")

  Line 22: ğŸ“Š
    Current: print(f"ğŸ“Š Response: {json.dumps(data, indent=2)}")
    Fixed:   print(f"[STATS] Response: {json.dumps(data, indent=2)}")

  Line 32: âŒ
    Current: print(f"âŒ Endpoint failed: {response.status_code}")
    Fixed:   print(f"[ERROR] Endpoint failed: {response.status_code}")

  Line 36: âŒ
    Current: print("âŒ Could not connect to server. Make sure the API server is running.")
    Fixed:   print("[ERROR] Could not connect to server. Make sure the API server is running.")

  Line 38: âŒ
    Current: print(f"âŒ Error: {e}")
    Fixed:   print(f"[ERROR] Error: {e}")

  Line 51: âœ…
    Current: print("âœ… Config endpoint working!")
    Fixed:   print("[SUCCESS] Config endpoint working!")

  Line 52: ğŸ“Š
    Current: print(f"ğŸ“Š Current LLM Provider: {data.get('llmProvider', 'Not set')}")
    Fixed:   print(f"[STATS] Current LLM Provider: {data.get('llmProvider', 'Not set')}")

  Line 53: ğŸ“Š
    Current: print(f"ğŸ“Š Ollama Model: {data.get('ollamaModel', 'Not set')}")
    Fixed:   print(f"[STATS] Ollama Model: {data.get('ollamaModel', 'Not set')}")

  Line 54: ğŸ“Š
    Current: print(f"ğŸ“Š Ollama URL: {data.get('ollamaUrl', 'Not set')}")
    Fixed:   print(f"[STATS] Ollama URL: {data.get('ollamaUrl', 'Not set')}")

  Line 55: ğŸ“Š
    Current: print(f"ğŸ“Š Ollama Preset: {data.get('ollamaPreset', 'Not set')}")
    Fixed:   print(f"[STATS] Ollama Preset: {data.get('ollamaPreset', 'Not set')}")

  Line 58: âŒ
    Current: print(f"âŒ Config endpoint failed: {response.status_code}")
    Fixed:   print(f"[ERROR] Config endpoint failed: {response.status_code}")

  Line 62: âŒ
    Current: print("âŒ Could not connect to server. Make sure the API server is running.")
    Fixed:   print("[ERROR] Could not connect to server. Make sure the API server is running.")

  Line 64: âŒ
    Current: print(f"âŒ Error: {e}")
    Fixed:   print(f"[ERROR] Error: {e}")

  Line 88: âœ…
    Current: print("âœ… Config saved successfully!")
    Fixed:   print("[SUCCESS] Config saved successfully!")

  Line 89: ğŸ“Š
    Current: print(f"ğŸ“Š Response: {json.dumps(data, indent=2)}")
    Fixed:   print(f"[STATS] Response: {json.dumps(data, indent=2)}")

  Line 92: âŒ
    Current: print(f"âŒ Save config failed: {response.status_code}")
    Fixed:   print(f"[ERROR] Save config failed: {response.status_code}")

  Line 96: âŒ
    Current: print("âŒ Could not connect to server. Make sure the API server is running.")
    Fixed:   print("[ERROR] Could not connect to server. Make sure the API server is running.")

  Line 98: âŒ
    Current: print(f"âŒ Error: {e}")
    Fixed:   print(f"[ERROR] Error: {e}")

  Line 114: âœ…
    Current: print("âœ… Test completed!")
    Fixed:   print("[SUCCESS] Test completed!")


File: X:\Programs\agile-backlog-automation\tools\test_ollama_integration.py
===========================================================================
  Line 22: ğŸ”
    Current: print("ğŸ” Testing Ollama connection...")
    Fixed:   print("[SEARCH] Testing Ollama connection...")

  Line 27: âœ…
    Current: print(f"âœ… Connected to Ollama server")
    Fixed:   print(f"[SUCCESS] Connected to Ollama server")

  Line 28: ğŸ“¦
    Current: print(f"ğŸ“¦ Available models: {[m['name'] for m in models]}")
    Fixed:   print(f"[PACKAGE] Available models: {[m['name'] for m in models]}")

  Line 31: âŒ
    Current: print(f"âŒ Failed to connect to Ollama: {e}")
    Fixed:   print(f"[ERROR] Failed to connect to Ollama: {e}")

  Line 57: âœ…
    Current: print(f"âœ… {preset} preset working")
    Fixed:   print(f"[SUCCESS] {preset} preset working")

  Line 61: âŒ
    Current: print(f"âŒ {preset} preset failed: {e}")
    Fixed:   print(f"[ERROR] {preset} preset failed: {e}")

  Line 65: ğŸ¤–
    Current: print("\nğŸ¤– Testing agent integration...")
    Fixed:   print("\n[AI] Testing agent integration...")

  Line 79: âœ…
    Current: print(f"âœ… Agent initialized with provider: {agent.llm_provider}")
    Fixed:   print(f"[SUCCESS] Agent initialized with provider: {agent.llm_provider}")

  Line 85: âœ…
    Current: print(f"âœ… Agent generation successful")
    Fixed:   print(f"[SUCCESS] Agent generation successful")

  Line 89: âŒ
    Current: print(f"âŒ Agent integration failed: {e}")
    Fixed:   print(f"[ERROR] Agent integration failed: {e}")

  Line 93: ğŸ’°
    Current: print("\nğŸ’° Testing cost estimation...")
    Fixed:   print("\n[COST] Testing cost estimation...")

  Line 103: ğŸ“Š
    Current: print(f"ğŸ“Š {tokens} tokens: ${cost['total_cost']:.4f}")
    Fixed:   print(f"[STATS] {tokens} tokens: ${cost['total_cost']:.4f}")

  Line 108: âŒ
    Current: print(f"âŒ Cost estimation failed: {e}")
    Fixed:   print(f"[ERROR] Cost estimation failed: {e}")

  Line 112: ğŸ“¥
    Current: print("\nğŸ“¥ Testing model download...")
    Fixed:   print("\n[DOWNLOAD] Testing model download...")

  Line 119: ğŸ“¥
    Current: print(f"ğŸ“¥ Attempting to pull {model_name}...")
    Fixed:   print(f"[DOWNLOAD] Attempting to pull {model_name}...")

  Line 123: âœ…
    Current: print(f"âœ… Successfully pulled {model_name}")
    Fixed:   print(f"[SUCCESS] Successfully pulled {model_name}")

  Line 125: âŒ
    Current: print(f"âŒ Failed to pull {model_name}")
    Fixed:   print(f"[ERROR] Failed to pull {model_name}")

  Line 128: âŒ
    Current: print(f"âŒ Model download test failed: {e}")
    Fixed:   print(f"[ERROR] Model download test failed: {e}")

  Line 137: âŒ
    Current: print("\nâŒ Cannot proceed without Ollama connection")
    Fixed:   print("\n[ERROR] Cannot proceed without Ollama connection")

  Line 153: âœ…
    Current: print("âœ… Ollama integration test suite completed!")
    Fixed:   print("[SUCCESS] Ollama integration test suite completed!")


File: X:\Programs\agile-backlog-automation\tools\test_parallel_processing.py
============================================================================
  Line 18: ğŸ”
    Current: print("ğŸ” Testing Parallel Configuration Loading")
    Fixed:   print("[SEARCH] Testing Parallel Configuration Loading")

  Line 25: âœ…
    Current: print("âœ… Server is running and can load configuration")
    Fixed:   print("[SUCCESS] Server is running and can load configuration")

  Line 28: âŒ
    Current: print(f"âŒ Server health check failed: {response.status_code}")
    Fixed:   print(f"[ERROR] Server health check failed: {response.status_code}")

  Line 31: âŒ
    Current: print(f"âŒ Cannot connect to server: {e}")
    Fixed:   print(f"[ERROR] Cannot connect to server: {e}")

  Line 36: ğŸ”
    Current: print("\nğŸ” Testing Parallel Processing with Small Project")
    Fixed:   print("\n[SEARCH] Testing Parallel Processing with Small Project")

  Line 59: ğŸ“‹
    Current: print("ğŸ“‹ Creating test project...")
    Fixed:   print("[CONFIG] Creating test project...")

  Line 62: âŒ
    Current: print(f"âŒ Failed to create project: {response.status_code}")
    Fixed:   print(f"[ERROR] Failed to create project: {response.status_code}")

  Line 68: âŒ
    Current: print("âŒ No project ID returned")
    Fixed:   print("[ERROR] No project ID returned")

  Line 71: âœ…
    Current: print(f"âœ… Project created with ID: {project_id}")
    Fixed:   print(f"[SUCCESS] Project created with ID: {project_id}")

  Line 77: âŒ
    Current: print(f"âŒ Failed to start backlog generation: {response.status_code}")
    Fixed:   print(f"[ERROR] Failed to start backlog generation: {response.status_code}")

  Line 83: âŒ
    Current: print("âŒ No job ID returned")
    Fixed:   print("[ERROR] No job ID returned")

  Line 86: âœ…
    Current: print(f"âœ… Backlog generation started with job ID: {job_id}")
    Fixed:   print(f"[SUCCESS] Backlog generation started with job ID: {job_id}")

  Line 89: ğŸ“Š
    Current: print("ğŸ“Š Monitoring job progress...")
    Fixed:   print("[STATS] Monitoring job progress...")

  Line 104: âœ…
    Current: print("âœ… Backlog generation completed successfully!")
    Fixed:   print("[SUCCESS] Backlog generation completed successfully!")

  Line 108: âŒ
    Current: print(f"âŒ Backlog generation failed: {error}")
    Fixed:   print(f"[ERROR] Backlog generation failed: {error}")

  Line 113: âŒ
    Current: print(f"âŒ Failed to get job status: {response.status_code}")
    Fixed:   print(f"[ERROR] Failed to get job status: {response.status_code}")

  Line 120: âŒ
    Current: print(f"âŒ Test failed with error: {e}")
    Fixed:   print(f"[ERROR] Test failed with error: {e}")

  Line 125: ğŸ”
    Current: print("\nğŸ” Testing QA Parallel Processing")
    Fixed:   print("\n[SEARCH] Testing QA Parallel Processing")

  Line 132: âŒ
    Current: print(f"âŒ Failed to get projects: {response.status_code}")
    Fixed:   print(f"[ERROR] Failed to get projects: {response.status_code}")

  Line 144: ğŸ“‹
    Current: print(f"ğŸ“‹ Testing QA parallel processing with project: {project['basics']['name']}")
    Fixed:   print(f"[CONFIG] Testing QA parallel processing with project: {project['basics']['name']}")

  Line 158: âœ…
    Current: print("âœ… QA generation started successfully")
    Fixed:   print("[SUCCESS] QA generation started successfully")

  Line 161: âŒ
    Current: print(f"âŒ Failed to start QA generation: {response.status_code}")
    Fixed:   print(f"[ERROR] Failed to start QA generation: {response.status_code}")

  Line 165: âŒ
    Current: print(f"âŒ QA test failed with error: {e}")
    Fixed:   print(f"[ERROR] QA test failed with error: {e}")

  Line 170: ğŸ”
    Current: print("\nğŸ” Testing Parallel Configuration Validation")
    Fixed:   print("\n[SEARCH] Testing Parallel Configuration Validation")

  Line 181: ğŸ“‹
    Current: print("ğŸ“‹ Parallel Processing Configuration:")
    Fixed:   print("[CONFIG] Parallel Processing Configuration:")

  Line 193: âœ…
    Current: print("âœ… Parallel processing is enabled")
    Fixed:   print("[SUCCESS] Parallel processing is enabled")

  Line 199: âœ…
    Current: print(f"âœ… Max workers is reasonable: {max_workers}")
    Fixed:   print(f"[SUCCESS] Max workers is reasonable: {max_workers}")

  Line 206: âŒ
    Current: print(f"âŒ Configuration validation failed: {e}")
    Fixed:   print(f"[ERROR] Configuration validation failed: {e}")

  Line 217: ğŸ”
    Current: print("ğŸ” Checking if server is running...")
    Fixed:   print("[SEARCH] Checking if server is running...")

  Line 221: âŒ
    Current: print("âŒ Server is not responding properly")
    Fixed:   print("[ERROR] Server is not responding properly")

  Line 226: âŒ
    Current: print("âŒ Cannot connect to server")
    Fixed:   print("[ERROR] Cannot connect to server")

  Line 231: âœ…
    Current: print("âœ… Server is running")
    Fixed:   print("[SUCCESS] Server is running")

  Line 249: âŒ
    Current: print(f"âŒ {test_name} test failed")
    Fixed:   print(f"[ERROR] {test_name} test failed")

  Line 251: âŒ
    Current: print(f"âŒ {test_name} test error: {e}")
    Fixed:   print(f"[ERROR] {test_name} test error: {e}")

  Line 254: ğŸ“Š
    Current: print(f"ğŸ“Š Test Results: {passed}/{total} tests passed")
    Fixed:   print(f"[STATS] Test Results: {passed}/{total} tests passed")

  Line 258: ğŸ“‹
    Current: print("\nğŸ“‹ Summary of Parallel Processing Features:")
    Fixed:   print("\n[CONFIG] Summary of Parallel Processing Features:")

  Line 259: âœ…
    Current: print("âœ… Configuration loading and validation")
    Fixed:   print("[SUCCESS] Configuration loading and validation")

  Line 260: âœ…
    Current: print("âœ… Intra-stage parallelization for feature decomposition")
    Fixed:   print("[SUCCESS] Intra-stage parallelization for feature decomposition")

  Line 261: âœ…
    Current: print("âœ… Intra-stage parallelization for user story decomposition")
    Fixed:   print("[SUCCESS] Intra-stage parallelization for user story decomposition")

  Line 262: âœ…
    Current: print("âœ… Intra-stage parallelization for task generation")
    Fixed:   print("[SUCCESS] Intra-stage parallelization for task generation")

  Line 263: âœ…
    Current: print("âœ… Intra-stage parallelization for QA generation")
    Fixed:   print("[SUCCESS] Intra-stage parallelization for QA generation")

  Line 264: âœ…
    Current: print("âœ… QA sub-agent parallel processing (test suites and test cases)")
    Fixed:   print("[SUCCESS] QA sub-agent parallel processing (test suites and test cases)")

  Line 265: âœ…
    Current: print("âœ… Configurable parallel processing settings")
    Fixed:   print("[SUCCESS] Configurable parallel processing settings")

  Line 266: âœ…
    Current: print("âœ… Backward compatibility with sequential processing")
    Fixed:   print("[SUCCESS] Backward compatibility with sequential processing")


File: X:\Programs\agile-backlog-automation\tools\test_parallel_vs_sequential.py
===============================================================================
  Line 18: ğŸ”„
    Current: print(f"ğŸ”„ Starting task generation for Story {story_id} at {start_time:.2f}")
    Fixed:   print(f"[RETRY] Starting task generation for Story {story_id} at {start_time:.2f}")

  Line 25: âœ…
    Current: print(f"âœ… Completed task generation for Story {story_id} at {end_time:.2f} (took {duration:.2f}s)")
    Fixed:   print(f"[SUCCESS] Completed task generation for Story {story_id} at {end_time:.2f} (took {duration:.2f}s)")

  Line 42: ğŸ“Š
    Current: print(f"\nğŸ“Š Sequential Results:")
    Fixed:   print(f"\n[STATS] Sequential Results:")

  Line 69: ğŸ“Š
    Current: print(f"\nğŸ“Š Parallel Results:")
    Fixed:   print(f"\n[STATS] Parallel Results:")

  Line 78: ğŸ“‹
    Current: print("\nğŸ“‹ ANALYZING YOUR ACTUAL LOGS")
    Fixed:   print("\n[CONFIG] ANALYZING YOUR ACTUAL LOGS")

  Line 91: ğŸ“Š
    Current: print("ğŸ“Š Your Recent Backlog Generation Stats:")
    Fixed:   print("[STATS] Your Recent Backlog Generation Stats:")

  Line 95: ğŸ”
    Current: print(f"\nğŸ” Analysis:")
    Fixed:   print(f"\n[SEARCH] Analysis:")

  Line 96: âœ…
    Current: print(f"   âœ… You had {stats['user_stories_generated']} user stories (>1)")
    Fixed:   print(f"   [SUCCESS] You had {stats['user_stories_generated']} user stories (>1)")

  Line 97: âœ…
    Current: print(f"   âœ… Parallel processing WAS enabled")
    Fixed:   print(f"   [SUCCESS] Parallel processing WAS enabled")

  Line 98: âœ…
    Current: print(f"   âœ… Generated {stats['tasks_generated']} tasks")
    Fixed:   print(f"   [SUCCESS] Generated {stats['tasks_generated']} tasks")

  Line 99: âœ…
    Current: print(f"   âœ… Total execution time: {stats['execution_time_seconds']/60:.1f} minutes")
    Fixed:   print(f"   [SUCCESS] Total execution time: {stats['execution_time_seconds']/60:.1f} minutes")


File: X:\Programs\agile-backlog-automation\tools\test_parent_finding.py
=======================================================================
  Line 20: ğŸ”
    Current: print("ğŸ” Testing Parent Finding Logic for Orphaned Work Items")
    Fixed:   print("[SEARCH] Testing Parent Finding Logic for Orphaned Work Items")

  Line 34: ğŸ”§
    Current: print("ğŸ”§ Initializing Azure DevOps Integrator...")
    Fixed:   print("[TOOL] Initializing Azure DevOps Integrator...")

  Line 42: âœ…
    Current: print("âœ… Azure DevOps Integrator initialized successfully")
    Fixed:   print("[SUCCESS] Azure DevOps Integrator initialized successfully")

  Line 45: ğŸ“‹
    Current: print("\nğŸ“‹ Test 1: Finding Orphaned Test Cases")
    Fixed:   print("\n[CONFIG] Test 1: Finding Orphaned Test Cases")

  Line 59: ğŸ”
    Current: print(f"\nğŸ” Analyzing Test Case {test_case_id}: {test_case_title}")
    Fixed:   print(f"\n[SEARCH] Analyzing Test Case {test_case_id}: {test_case_title}")

  Line 67: âœ…
    Current: print(f"  âœ… Has parent: {parent_title} (ID: {parent['id']})")
    Fixed:   print(f"  [SUCCESS] Has parent: {parent_title} (ID: {parent['id']})")

  Line 69: âŒ
    Current: print(f"  âŒ Orphaned - no parent found")
    Fixed:   print(f"  [ERROR] Orphaned - no parent found")

  Line 72: ğŸ”
    Current: print("  ğŸ” Finding potential parents...")
    Fixed:   print("  [SEARCH] Finding potential parents...")

  Line 92: ğŸ“‹
    Current: print("\nğŸ“‹ Test 4: Testing Different Search Strategies")
    Fixed:   print("\n[CONFIG] Test 4: Testing Different Search Strategies")

  Line 102: ğŸ”
    Current: print(f"\nğŸ” Strategy: {strategy}")
    Fixed:   print(f"\n[SEARCH] Strategy: {strategy}")

  Line 115: ğŸ“‹
    Current: print("\nğŸ“‹ Test 5: Testing Parent Type Mapping")
    Fixed:   print("\n[CONFIG] Test 5: Testing Parent Type Mapping")

  Line 123: âœ…
    Current: print("\nâœ… Parent finding logic test completed successfully!")
    Fixed:   print("\n[SUCCESS] Parent finding logic test completed successfully!")

  Line 126: âŒ
    Current: print(f"âŒ Error during testing: {e}")
    Fixed:   print(f"[ERROR] Error during testing: {e}")


File: X:\Programs\agile-backlog-automation\tools\test_parent_use_cases.py
=========================================================================
  Line 22: ğŸ”
    Current: print("ğŸ” Test 1: Parent Detection for Agent Context")
    Fixed:   print("[SEARCH] Test 1: Parent Detection for Agent Context")

  Line 55: ğŸ“‹
    Current: print(f"ğŸ“‹ Test Case: {test_case_title} (ID: {test_case_id})")
    Fixed:   print(f"[CONFIG] Test Case: {test_case_title} (ID: {test_case_id})")

  Line 68: ğŸ¤–
    Current: print("\nğŸ¤– Agent Context Usage:")
    Fixed:   print("\n[AI] Agent Context Usage:")

  Line 74: âŒ
    Current: print("âŒ No parent found - agent would have limited context")
    Fixed:   print("[ERROR] No parent found - agent would have limited context")

  Line 76: âœ…
    Current: print("\nâœ… Parent detection for agent context test completed")
    Fixed:   print("\n[SUCCESS] Parent detection for agent context test completed")

  Line 79: âŒ
    Current: print(f"âŒ Error: {e}")
    Fixed:   print(f"[ERROR] Error: {e}")

  Line 84: ğŸ”§
    Current: print("\nğŸ”§ Test 2: Orphaned Work Item Restoration from History")
    Fixed:   print("\n[TOOL] Test 2: Orphaned Work Item Restoration from History")

  Line 112: ğŸ”
    Current: print("ğŸ” Finding truly orphaned test cases...")
    Fixed:   print("[SEARCH] Finding truly orphaned test cases...")

  Line 126: ğŸ“‹
    Current: print(f"\nğŸ“‹ Orphaned Test Case: {orphaned_title} (ID: {orphaned_id})")
    Fixed:   print(f"\n[CONFIG] Orphaned Test Case: {orphaned_title} (ID: {orphaned_id})")

  Line 129: ğŸ”
    Current: print("ğŸ” Searching for original parent in history...")
    Fixed:   print("[SEARCH] Searching for original parent in history...")

  Line 134: âœ…
    Current: print(f"âœ… Found original parent: {original_parent_title} (ID: {original_parent['id']})")
    Fixed:   print(f"[SUCCESS] Found original parent: {original_parent_title} (ID: {original_parent['id']})")

  Line 137: ğŸ”
    Current: print("ğŸ” Searching for last parent in history...")
    Fixed:   print("[SEARCH] Searching for last parent in history...")

  Line 142: âœ…
    Current: print(f"âœ… Found last parent: {last_parent_title} (ID: {last_parent['id']})")
    Fixed:   print(f"[SUCCESS] Found last parent: {last_parent_title} (ID: {last_parent['id']})")

  Line 146: ğŸ“Š
    Current: print("ğŸ“Š Original and last parent are the same")
    Fixed:   print("[STATS] Original and last parent are the same")

  Line 148: ğŸ“Š
    Current: print("ğŸ“Š Original and last parent are different")
    Fixed:   print("[STATS] Original and last parent are different")

  Line 159: âŒ
    Current: print("âŒ No parent found in history")
    Fixed:   print("[ERROR] No parent found in history")

  Line 164: âœ…
    Current: print("\nâœ… Orphaned work item restoration test completed")
    Fixed:   print("\n[SUCCESS] Orphaned work item restoration test completed")

  Line 167: âŒ
    Current: print(f"âŒ Error: {e}")
    Fixed:   print(f"[ERROR] Error: {e}")

  Line 172: ğŸ¤–
    Current: print("\nğŸ¤– Agent Usage Demonstration")
    Fixed:   print("\n[AI] Agent Usage Demonstration")

  Line 176: ğŸ“‹
    Current: ğŸ“‹ Use Case 1: QA Lead Agent Generating Test Cases
    Fixed:   [CONFIG] Use Case 1: QA Lead Agent Generating Test Cases

  Line 184: ğŸ“‹
    Current: ğŸ“‹ Use Case 2: User Story Decomposer Agent
    Fixed:   [CONFIG] Use Case 2: User Story Decomposer Agent

  Line 192: ğŸ“‹
    Current: ğŸ“‹ Use Case 3: Feature Decomposer Agent
    Fixed:   [CONFIG] Use Case 3: Feature Decomposer Agent

  Line 209: âœ…
    Current: print("âœ… Parent detection for agent context - working")
    Fixed:   print("[SUCCESS] Parent detection for agent context - working")

  Line 210: âœ…
    Current: print("âœ… Orphaned work item restoration from history - implemented")
    Fixed:   print("[SUCCESS] Orphaned work item restoration from history - implemented")

  Line 211: âœ…
    Current: print("âœ… Both use cases are now properly separated and implemented")
    Fixed:   print("[SUCCESS] Both use cases are now properly separated and implemented")


File: X:\Programs\agile-backlog-automation\tools\test_progress_and_logs.py
==========================================================================
  Line 24: âœ…
    Current: print("âœ… WebSocket connected successfully!")
    Fixed:   print("[SUCCESS] WebSocket connected successfully!")

  Line 32: ğŸ“¤
    Current: print("ğŸ“¤ Sent test message")
    Fixed:   print("[REQUEST] Sent test message")

  Line 43: ğŸ“¥
    Current: print(f"ğŸ“¥ Received message {message_count}: {message}")
    Fixed:   print(f"[DOWNLOAD] Received message {message_count}: {message}")

  Line 47: âŒ
    Current: print(f"âŒ Error receiving message: {e}")
    Fixed:   print(f"[ERROR] Error receiving message: {e}")

  Line 50: ğŸ“Š
    Current: print(f"ğŸ“Š Received {message_count} messages in 10 seconds")
    Fixed:   print(f"[STATS] Received {message_count} messages in 10 seconds")

  Line 53: âŒ
    Current: print(f"âŒ WebSocket connection failed: {e}")
    Fixed:   print(f"[ERROR] WebSocket connection failed: {e}")

  Line 58: ğŸ“Š
    Current: print("\nğŸ“Š Testing Progress Updates")
    Fixed:   print("\n[STATS] Testing Progress Updates")

  Line 97: âœ…
    Current: print(f"âœ… Project created: {project_id}")
    Fixed:   print(f"[SUCCESS] Project created: {project_id}")

  Line 109: âœ…
    Current: print(f"âœ… Backlog generation started: {job_id}")
    Fixed:   print(f"[SUCCESS] Backlog generation started: {job_id}")

  Line 112: ğŸ“Š
    Current: print(f"ğŸ“Š Monitoring progress for 30 seconds...")
    Fixed:   print(f"[STATS] Monitoring progress for 30 seconds...")

  Line 134: âŒ
    Current: print(f"âŒ Failed to get status: {status_response.status_code}")
    Fixed:   print(f"[ERROR] Failed to get status: {status_response.status_code}")

  Line 137: âŒ
    Current: print(f"âŒ Error checking status: {e}")
    Fixed:   print(f"[ERROR] Error checking status: {e}")

  Line 141: âœ…
    Current: print("âœ… Progress monitoring completed")
    Fixed:   print("[SUCCESS] Progress monitoring completed")

  Line 144: âŒ
    Current: print(f"âŒ Failed to start backlog generation: {backlog_response.status_code}")
    Fixed:   print(f"[ERROR] Failed to start backlog generation: {backlog_response.status_code}")

  Line 147: âŒ
    Current: print(f"âŒ Failed to create project: {response.status_code}")
    Fixed:   print(f"[ERROR] Failed to create project: {response.status_code}")

  Line 151: âŒ
    Current: print(f"âŒ Error during progress test: {e}")
    Fixed:   print(f"[ERROR] Error during progress test: {e}")

  Line 180: âœ…
    Current: print(f"âœ… {name}: OK")
    Fixed:   print(f"[SUCCESS] {name}: OK")

  Line 184: âŒ
    Current: print(f"âŒ {name}: {response.status_code}")
    Fixed:   print(f"[ERROR] {name}: {response.status_code}")

  Line 187: âŒ
    Current: print(f"âŒ {name}: Error - {e}")
    Fixed:   print(f"[ERROR] {name}: Error - {e}")

  Line 205: âœ…
    Current: print("âœ… All tests completed!")
    Fixed:   print("[SUCCESS] All tests completed!")


File: X:\Programs\agile-backlog-automation\tools\test_progress_fixes.py
=======================================================================
  Line 118: âœ…
    Current: print(f"  âœ… Found {len(found_messages)}/{len(expected_messages)} expected progress messages")
    Fixed:   print(f"  [SUCCESS] Found {len(found_messages)}/{len(expected_messages)} expected progress messages")

  Line 121: âœ…
    Current: print("  âœ… QA Progress Communication: PASSED")
    Fixed:   print("  [SUCCESS] QA Progress Communication: PASSED")

  Line 124: âŒ
    Current: print("  âŒ QA Progress Communication: FAILED")
    Fixed:   print("  [ERROR] QA Progress Communication: FAILED")

  Line 129: âŒ
    Current: print(f"  âŒ QA Progress Communication: ERROR - {e}")
    Fixed:   print(f"  [ERROR] QA Progress Communication: ERROR - {e}")

  Line 134: ğŸ”„
    Current: print("\nğŸ”„ Testing Continuous Workflow Sequence Fix")
    Fixed:   print("\n[RETRY] Testing Continuous Workflow Sequence Fix")

  Line 157: âœ…
    Current: print("  âœ… Default stages include Azure integration and final validation")
    Fixed:   print("  [SUCCESS] Default stages include Azure integration and final validation")

  Line 159: âŒ
    Current: print(f"  âŒ Default stages mismatch: {stages}")
    Fixed:   print(f"  [ERROR] Default stages mismatch: {stages}")

  Line 179: âŒ
    Current: print(f"  âŒ Progress decreases at stage {stage_idx}: {prev_progress} -> {progress}")
    Fixed:   print(f"  [ERROR] Progress decreases at stage {stage_idx}: {prev_progress} -> {progress}")

  Line 183: âœ…
    Current: print("  âœ… Progress mapping increases continuously")
    Fixed:   print("  [SUCCESS] Progress mapping increases continuously")

  Line 184: âœ…
    Current: print("  âœ… Continuous Workflow Sequence: PASSED")
    Fixed:   print("  [SUCCESS] Continuous Workflow Sequence: PASSED")

  Line 189: ğŸ”
    Current: print("\nğŸ” Testing ProgressLoggingWrapper Message Parsing")
    Fixed:   print("\n[SEARCH] Testing ProgressLoggingWrapper Message Parsing")

  Line 223: ğŸ“Š
    Current: print(f"  ğŸ“Š PROGRESS: {item_type} '{item_name}' {'completed' if completed else 'processing'}")
    Fixed:   print(f"  [STATS] PROGRESS: {item_type} '{item_name}' {'completed' if completed else 'processing'}")

  Line 252: âœ…
    Current: print("  âœ… ProgressLoggingWrapper Message Parsing: PASSED")
    Fixed:   print("  [SUCCESS] ProgressLoggingWrapper Message Parsing: PASSED")

  Line 255: âŒ
    Current: print("  âŒ ProgressLoggingWrapper Message Parsing: FAILED")
    Fixed:   print("  [ERROR] ProgressLoggingWrapper Message Parsing: FAILED")

  Line 276: ğŸ“Š
    Current: print("ğŸ“Š TEST RESULTS SUMMARY")
    Fixed:   print("[STATS] TEST RESULTS SUMMARY")

  Line 282: âœ…
    Current: print(f"âœ… Passed: {passed}/{total}")
    Fixed:   print(f"[SUCCESS] Passed: {passed}/{total}")

  Line 283: âŒ
    Current: print(f"âŒ Failed: {total - passed}/{total}")
    Fixed:   print(f"[ERROR] Failed: {total - passed}/{total}")

  Line 287: âœ…
    Current: print("âœ… Issue #7 (QA Progress Communication): FIXED")
    Fixed:   print("[SUCCESS] Issue #7 (QA Progress Communication): FIXED")

  Line 288: âœ…
    Current: print("âœ… Issue #8 (Progress Bar Reset): FIXED")
    Fixed:   print("[SUCCESS] Issue #8 (Progress Bar Reset): FIXED")


File: X:\Programs\agile-backlog-automation\tools\test_project_creation.py
=========================================================================
  Line 51: âœ…
    Current: print(f"âœ… Project creation successful!")
    Fixed:   print(f"[SUCCESS] Project creation successful!")

  Line 70: âœ…
    Current: print(f"âœ… Backlog generation started!")
    Fixed:   print(f"[SUCCESS] Backlog generation started!")

  Line 77: âŒ
    Current: print(f"âŒ Backlog generation failed: {backlog_response.text}")
    Fixed:   print(f"[ERROR] Backlog generation failed: {backlog_response.text}")

  Line 79: âŒ
    Current: print("âŒ No project ID found in response")
    Fixed:   print("[ERROR] No project ID found in response")

  Line 81: âŒ
    Current: print(f"âŒ Project creation failed: {response.text}")
    Fixed:   print(f"[ERROR] Project creation failed: {response.text}")

  Line 84: âŒ
    Current: print(f"âŒ Error during test: {e}")
    Fixed:   print(f"[ERROR] Error during test: {e}")


File: X:\Programs\agile-backlog-automation\tools\test_prompt_system_fixes.py
============================================================================
  Line 40: âœ…âŒ
    Current: status = "âœ… VALID" if validation['valid'] else "âŒ INVALID"
    Fixed:   status = "[SUCCESS] VALID" if validation['valid'] else "[ERROR] INVALID"

  Line 58: âŒ
    Current: print(f"   {template['name']}: âŒ Error - {e}")
    Fixed:   print(f"   {template['name']}: [ERROR] Error - {e}")

  Line 67: âœ…
    Current: print(f"   {template['name']}: âœ… Generated with fallbacks")
    Fixed:   print(f"   {template['name']}: [SUCCESS] Generated with fallbacks")

  Line 69: âŒ
    Current: print(f"   {template['name']}: âŒ Error - {e}")
    Fixed:   print(f"   {template['name']}: [ERROR] Error - {e}")

  Line 71: âœ…
    Current: print("\nâœ… Prompt Manager tests completed!")
    Fixed:   print("\n[SUCCESS] Prompt Manager tests completed!")

  Line 98: âœ…
    Current: print(f"   âœ… Initialized successfully")
    Fixed:   print(f"   [SUCCESS] Initialized successfully")

  Line 105: âŒ
    Current: print(f"   âŒ Agent Error: {e}")
    Fixed:   print(f"   [ERROR] Agent Error: {e}")

  Line 107: âŒ
    Current: print(f"   âŒ Unexpected Error: {e}")
    Fixed:   print(f"   [ERROR] Unexpected Error: {e}")

  Line 128: âœ…
    Current: print(f"   âœ… Prompt generated: {len(prompt)} chars")
    Fixed:   print(f"   [SUCCESS] Prompt generated: {len(prompt)} chars")

  Line 140: âŒ
    Current: print(f"   âŒ Communication Error: {e}")
    Fixed:   print(f"   [ERROR] Communication Error: {e}")

  Line 152: âŒ
    Current: print("   âŒ Should have failed")
    Fixed:   print("   [ERROR] Should have failed")

  Line 154: âœ…
    Current: print(f"   âœ… Correctly handled: {type(e).__name__}")
    Fixed:   print(f"   [SUCCESS] Correctly handled: {type(e).__name__}")

  Line 165: âŒ
    Current: print("   âŒ Should have failed")
    Fixed:   print("   [ERROR] Should have failed")

  Line 167: âœ…
    Current: print(f"   âœ… Correctly handled: {type(e).__name__}")
    Fixed:   print(f"   [SUCCESS] Correctly handled: {type(e).__name__}")

  Line 176: âœ…
    Current: print("   âœ… Template validation handled gracefully")
    Fixed:   print("   [SUCCESS] Template validation handled gracefully")

  Line 178: âœ…
    Current: print("\nâœ… Error handling tests completed!")
    Fixed:   print("\n[SUCCESS] Error handling tests completed!")

  Line 200: âœ…
    Current: print(f"   âœ… Retrieved {len(content)} chars for {template['name']}")
    Fixed:   print(f"   [SUCCESS] Retrieved {len(content)} chars for {template['name']}")

  Line 202: âŒ
    Current: print(f"   âŒ Failed to retrieve content for {template['name']}")
    Fixed:   print(f"   [ERROR] Failed to retrieve content for {template['name']}")

  Line 204: âœ…
    Current: print("\nâœ… Prompt versioning tests completed!")
    Fixed:   print("\n[SUCCESS] Prompt versioning tests completed!")

  Line 229: âœ…
    Current: print("âœ… All tests completed successfully!")
    Fixed:   print("[SUCCESS] All tests completed successfully!")

  Line 231: âœ…
    Current: print("âœ… Enhanced prompt manager with versioning")
    Fixed:   print("[SUCCESS] Enhanced prompt manager with versioning")

  Line 232: âœ…
    Current: print("âœ… Improved template validation")
    Fixed:   print("[SUCCESS] Improved template validation")

  Line 233: âœ…
    Current: print("âœ… Better context variable handling with fallbacks")
    Fixed:   print("[SUCCESS] Better context variable handling with fallbacks")

  Line 234: âœ…
    Current: print("âœ… Robust agent initialization")
    Fixed:   print("[SUCCESS] Robust agent initialization")

  Line 235: âœ…
    Current: print("âœ… Comprehensive error handling")
    Fixed:   print("[SUCCESS] Comprehensive error handling")

  Line 236: âœ…
    Current: print("âœ… Agent communication improvements")
    Fixed:   print("[SUCCESS] Agent communication improvements")

  Line 237: âœ…
    Current: print("âœ… Template metadata tracking")
    Fixed:   print("[SUCCESS] Template metadata tracking")

  Line 240: âŒ
    Current: print(f"\nâŒ Test suite failed: {e}")
    Fixed:   print(f"\n[ERROR] Test suite failed: {e}")


File: X:\Programs\agile-backlog-automation\tools\test_server.py
===============================================================
  Line 17: âœ…
    Current: print(f"âœ… Health check: {response.status_code} - {response.text}")
    Fixed:   print(f"[SUCCESS] Health check: {response.status_code} - {response.text}")

  Line 19: âŒ
    Current: print(f"âŒ Health check failed: {e}")
    Fixed:   print(f"[ERROR] Health check failed: {e}")

  Line 25: âœ…
    Current: print(f"âœ… Jobs endpoint: {response.status_code}")
    Fixed:   print(f"[SUCCESS] Jobs endpoint: {response.status_code}")

  Line 28: âŒ
    Current: print(f"âŒ Jobs endpoint failed: {e}")
    Fixed:   print(f"[ERROR] Jobs endpoint failed: {e}")

  Line 34: âœ…
    Current: print(f"âœ… Create test job: {response.status_code}")
    Fixed:   print(f"[SUCCESS] Create test job: {response.status_code}")

  Line 41: âŒ
    Current: print(f"âŒ Create test job failed: {e}")
    Fixed:   print(f"[ERROR] Create test job failed: {e}")


File: X:\Programs\agile-backlog-automation\tools\test_settings_api.py
=====================================================================
  Line 26: âœ…
    Current: print(f"âœ… Current User: {user_data['data']['display_name']} ({user_data['data']['email']})")
    Fixed:   print(f"[SUCCESS] Current User: {user_data['data']['display_name']} ({user_data['data']['email']})")

  Line 29: âŒ
    Current: print(f"âŒ Failed to get current user: {response.status_code}")
    Fixed:   print(f"[ERROR] Failed to get current user: {response.status_code}")

  Line 31: âŒ
    Current: print(f"âŒ Error getting current user: {e}")
    Fixed:   print(f"[ERROR] Error getting current user: {e}")

  Line 41: âœ…
    Current: print(f"âœ… Work Item Limits:")
    Fixed:   print(f"[SUCCESS] Work Item Limits:")

  Line 48: âŒ
    Current: print(f"âŒ Failed to get work item limits: {response.status_code}")
    Fixed:   print(f"[ERROR] Failed to get work item limits: {response.status_code}")

  Line 50: âŒ
    Current: print(f"âŒ Error getting work item limits: {e}")
    Fixed:   print(f"[ERROR] Error getting work item limits: {e}")

  Line 75: âœ…
    Current: print(f"âœ… Saved work item limits: {result['message']}")
    Fixed:   print(f"[SUCCESS] Saved work item limits: {result['message']}")

  Line 77: âŒ
    Current: print(f"âŒ Failed to save work item limits: {response.status_code}")
    Fixed:   print(f"[ERROR] Failed to save work item limits: {response.status_code}")

  Line 80: âŒ
    Current: print(f"âŒ Error saving work item limits: {e}")
    Fixed:   print(f"[ERROR] Error saving work item limits: {e}")

  Line 90: âœ…
    Current: print(f"âœ… Session Work Item Limits:")
    Fixed:   print(f"[SUCCESS] Session Work Item Limits:")

  Line 97: âŒ
    Current: print(f"âŒ Failed to get session work item limits: {response.status_code}")
    Fixed:   print(f"[ERROR] Failed to get session work item limits: {response.status_code}")

  Line 99: âŒ
    Current: print(f"âŒ Error getting session work item limits: {e}")
    Fixed:   print(f"[ERROR] Error getting session work item limits: {e}")

  Line 122: âœ…
    Current: print(f"âœ… Saved user default limits: {result['message']}")
    Fixed:   print(f"[SUCCESS] Saved user default limits: {result['message']}")

  Line 124: âŒ
    Current: print(f"âŒ Failed to save user default limits: {response.status_code}")
    Fixed:   print(f"[ERROR] Failed to save user default limits: {response.status_code}")

  Line 127: âŒ
    Current: print(f"âŒ Error saving user default limits: {e}")
    Fixed:   print(f"[ERROR] Error saving user default limits: {e}")

  Line 137: âœ…
    Current: print(f"âœ… All Settings:")
    Fixed:   print(f"[SUCCESS] All Settings:")

  Line 141: âŒ
    Current: print(f"âŒ Failed to get all settings: {response.status_code}")
    Fixed:   print(f"[ERROR] Failed to get all settings: {response.status_code}")

  Line 143: âŒ
    Current: print(f"âŒ Error getting all settings: {e}")
    Fixed:   print(f"[ERROR] Error getting all settings: {e}")

  Line 145: âœ…
    Current: print("\nâœ… All settings API tests completed!")
    Fixed:   print("\n[SUCCESS] All settings API tests completed!")


File: X:\Programs\agile-backlog-automation\tools\test_settings_database.py
==========================================================================
  Line 48: âœ…
    Current: print(f"âœ… Save session limits: {success}")
    Fixed:   print(f"[SUCCESS] Save session limits: {success}")

  Line 62: âœ…
    Current: print(f"âœ… Save user defaults: {success}")
    Fixed:   print(f"[SUCCESS] Save user defaults: {success}")

  Line 66: ğŸ“‹
    Current: print(f"ğŸ“‹ Session limits retrieved:")
    Fixed:   print(f"[CONFIG] Session limits retrieved:")

  Line 75: ğŸ“‹
    Current: print(f"ğŸ“‹ User defaults retrieved:")
    Fixed:   print(f"[CONFIG] User defaults retrieved:")

  Line 93: âœ…
    Current: print(f"âœ… Save session visual settings: {success}")
    Fixed:   print(f"[SUCCESS] Save session visual settings: {success}")

  Line 100: âœ…
    Current: print(f"âœ… Save user visual defaults: {success}")
    Fixed:   print(f"[SUCCESS] Save user visual defaults: {success}")

  Line 104: ğŸ“‹
    Current: print(f"ğŸ“‹ Session visual settings: glow_intensity = {visual.glow_intensity}")
    Fixed:   print(f"[CONFIG] Session visual settings: glow_intensity = {visual.glow_intensity}")

  Line 108: ğŸ“‹
    Current: print(f"ğŸ“‹ User visual defaults: glow_intensity = {visual.glow_intensity}")
    Fixed:   print(f"[CONFIG] User visual defaults: glow_intensity = {visual.glow_intensity}")

  Line 117: ğŸ“‹
    Current: print("ğŸ“‹ All settings (with session):")
    Fixed:   print("[CONFIG] All settings (with session):")

  Line 122: ğŸ“‹
    Current: print("ğŸ“‹ All settings (user defaults):")
    Fixed:   print("[CONFIG] All settings (user defaults):")

  Line 133: ğŸ“‹
    Current: print(f"ğŸ“‹ Setting history for {user_id}:")
    Fixed:   print(f"[CONFIG] Setting history for {user_id}:")

  Line 144: âœ…
    Current: print(f"âœ… Delete session settings: {success}")
    Fixed:   print(f"[SUCCESS] Delete session settings: {success}")

  Line 148: ğŸ“‹
    Current: print(f"ğŸ“‹ After deletion - Session limits (should be user defaults):")
    Fixed:   print(f"[CONFIG] After deletion - Session limits (should be user defaults):")

  Line 153: âœ…
    Current: print("âœ… All database settings tests completed successfully!")
    Fixed:   print("[SUCCESS] All database settings tests completed successfully!")

  Line 159: âœ…
    Current: print("âœ… Test data cleaned up")
    Fixed:   print("[SUCCESS] Test data cleaned up")


File: X:\Programs\agile-backlog-automation\tools\test_settings_integration.py
=============================================================================
  Line 17: ğŸ”§
    Current: print("ğŸ”§ Testing Settings Manager Integration")
    Fixed:   print("[TOOL] Testing Settings Manager Integration")

  Line 29: ğŸ“‹
    Current: print(f"ğŸ“‹ Current User ID: {current_user_id}")
    Fixed:   print(f"[CONFIG] Current User ID: {current_user_id}")

  Line 33: ğŸ“Š
    Current: print(f"ğŸ“Š Work Item Limits:")
    Fixed:   print(f"[STATS] Work Item Limits:")

  Line 42: ğŸ”
    Current: print(f"\nğŸ” Config Limits (work_item_limits section):")
    Fixed:   print(f"\n[SEARCH] Config Limits (work_item_limits section):")

  Line 48: ğŸ”
    Current: print(f"\nğŸ” Workflow Limits (workflow.limits section):")
    Fixed:   print(f"\n[SEARCH] Workflow Limits (workflow.limits section):")

  Line 54: âœ…
    Current: print(f"\nâœ… SUCCESS: Settings manager is using work_item_limits section")
    Fixed:   print(f"\n[SUCCESS] SUCCESS: Settings manager is using work_item_limits section")

  Line 56: âŒ
    Current: print(f"\nâŒ ERROR: Settings manager is not using work_item_limits section")
    Fixed:   print(f"\n[ERROR] ERROR: Settings manager is not using work_item_limits section")

  Line 59: âœ…
    Current: print(f"âœ… SUCCESS: Workflow limits are set to null (production mode)")
    Fixed:   print(f"[SUCCESS] SUCCESS: Workflow limits are set to null (production mode)")

  Line 66: âŒ
    Current: print(f"âŒ Error testing settings integration: {e}")
    Fixed:   print(f"[ERROR] Error testing settings integration: {e}")


File: X:\Programs\agile-backlog-automation\tools\test_single_suite_deletion.py
==============================================================================
  Line 37: ğŸ”
    Current: print("ğŸ” Step 1: Finding test plan for the suite...")
    Fixed:   print("[SEARCH] Step 1: Finding test plan for the suite...")

  Line 67: âœ…
    Current: print(f"âœ… Found test suite {test_suite_id} in test plan {plan_id}")
    Fixed:   print(f"[SUCCESS] Found test suite {test_suite_id} in test plan {plan_id}")

  Line 86: âœ…
    Current: print(f"âœ… Successfully deleted test suite {test_suite_id} via test plan {found_plan}")
    Fixed:   print(f"[SUCCESS] Successfully deleted test suite {test_suite_id} via test plan {found_plan}")

  Line 89: âŒ
    Current: print(f"âŒ Test plan API failed: {response.status_code}")
    Fixed:   print(f"[ERROR] Test plan API failed: {response.status_code}")

  Line 100: âœ…
    Current: print(f"âœ… Successfully deleted test suite {test_suite_id} directly")
    Fixed:   print(f"[SUCCESS] Successfully deleted test suite {test_suite_id} directly")

  Line 103: âŒ
    Current: print(f"âŒ Direct deletion failed: {response.status_code}")
    Fixed:   print(f"[ERROR] Direct deletion failed: {response.status_code}")

  Line 108: âŒ
    Current: print(f"âŒ Error: {e}")
    Fixed:   print(f"[ERROR] Error: {e}")


File: X:\Programs\agile-backlog-automation\tools\test_small_plan_deletion.py
============================================================================
  Line 40: ğŸ”§
    Current: print(f"ğŸ”§ Initialized Test Small Plan Deleter (Backlog Automation Project)")
    Fixed:   print(f"[TOOL] Initialized Test Small Plan Deleter (Backlog Automation Project)")

  Line 46: ğŸ”
    Current: print("ğŸ” Querying test plans via WIQL from Backlog Automation project...")
    Fixed:   print("[SEARCH] Querying test plans via WIQL from Backlog Automation project...")

  Line 53: ğŸ“‹
    Current: print(f"ğŸ“‹ WIQL Query: {query}")
    Fixed:   print(f"[CONFIG] WIQL Query: {query}")

  Line 68: âœ…
    Current: print(f"âœ… Found {len(test_plan_ids)} test plans")
    Fixed:   print(f"[SUCCESS] Found {len(test_plan_ids)} test plans")

  Line 72: âŒ
    Current: print(f"âŒ Error querying test plans: {e}")
    Fixed:   print(f"[ERROR] Error querying test plans: {e}")

  Line 87: âœ…
    Current: print(f"  âœ… Successfully deleted test plan {test_plan_id} from Backlog Automation project")
    Fixed:   print(f"  [SUCCESS] Successfully deleted test plan {test_plan_id} from Backlog Automation project")

  Line 93: âŒ
    Current: print(f"  âŒ Error deleting test plan {test_plan_id}: {response.status_code}")
    Fixed:   print(f"  [ERROR] Error deleting test plan {test_plan_id}: {response.status_code}")

  Line 98: âŒ
    Current: print(f"  âŒ Error deleting test plan {test_plan_id}: {e}")
    Fixed:   print(f"  [ERROR] Error deleting test plan {test_plan_id}: {e}")

  Line 114: ğŸ“‹
    Current: print(f"\nğŸ“‹ Processing {i}/{len(test_plan_ids)}: Test Plan {test_plan_id}")
    Fixed:   print(f"\n[CONFIG] Processing {i}/{len(test_plan_ids)}: Test Plan {test_plan_id}")

  Line 126: âŒ
    Current: print(f"  âŒ Exception: {e}")
    Fixed:   print(f"  [ERROR] Exception: {e}")

  Line 130: ğŸ“Š
    Current: print("ğŸ“Š BULK DELETION SUMMARY (Backlog Automation Project)")
    Fixed:   print("[STATS] BULK DELETION SUMMARY (Backlog Automation Project)")

  Line 137: âŒ
    Current: print(f"\nâŒ Errors encountered:")
    Fixed:   print(f"\n[ERROR] Errors encountered:")

  Line 161: âœ…
    Current: print("âœ… No test plans found to delete")
    Fixed:   print("[SUCCESS] No test plans found to delete")

  Line 164: ğŸ“‹
    Current: print(f"ğŸ“‹ Testing with first {len(test_plan_ids)} test plans")
    Fixed:   print(f"[CONFIG] Testing with first {len(test_plan_ids)} test plans")

  Line 168: ğŸ”
    Current: print(f"\nğŸ” TEST PLAN IDs FOR DELETION:")
    Fixed:   print(f"\n[SEARCH] TEST PLAN IDs FOR DELETION:")

  Line 177: âŒ
    Current: print("âŒ Deletion cancelled")
    Fixed:   print("[ERROR] Deletion cancelled")

  Line 186: âŒ
    Current: print(f"âŒ Error: {e}")
    Fixed:   print(f"[ERROR] Error: {e}")


File: X:\Programs\agile-backlog-automation\tools\test_sse_implementation.py
===========================================================================
  Line 25: âœ…
    Current: print(f"âœ… Created test job: {job_id}")
    Fixed:   print(f"[SUCCESS] Created test job: {job_id}")

  Line 27: âŒ
    Current: print(f"âŒ Failed to create test job: {response.status}")
    Fixed:   print(f"[ERROR] Failed to create test job: {response.status}")

  Line 37: âŒ
    Current: print(f"âŒ SSE connection failed: {response.status}")
    Fixed:   print(f"[ERROR] SSE connection failed: {response.status}")

  Line 40: âœ…
    Current: print("âœ… SSE connection established")
    Fixed:   print("[SUCCESS] SSE connection established")

  Line 50: âœ…
    Current: print("âœ… Connection confirmed")
    Fixed:   print("[SUCCESS] Connection confirmed")

  Line 52: ğŸ“Š
    Current: print(f"ğŸ“Š Progress: {data.get('progress', 0)}% - {data.get('currentAction', '')}")
    Fixed:   print(f"[STATS] Progress: {data.get('progress', 0)}% - {data.get('currentAction', '')}")

  Line 57: âŒ
    Current: print(f"âŒ SSE Error: {data.get('message', 'Unknown error')}")
    Fixed:   print(f"[ERROR] SSE Error: {data.get('message', 'Unknown error')}")

  Line 60: âŒ
    Current: print(f"âŒ Failed to parse SSE data: {e}")
    Fixed:   print(f"[ERROR] Failed to parse SSE data: {e}")

  Line 68: ğŸ”„
    Current: print(f"\nğŸ”„ Updating job progress to {progress}%...")
    Fixed:   print(f"\n[RETRY] Updating job progress to {progress}%...")

  Line 73: âœ…
    Current: print(f"âœ… Progress updated to {progress}%")
    Fixed:   print(f"[SUCCESS] Progress updated to {progress}%")

  Line 75: âŒ
    Current: print(f"âŒ Failed to update progress: {response.status}")
    Fixed:   print(f"[ERROR] Failed to update progress: {response.status}")

  Line 88: âŒ
    Current: print(f"\nâŒ SSE test failed: {e}")
    Fixed:   print(f"\n[ERROR] SSE test failed: {e}")

  Line 100: âœ…
    Current: print(f"âœ… Backend is healthy: {data}")
    Fixed:   print(f"[SUCCESS] Backend is healthy: {data}")

  Line 103: âŒ
    Current: print(f"âŒ Backend health check failed: {response.status}")
    Fixed:   print(f"[ERROR] Backend health check failed: {response.status}")

  Line 106: âŒ
    Current: print(f"âŒ Backend health check error: {e}")
    Fixed:   print(f"[ERROR] Backend health check error: {e}")

  Line 116: âŒ
    Current: print("\nâŒ Backend is not available. Please start the API server first.")
    Fixed:   print("\n[ERROR] Backend is not available. Please start the API server first.")

  Line 126: âŒ
    Current: print("\nâŒ Tests failed. Please check the implementation.")
    Fixed:   print("\n[ERROR] Tests failed. Please check the implementation.")


File: X:\Programs\agile-backlog-automation\tools\test_suite_via_plan.py
=======================================================================
  Line 38: ğŸ”
    Current: print("ğŸ” Step 1: Getting test plan details...")
    Fixed:   print("[SEARCH] Step 1: Getting test plan details...")

  Line 44: âœ…
    Current: print(f"âœ… Test Plan {plan_id}: {plan_item.get('fields', {}).get('System.Title')}")
    Fixed:   print(f"[SUCCESS] Test Plan {plan_id}: {plan_item.get('fields', {}).get('System.Title')}")

  Line 46: âŒ
    Current: print(f"âŒ Error getting test plan: {plan_response.status_code}")
    Fixed:   print(f"[ERROR] Error getting test plan: {plan_response.status_code}")

  Line 51: ğŸ”
    Current: print(f"\nğŸ” Step 2: Getting test suites in plan {plan_id}...")
    Fixed:   print(f"\n[SEARCH] Step 2: Getting test suites in plan {plan_id}...")

  Line 58: âœ…
    Current: print(f"âœ… Found {len(suites)} test suites in plan {plan_id}")
    Fixed:   print(f"[SUCCESS] Found {len(suites)} test suites in plan {plan_id}")

  Line 65: âŒ
    Current: print(f"âŒ Error getting test suites: {suites_response.status_code}")
    Fixed:   print(f"[ERROR] Error getting test suites: {suites_response.status_code}")

  Line 77: âœ…
    Current: print(f"âœ… Successfully deleted test suite {suite_id} from plan {plan_id}")
    Fixed:   print(f"[SUCCESS] Successfully deleted test suite {suite_id} from plan {plan_id}")

  Line 80: âŒ
    Current: print(f"âŒ Error deleting test suite: {delete_response.status_code}")
    Fixed:   print(f"[ERROR] Error deleting test suite: {delete_response.status_code}")

  Line 85: âŒ
    Current: print(f"âŒ Error: {e}")
    Fixed:   print(f"[ERROR] Error: {e}")


File: X:\Programs\agile-backlog-automation\tools\test_sweeper_fix.py
====================================================================
  Line 37: âŒ
    Current: print("âŒ Error: AZURE_DEVOPS_PAT environment variable not set")
    Fixed:   print("[ERROR] Error: AZURE_DEVOPS_PAT environment variable not set")

  Line 53: ğŸ”
    Current: print("ğŸ” Testing validate_relationships method...")
    Fixed:   print("[SEARCH] Testing validate_relationships method...")

  Line 68: ğŸ“Š
    Current: print(f"ğŸ“Š Orphaned Work Items by Type:")
    Fixed:   print(f"[STATS] Orphaned Work Items by Type:")

  Line 72: ğŸ¤–
    Current: print(f"\nğŸ¤– Orphaned Work Items by Suggested Agent:")
    Fixed:   print(f"\n[AI] Orphaned Work Items by Suggested Agent:")

  Line 80: âœ…
    Current: print(f"\nâœ… Fix Verification:")
    Fixed:   print(f"\n[SUCCESS] Fix Verification:")

  Line 82: âœ…
    Current: print(f"   âœ… Orphaned test cases ({test_case_count}) are now assigned to QA Lead Agent")
    Fixed:   print(f"   [SUCCESS] Orphaned test cases ({test_case_count}) are now assigned to QA Lead Agent")

  Line 89: âŒ
    Current: print(f"âŒ Error testing sweeper fix: {e}")
    Fixed:   print(f"[ERROR] Error testing sweeper fix: {e}")


File: X:\Programs\agile-backlog-automation\tools\test_tiny_models.py
====================================================================
  Line 13: ğŸ”„
    Current: print(f"ğŸ”„ Testing {model_name} with minimal settings...")
    Fixed:   print(f"[RETRY] Testing {model_name} with minimal settings...")

  Line 41: âœ…
    Current: print(f"  âœ… {duration:.2f} seconds")
    Fixed:   print(f"  [SUCCESS] {duration:.2f} seconds")

  Line 45: âŒ
    Current: print(f"  âŒ HTTP {response.status_code}: {response.text}")
    Fixed:   print(f"  [ERROR] HTTP {response.status_code}: {response.text}")

  Line 49: âŒ
    Current: print(f"  âŒ Error: {e}")
    Fixed:   print(f"  [ERROR] Error: {e}")

  Line 67: ğŸ“Š
    Current: print("ğŸ“Š Working Models (Minimal Settings):")
    Fixed:   print("[STATS] Working Models (Minimal Settings):")

  Line 82: ğŸ”§
    Current: print("ğŸ”§ Configuration:")
    Fixed:   print("[TOOL] Configuration:")

  Line 89: âŒ
    Current: print("âŒ No models work with current memory")
    Fixed:   print("[ERROR] No models work with current memory")

  Line 91: ğŸš¨
    Current: print("ğŸš¨ Critical Memory Issues:")
    Fixed:   print("[ALERT] Critical Memory Issues:")


File: X:\Programs\agile-backlog-automation\tools\test_unicode_fixes.py
======================================================================
  Line 20: âœ…âŒ
    Current: "title": "User Story with âœ… and âŒ symbols",
    Fixed:   "title": "User Story with [SUCCESS] and [ERROR] symbols",

  Line 23: âœ…
    Current: "User can see âœ… success messages",
    Fixed:   "User can see [SUCCESS] success messages",

  Line 24: âŒ
    Current: "System shows âŒ error messages",
    Fixed:   "System shows [ERROR] error messages",

  Line 25: ğŸ“Š
    Current: "App displays ğŸ“Š statistics correctly"
    Fixed:   "App displays [STATS] statistics correctly"

  Line 30: ğŸ”§
    Current: "steps": ["Step 1 with ğŸ’¡ idea", "Step 2 with ğŸ”§ tool"]
    Fixed:   "steps": ["Step 1 with ğŸ’¡ idea", "Step 2 with [TOOL] tool"]

  Line 44: âœ…âŒ
    Current: if "âœ…" not in json_str and "âŒ" not in json_str:
    Fixed:   if "[SUCCESS]" not in json_str and "[ERROR]" not in json_str:

  Line 45: âœ…
    Current: print("  âœ… Database sanitization working correctly")
    Fixed:   print("  [SUCCESS] Database sanitization working correctly")

  Line 47: âŒ
    Current: print("  âŒ Database sanitization failed")
    Fixed:   print("  [ERROR] Database sanitization failed")

  Line 60: âœ…âŒ
    Current: test_message = "ğŸ‰ Success with âœ… and âŒ symbols"
    Fixed:   test_message = "ğŸ‰ Success with [SUCCESS] and [ERROR] symbols"

  Line 63: âœ…âŒ
    Current: if "âœ…" not in sanitized and "âŒ" not in sanitized:
    Fixed:   if "[SUCCESS]" not in sanitized and "[ERROR]" not in sanitized:

  Line 64: âœ…
    Current: print("  âœ… Notifier sanitization working correctly")
    Fixed:   print("  [SUCCESS] Notifier sanitization working correctly")

  Line 66: âŒ
    Current: print("  âŒ Notifier sanitization failed")
    Fixed:   print("  [ERROR] Notifier sanitization failed")

  Line 79: ğŸ”ğŸ“Š
    Current: test_text = "ğŸ” Search with ğŸ“Š stats and ğŸ¯ targets"
    Fixed:   test_text = "[SEARCH] Search with [STATS] stats and ğŸ¯ targets"

  Line 82: ğŸ”ğŸ“Š
    Current: if "ğŸ”" not in sanitized and "ğŸ“Š" not in sanitized:
    Fixed:   if "[SEARCH]" not in sanitized and "[STATS]" not in sanitized:

  Line 83: âœ…
    Current: print("  âœ… Supervisor sanitization working correctly")
    Fixed:   print("  [SUCCESS] Supervisor sanitization working correctly")

  Line 85: âŒ
    Current: print("  âŒ Supervisor sanitization failed")
    Fixed:   print("  [ERROR] Supervisor sanitization failed")

  Line 100: âœ…
    Current: print(f"  âœ… Improved process management script found: {script_path}")
    Fixed:   print(f"  [SUCCESS] Improved process management script found: {script_path}")

  Line 120: âœ…
    Current: print(f"  âœ… Script contains {found_improvements}/5 key improvements")
    Fixed:   print(f"  [SUCCESS] Script contains {found_improvements}/5 key improvements")

  Line 125: âŒ
    Current: print(f"  âŒ Improved process management script not found")
    Fixed:   print(f"  [ERROR] Improved process management script not found")

  Line 146: ğŸ“Š
    Current: print("ğŸ“Š Test Results Summary")
    Fixed:   print("[STATS] Test Results Summary")

  Line 150: âœ…
    Current: print("âœ… Unicode fixes (Issue #9): PASSED")
    Fixed:   print("[SUCCESS] Unicode fixes (Issue #9): PASSED")

  Line 152: âŒ
    Current: print("âŒ Unicode fixes (Issue #9): FAILED")
    Fixed:   print("[ERROR] Unicode fixes (Issue #9): FAILED")

  Line 155: âœ…
    Current: print("âœ… Process management fixes (Issue #10): PASSED")
    Fixed:   print("[SUCCESS] Process management fixes (Issue #10): PASSED")

  Line 157: âŒ
    Current: print("âŒ Process management fixes (Issue #10): FAILED")
    Fixed:   print("[ERROR] Process management fixes (Issue #10): FAILED")


File: X:\Programs\agile-backlog-automation\tools\test_unified_server.py
=======================================================================
  Line 18: ğŸ”
    Current: print("ğŸ” Testing health check...")
    Fixed:   print("[SEARCH] Testing health check...")

  Line 23: âœ…
    Current: print(f"âœ… Health check passed: {data}")
    Fixed:   print(f"[SUCCESS] Health check passed: {data}")

  Line 26: âŒ
    Current: print(f"âŒ Health check failed: {response.status_code}")
    Fixed:   print(f"[ERROR] Health check failed: {response.status_code}")

  Line 29: âŒ
    Current: print(f"âŒ Health check error: {e}")
    Fixed:   print(f"[ERROR] Health check error: {e}")

  Line 34: ğŸ”
    Current: print("\nğŸ” Testing configuration endpoints...")
    Fixed:   print("\n[SEARCH] Testing configuration endpoints...")

  Line 40: âœ…
    Current: print("âœ… Get config endpoint working")
    Fixed:   print("[SUCCESS] Get config endpoint working")

  Line 42: âŒ
    Current: print(f"âŒ Get config failed: {response.status_code}")
    Fixed:   print(f"[ERROR] Get config failed: {response.status_code}")

  Line 45: âŒ
    Current: print(f"âŒ Get config error: {e}")
    Fixed:   print(f"[ERROR] Get config error: {e}")

  Line 57: âœ…
    Current: print("âœ… Save config endpoint working")
    Fixed:   print("[SUCCESS] Save config endpoint working")

  Line 59: âŒ
    Current: print(f"âŒ Save config failed: {response.status_code}")
    Fixed:   print(f"[ERROR] Save config failed: {response.status_code}")

  Line 62: âŒ
    Current: print(f"âŒ Save config error: {e}")
    Fixed:   print(f"[ERROR] Save config error: {e}")

  Line 69: ğŸ”
    Current: print("\nğŸ” Testing project endpoints...")
    Fixed:   print("\n[SEARCH] Testing project endpoints...")

  Line 98: âœ…
    Current: print(f"âœ… Project created: {project_id}")
    Fixed:   print(f"[SUCCESS] Project created: {project_id}")

  Line 103: âœ…
    Current: print("âœ… Get project endpoint working")
    Fixed:   print("[SUCCESS] Get project endpoint working")

  Line 105: âŒ
    Current: print(f"âŒ Get project failed: {response.status_code}")
    Fixed:   print(f"[ERROR] Get project failed: {response.status_code}")

  Line 111: âœ…
    Current: print("âœ… List projects endpoint working")
    Fixed:   print("[SUCCESS] List projects endpoint working")

  Line 113: âŒ
    Current: print(f"âŒ List projects failed: {response.status_code}")
    Fixed:   print(f"[ERROR] List projects failed: {response.status_code}")

  Line 118: âŒ
    Current: print(f"âŒ Create project failed: {response.status_code}")
    Fixed:   print(f"[ERROR] Create project failed: {response.status_code}")

  Line 121: âŒ
    Current: print(f"âŒ Project endpoints error: {e}")
    Fixed:   print(f"[ERROR] Project endpoints error: {e}")

  Line 126: ğŸ”
    Current: print("\nğŸ” Testing backlog endpoints...")
    Fixed:   print("\n[SEARCH] Testing backlog endpoints...")

  Line 134: âœ…
    Current: print(f"âœ… Backlog generation started: {job_id}")
    Fixed:   print(f"[SUCCESS] Backlog generation started: {job_id}")

  Line 139: âœ…
    Current: print("âœ… Get job status endpoint working")
    Fixed:   print("[SUCCESS] Get job status endpoint working")

  Line 141: âŒ
    Current: print(f"âŒ Get job status failed: {response.status_code}")
    Fixed:   print(f"[ERROR] Get job status failed: {response.status_code}")

  Line 147: âœ…
    Current: print("âœ… Get all jobs endpoint working")
    Fixed:   print("[SUCCESS] Get all jobs endpoint working")

  Line 149: âŒ
    Current: print(f"âŒ Get all jobs failed: {response.status_code}")
    Fixed:   print(f"[ERROR] Get all jobs failed: {response.status_code}")

  Line 154: âŒ
    Current: print(f"âŒ Start backlog generation failed: {response.status_code}")
    Fixed:   print(f"[ERROR] Start backlog generation failed: {response.status_code}")

  Line 157: âŒ
    Current: print(f"âŒ Backlog endpoints error: {e}")
    Fixed:   print(f"[ERROR] Backlog endpoints error: {e}")

  Line 162: ğŸ”
    Current: print("\nğŸ” Testing templates endpoint...")
    Fixed:   print("\n[SEARCH] Testing templates endpoint...")

  Line 168: âœ…
    Current: print(f"âœ… Templates endpoint working: {len(data['data'])} templates found")
    Fixed:   print(f"[SUCCESS] Templates endpoint working: {len(data['data'])} templates found")

  Line 171: âŒ
    Current: print(f"âŒ Templates failed: {response.status_code}")
    Fixed:   print(f"[ERROR] Templates failed: {response.status_code}")

  Line 174: âŒ
    Current: print(f"âŒ Templates error: {e}")
    Fixed:   print(f"[ERROR] Templates error: {e}")

  Line 179: ğŸ”
    Current: print("\nğŸ” Testing validation endpoints...")
    Fixed:   print("\n[SEARCH] Testing validation endpoints...")

  Line 185: âœ…
    Current: print("âœ… Azure validation endpoint working")
    Fixed:   print("[SUCCESS] Azure validation endpoint working")

  Line 187: âŒ
    Current: print(f"âŒ Azure validation failed: {response.status_code}")
    Fixed:   print(f"[ERROR] Azure validation failed: {response.status_code}")

  Line 190: âŒ
    Current: print(f"âŒ Azure validation error: {e}")
    Fixed:   print(f"[ERROR] Azure validation error: {e}")

  Line 197: âœ…
    Current: print("âœ… AI validation endpoint working")
    Fixed:   print("[SUCCESS] AI validation endpoint working")

  Line 199: âŒ
    Current: print(f"âŒ AI validation failed: {response.status_code}")
    Fixed:   print(f"[ERROR] AI validation failed: {response.status_code}")

  Line 202: âŒ
    Current: print(f"âŒ AI validation error: {e}")
    Fixed:   print(f"[ERROR] AI validation error: {e}")

  Line 209: ğŸ”
    Current: print("\nğŸ” Testing management endpoints...")
    Fixed:   print("\n[SEARCH] Testing management endpoints...")

  Line 215: âœ…
    Current: print("âœ… Work items endpoint working")
    Fixed:   print("[SUCCESS] Work items endpoint working")

  Line 217: âŒ
    Current: print(f"âŒ Work items failed: {response.status_code}")
    Fixed:   print(f"[ERROR] Work items failed: {response.status_code}")

  Line 220: âŒ
    Current: print(f"âŒ Work items error: {e}")
    Fixed:   print(f"[ERROR] Work items error: {e}")

  Line 227: âœ…
    Current: print("âœ… Test cases endpoint working")
    Fixed:   print("[SUCCESS] Test cases endpoint working")

  Line 229: âŒ
    Current: print(f"âŒ Test cases failed: {response.status_code}")
    Fixed:   print(f"[ERROR] Test cases failed: {response.status_code}")

  Line 232: âŒ
    Current: print(f"âŒ Test cases error: {e}")
    Fixed:   print(f"[ERROR] Test cases error: {e}")

  Line 239: âœ…
    Current: print("âœ… Test suites endpoint working")
    Fixed:   print("[SUCCESS] Test suites endpoint working")

  Line 241: âŒ
    Current: print(f"âŒ Test suites failed: {response.status_code}")
    Fixed:   print(f"[ERROR] Test suites failed: {response.status_code}")

  Line 244: âŒ
    Current: print(f"âŒ Test suites error: {e}")
    Fixed:   print(f"[ERROR] Test suites error: {e}")

  Line 251: âœ…
    Current: print("âœ… Test plans endpoint working")
    Fixed:   print("[SUCCESS] Test plans endpoint working")

  Line 253: âŒ
    Current: print(f"âŒ Test plans failed: {response.status_code}")
    Fixed:   print(f"[ERROR] Test plans failed: {response.status_code}")

  Line 256: âŒ
    Current: print(f"âŒ Test plans error: {e}")
    Fixed:   print(f"[ERROR] Test plans error: {e}")

  Line 263: ğŸ”
    Current: print("\nğŸ” Testing sweeper endpoints...")
    Fixed:   print("\n[SEARCH] Testing sweeper endpoints...")

  Line 269: âœ…
    Current: print("âœ… Get sweeper config endpoint working")
    Fixed:   print("[SUCCESS] Get sweeper config endpoint working")

  Line 271: âŒ
    Current: print(f"âŒ Get sweeper config failed: {response.status_code}")
    Fixed:   print(f"[ERROR] Get sweeper config failed: {response.status_code}")

  Line 274: âŒ
    Current: print(f"âŒ Get sweeper config error: {e}")
    Fixed:   print(f"[ERROR] Get sweeper config error: {e}")

  Line 287: âœ…
    Current: print("âœ… Save sweeper config endpoint working")
    Fixed:   print("[SUCCESS] Save sweeper config endpoint working")

  Line 289: âŒ
    Current: print(f"âŒ Save sweeper config failed: {response.status_code}")
    Fixed:   print(f"[ERROR] Save sweeper config failed: {response.status_code}")

  Line 292: âŒ
    Current: print(f"âŒ Save sweeper config error: {e}")
    Fixed:   print(f"[ERROR] Save sweeper config error: {e}")

  Line 299: âœ…
    Current: print("âœ… Get sweeper status endpoint working")
    Fixed:   print("[SUCCESS] Get sweeper status endpoint working")

  Line 301: âŒ
    Current: print(f"âŒ Get sweeper status failed: {response.status_code}")
    Fixed:   print(f"[ERROR] Get sweeper status failed: {response.status_code}")

  Line 304: âŒ
    Current: print(f"âŒ Get sweeper status error: {e}")
    Fixed:   print(f"[ERROR] Get sweeper status error: {e}")

  Line 311: ğŸ”
    Current: print("\nğŸ” Testing utility endpoints...")
    Fixed:   print("\n[SEARCH] Testing utility endpoints...")

  Line 317: âœ…
    Current: print("âœ… Test logs endpoint working")
    Fixed:   print("[SUCCESS] Test logs endpoint working")

  Line 319: âŒ
    Current: print(f"âŒ Test logs failed: {response.status_code}")
    Fixed:   print(f"[ERROR] Test logs failed: {response.status_code}")

  Line 322: âŒ
    Current: print(f"âŒ Test logs error: {e}")
    Fixed:   print(f"[ERROR] Test logs error: {e}")

  Line 329: âœ…
    Current: print("âœ… Start application endpoint working")
    Fixed:   print("[SUCCESS] Start application endpoint working")

  Line 331: âŒ
    Current: print(f"âŒ Start application failed: {response.status_code}")
    Fixed:   print(f"[ERROR] Start application failed: {response.status_code}")

  Line 334: âŒ
    Current: print(f"âŒ Start application error: {e}")
    Fixed:   print(f"[ERROR] Start application error: {e}")

  Line 347: ğŸ”
    Current: print("ğŸ” Checking if server is running...")
    Fixed:   print("[SEARCH] Checking if server is running...")

  Line 351: âŒ
    Current: print("âŒ Server is not responding properly")
    Fixed:   print("[ERROR] Server is not responding properly")

  Line 356: âŒ
    Current: print("âŒ Cannot connect to server")
    Fixed:   print("[ERROR] Cannot connect to server")

  Line 361: âœ…
    Current: print("âœ… Server is running")
    Fixed:   print("[SUCCESS] Server is running")

  Line 382: âŒ
    Current: print(f"âŒ {test_name} test failed")
    Fixed:   print(f"[ERROR] {test_name} test failed")

  Line 384: âŒ
    Current: print(f"âŒ {test_name} test error: {e}")
    Fixed:   print(f"[ERROR] {test_name} test error: {e}")

  Line 394: âŒ
    Current: print("âŒ Backlog endpoints test failed")
    Fixed:   print("[ERROR] Backlog endpoints test failed")

  Line 396: âŒ
    Current: print("âŒ Project endpoints test failed")
    Fixed:   print("[ERROR] Project endpoints test failed")

  Line 398: âŒ
    Current: print(f"âŒ Project/Backlog test error: {e}")
    Fixed:   print(f"[ERROR] Project/Backlog test error: {e}")

  Line 403: ğŸ“Š
    Current: print(f"ğŸ“Š Test Results: {passed}/{total} tests passed")
    Fixed:   print(f"[STATS] Test Results: {passed}/{total} tests passed")


File: X:\Programs\agile-backlog-automation\tools\test_user_id_resolver.py
=========================================================================
  Line 23: âœ…
    Current: print(f"âœ… Default User ID: {user_id}")
    Fixed:   print(f"[SUCCESS] Default User ID: {user_id}")

  Line 30: âœ…
    Current: print(f"âœ… User Email: {email}")
    Fixed:   print(f"[SUCCESS] User Email: {email}")

  Line 37: âœ…
    Current: print(f"âœ… Display Name: {display_name}")
    Fixed:   print(f"[SUCCESS] Display Name: {display_name}")

  Line 44: âœ…
    Current: print(f"âœ… Session ID: {session_id}")
    Fixed:   print(f"[SUCCESS] Session ID: {session_id}")

  Line 51: âœ…
    Current: print(f"âœ… User ID Valid: {is_valid}")
    Fixed:   print(f"[SUCCESS] User ID Valid: {is_valid}")

  Line 54: âœ…
    Current: print(f"âœ… Empty User ID Valid: {is_invalid}")
    Fixed:   print(f"[SUCCESS] Empty User ID Valid: {is_invalid}")

  Line 72: âœ…
    Current: print("\nâœ… All user ID resolver tests completed successfully!")
    Fixed:   print("\n[SUCCESS] All user ID resolver tests completed successfully!")


File: X:\Programs\agile-backlog-automation\tools\test_vision_with_ollama.py
===========================================================================
  Line 39: ğŸ“‹
    Current: print(f"ğŸ“‹ Vision Statement:")
    Fixed:   print(f"[CONFIG] Vision Statement:")

  Line 46: âœ…
    Current: print(f"âœ… Configuration loaded")
    Fixed:   print(f"[SUCCESS] Configuration loaded")

  Line 47: ğŸ”§
    Current: print(f"ğŸ”§ LLM Provider: {config.env['LLM_PROVIDER']}")
    Fixed:   print(f"[TOOL] LLM Provider: {config.env['LLM_PROVIDER']}")

  Line 48: ğŸ¤–
    Current: print(f"ğŸ¤– Model: {config.env['OLLAMA_MODEL']}")
    Fixed:   print(f"[AI] Model: {config.env['OLLAMA_MODEL']}")

  Line 61: âœ…
    Current: print(f"âœ… Epic generation completed in {generation_time:.2f}s")
    Fixed:   print(f"[SUCCESS] Epic generation completed in {generation_time:.2f}s")

  Line 67: ğŸ”§
    Current: print(f"\nğŸ”§ Testing Feature Decomposer...")
    Fixed:   print(f"\n[TOOL] Testing Feature Decomposer...")

  Line 79: âœ…
    Current: print(f"âœ… Feature generation completed in {generation_time:.2f}s")
    Fixed:   print(f"[SUCCESS] Feature generation completed in {generation_time:.2f}s")

  Line 96: âœ…
    Current: print(f"âœ… User story generation completed in {generation_time:.2f}s")
    Fixed:   print(f"[SUCCESS] User story generation completed in {generation_time:.2f}s")

  Line 102: âœ…
    Current: print(f"âœ… Ollama integration is working properly")
    Fixed:   print(f"[SUCCESS] Ollama integration is working properly")

  Line 106: âŒ
    Current: print(f"âŒ Test failed: {e}")
    Fixed:   print(f"[ERROR] Test failed: {e}")

  Line 112: ğŸ”
    Current: print("ğŸ” Testing Ollama Connection...")
    Fixed:   print("[SEARCH] Testing Ollama Connection...")

  Line 125: âœ…
    Current: print(f"âœ… Ollama connection successful")
    Fixed:   print(f"[SUCCESS] Ollama connection successful")

  Line 130: âŒ
    Current: print(f"âŒ Ollama connection failed: {e}")
    Fixed:   print(f"[ERROR] Ollama connection failed: {e}")

  Line 140: âŒ
    Current: print("âŒ Cannot proceed without Ollama connection")
    Fixed:   print("[ERROR] Cannot proceed without Ollama connection")

  Line 149: âœ…
    Current: print(f"âœ… Test suite completed!")
    Fixed:   print(f"[SUCCESS] Test suite completed!")


File: X:\Programs\agile-backlog-automation\tools\test_workflow_robustness.py
============================================================================
  Line 38: âœ…
    Current: print("   âœ… API is healthy")
    Fixed:   print("   [SUCCESS] API is healthy")

  Line 40: âŒ
    Current: print(f"   âŒ API returned status {response.status_code}")
    Fixed:   print(f"   [ERROR] API returned status {response.status_code}")

  Line 43: âŒ
    Current: print(f"   âŒ API connection failed: {e}")
    Fixed:   print(f"   [ERROR] API connection failed: {e}")

  Line 106: âŒ
    Current: print(f"   âŒ Failed to create project: {response.status_code}")
    Fixed:   print(f"   [ERROR] Failed to create project: {response.status_code}")

  Line 114: âŒ
    Current: print(f"   âŒ No job/project ID in response")
    Fixed:   print(f"   [ERROR] No job/project ID in response")

  Line 116: âœ…
    Current: print(f"   âœ… Project created with ID: {job_id}")
    Fixed:   print(f"   [SUCCESS] Project created with ID: {job_id}")

  Line 119: âŒ
    Current: print(f"   âŒ Error creating project: {e}")
    Fixed:   print(f"   [ERROR] Error creating project: {e}")

  Line 130: âŒ
    Current: print(f"   âŒ Job timed out after {TEST_TIMEOUT} seconds")
    Fixed:   print(f"   [ERROR] Job timed out after {TEST_TIMEOUT} seconds")

  Line 136: âŒ
    Current: print(f"   âŒ Failed to get job status: {response.status_code}")
    Fixed:   print(f"   [ERROR] Failed to get job status: {response.status_code}")

  Line 147: âœ…
    Current: print("   âœ… Job completed successfully!")
    Fixed:   print("   [SUCCESS] Job completed successfully!")

  Line 150: âŒ
    Current: print("   âŒ Job failed!")
    Fixed:   print("   [ERROR] Job failed!")

  Line 157: âŒ
    Current: print(f"   âŒ Error checking job status: {e}")
    Fixed:   print(f"   [ERROR] Error checking job status: {e}")

  Line 183: âŒ
    Current: print("   âŒ No epics generated - workflow failed at first stage")
    Fixed:   print("   [ERROR] No epics generated - workflow failed at first stage")

  Line 187: âŒ
    Current: print("   âŒ No features generated - feature decomposition failed")
    Fixed:   print("   [ERROR] No features generated - feature decomposition failed")

  Line 191: âŒ
    Current: print("   âŒ No user stories generated - story decomposition failed")
    Fixed:   print("   [ERROR] No user stories generated - story decomposition failed")

  Line 195: âŒ
    Current: print("   âŒ No tasks generated - developer agent failed")
    Fixed:   print("   [ERROR] No tasks generated - developer agent failed")

  Line 198: âœ…
    Current: print("   âœ… All work item types generated successfully!")
    Fixed:   print("   [SUCCESS] All work item types generated successfully!")

  Line 218: âœ…
    Current: print("\n   âœ… No generic content detected!")
    Fixed:   print("\n   [SUCCESS] No generic content detected!")

  Line 222: âŒ
    Current: print(f"   âŒ Error checking results: {e}")
    Fixed:   print(f"   [ERROR] Error checking results: {e}")

  Line 231: âœ…
    Current: print("âœ… WORKFLOW ROBUSTNESS TEST PASSED")
    Fixed:   print("[SUCCESS] WORKFLOW ROBUSTNESS TEST PASSED")

  Line 234: âŒ
    Current: print("âŒ WORKFLOW ROBUSTNESS TEST FAILED")
    Fixed:   print("[ERROR] WORKFLOW ROBUSTNESS TEST FAILED")


File: X:\Programs\agile-backlog-automation\tools\test_working_models.py
=======================================================================
  Line 13: ğŸ”„
    Current: print(f"ğŸ”„ Testing {model_name}...")
    Fixed:   print(f"[RETRY] Testing {model_name}...")

  Line 40: âœ…
    Current: print(f"  âœ… {duration:.2f} seconds")
    Fixed:   print(f"  [SUCCESS] {duration:.2f} seconds")

  Line 44: âŒ
    Current: print(f"  âŒ HTTP {response.status_code}: {response.text}")
    Fixed:   print(f"  [ERROR] HTTP {response.status_code}: {response.text}")

  Line 48: âŒ
    Current: print(f"  âŒ Error: {e}")
    Fixed:   print(f"  [ERROR] Error: {e}")

  Line 65: ğŸ“Š
    Current: print("ğŸ“Š Working Models:")
    Fixed:   print("[STATS] Working Models:")

  Line 78: ğŸ”„
    Current: print(f"ğŸ”„ Use {second['model']} as fallback")
    Fixed:   print(f"[RETRY] Use {second['model']} as fallback")

  Line 82: âŒ
    Current: print("âŒ No working models found")
    Fixed:   print("[ERROR] No working models found")


File: X:\Programs\agile-backlog-automation\tools\test_work_item_limits.py
=========================================================================
  Line 27: ğŸ“‹
    Current: print("\nğŸ“‹ Current Default Limits:")
    Fixed:   print("\n[CONFIG] Current Default Limits:")

  Line 34: âœ…
    Current: print("\nâœ… Testing Limit Validation")
    Fixed:   print("\n[SUCCESS] Testing Limit Validation")

  Line 39: âœ…
    Current: print(f"âœ… Valid limits: {validation.valid}")
    Fixed:   print(f"[SUCCESS] Valid limits: {validation.valid}")

  Line 56: ğŸ“‹
    Current: print(f"\nğŸ“‹ {preset_name.upper()} Preset")
    Fixed:   print(f"\n[CONFIG] {preset_name.upper()} Preset")

  Line 66: âœ…
    Current: print(f"   âœ… Valid: {validation.valid}")
    Fixed:   print(f"   [SUCCESS] Valid: {validation.valid}")

  Line 73: âŒ
    Current: print("   âŒ Preset not found")
    Fixed:   print("   [ERROR] Preset not found")

  Line 76: âŒ
    Current: print("\nâŒ Testing Invalid Limits")
    Fixed:   print("\n[ERROR] Testing Invalid Limits")

  Line 88: âœ…
    Current: print(f"âœ… Valid: {validation.valid}")
    Fixed:   print(f"[SUCCESS] Valid: {validation.valid}")

  Line 94: âœ…
    Current: print("\nâœ… All tests completed successfully!")
    Fixed:   print("\n[SUCCESS] All tests completed successfully!")


File: X:\Programs\agile-backlog-automation\tools\update_work_item_paths.py
==========================================================================
  Line 269: ğŸ”„
    Current: print("\nğŸ”„ Work Item Path Updater")
    Fixed:   print("\n[RETRY] Work Item Path Updater")

  Line 280: âŒ
    Current: print("âŒ Operation cancelled")
    Fixed:   print("[ERROR] Operation cancelled")

  Line 288: ğŸ“Š
    Current: print("\nğŸ“Š Update Results:")
    Fixed:   print("\n[STATS] Update Results:")

  Line 291: âœ…
    Current: print(f"âœ… Updated: {results['updated']}")
    Fixed:   print(f"[SUCCESS] Updated: {results['updated']}")

  Line 293: âŒ
    Current: print(f"âŒ Failed: {results['failed']}")
    Fixed:   print(f"[ERROR] Failed: {results['failed']}")

  Line 296: ğŸ“‹
    Current: print("\nğŸ“‹ Detailed Results:")
    Fixed:   print("\n[CONFIG] Detailed Results:")

  Line 298: âœ…âŒ
    Current: status_icon = {'updated': 'âœ…', 'skipped': 'â­ï¸', 'failed': 'âŒ'}[detail['status']]
    Fixed:   status_icon = {'updated': '[SUCCESS]', 'skipped': 'â­ï¸', 'failed': '[ERROR]'}[detail['status']]

  Line 316: ğŸ”
    Current: print("ğŸ” Check your Azure DevOps Backlog and Sprint views - work items should now be visible.")
    Fixed:   print("[SEARCH] Check your Azure DevOps Backlog and Sprint views - work items should now be visible.")

  Line 322: âŒ
    Current: print(f"\nâŒ Error: {e}")
    Fixed:   print(f"\n[ERROR] Error: {e}")


File: X:\Programs\agile-backlog-automation\utils\auto_log_dumper.py
===================================================================
  Line 49: ğŸ”„
    Current: print(f"ğŸ”„ Auto log dumper initialized: {self.log_filename}")
    Fixed:   print(f"[RETRY] Auto log dumper initialized: {self.log_filename}")

  Line 86: âœ…
    Current: print(f"âœ… Auto log saved to: {self.log_filename}")
    Fixed:   print(f"[SUCCESS] Auto log saved to: {self.log_filename}")


File: X:\Programs\agile-backlog-automation\utils\llm_config_manager.py
======================================================================
  Line 50: ğŸ“‹
    Current: logger.info(f"ğŸ“‹ Loaded active LLM config from database: {config['name']} ({config['provider']})")
    Fixed:   logger.info(f"[CONFIG] Loaded active LLM config from database: {config['name']} ({config['provider']})")

  Line 56: ğŸ“‹
    Current: logger.info(f"ğŸ“‹ Loaded LLM config from environment: {env_config['provider']}")
    Fixed:   logger.info(f"[CONFIG] Loaded LLM config from environment: {env_config['provider']}")


File: X:\Programs\agile-backlog-automation\utils\notifier.py
============================================================
  Line 40: ğŸ“Š
    Current: print(f"ğŸ“Š Statistics received: {stats}")
    Fixed:   print(f"[STATS] Statistics received: {stats}")

  Line 41: ğŸ“‹
    Current: print(f"ğŸ“‹ Workflow data keys: {list(workflow_data.keys())}")
    Fixed:   print(f"[CONFIG] Workflow data keys: {list(workflow_data.keys())}")

  Line 57: ğŸš¨
    Current: print("ğŸš¨ DETECTED WORKFLOW FAILURE - Sending error notification instead of completion")
    Fixed:   print("[ALERT] DETECTED WORKFLOW FAILURE - Sending error notification instead of completion")

  Line 110: âœ…
    Current: print("âœ… Backlog job logged to database.")
    Fixed:   print("[SUCCESS] Backlog job logged to database.")

  Line 112: âŒ
    Current: print(f"âŒ Failed to log backlog job to database: {db_exc}")
    Fixed:   print(f"[ERROR] Failed to log backlog job to database: {db_exc}")

  Line 186: ğŸ“¤
    Current: print("ğŸ“¤ Sending Teams notification...")
    Fixed:   print("[REQUEST] Sending Teams notification...")

  Line 190: âœ…
    Current: print("âœ… Teams notification sent successfully")
    Fixed:   print("[SUCCESS] Teams notification sent successfully")

  Line 192: âŒ
    Current: print("âŒ Teams notification failed")
    Fixed:   print("[ERROR] Teams notification failed")

  Line 194: âŒ
    Current: print(f"âŒ Teams notification error: {e}")
    Fixed:   print(f"[ERROR] Teams notification error: {e}")

  Line 201: âœ…
    Current: print("âœ… Email notification sent successfully")
    Fixed:   print("[SUCCESS] Email notification sent successfully")

  Line 203: âŒ
    Current: print("âŒ Email notification failed")
    Fixed:   print("[ERROR] Email notification failed")

  Line 205: âŒ
    Current: print(f"âŒ Email notification error: {e}")
    Fixed:   print(f"[ERROR] Email notification error: {e}")

  Line 209: ğŸ“Š
    Current: print(f"ğŸ“Š Notification summary: {success_count}/{len(self.channels)} channels successful")
    Fixed:   print(f"[STATS] Notification summary: {success_count}/{len(self.channels)} channels successful")

  Line 227: âŒ
    Current: âŒ **Agile Backlog Automation - Quality Assessment Failed**
    Fixed:   [ERROR] **Agile Backlog Automation - Quality Assessment Failed**

  Line 248: âŒ
    Current: âŒ **Agile Backlog Automation Failed**
    Fixed:   [ERROR] **Agile Backlog Automation Failed**

  Line 275: ğŸš¨
    Current: ğŸš¨ **Critical Backlog Issues Detected**
    Fixed:   [ALERT] **Critical Backlog Issues Detected**

  Line 309: âœ…
    Current: print("âœ… Teams notification sent.")
    Fixed:   print("[SUCCESS] Teams notification sent.")

  Line 312: âŒ
    Current: print(f"âŒ Teams error: {response.status_code} - {response.text}")
    Fixed:   print(f"[ERROR] Teams error: {response.status_code} - {response.text}")

  Line 315: âŒ
    Current: print("âŒ Teams notification timed out after 30 seconds")
    Fixed:   print("[ERROR] Teams notification timed out after 30 seconds")

  Line 318: âŒ
    Current: print(f"âŒ Teams exception: {e}")
    Fixed:   print(f"[ERROR] Teams exception: {e}")

  Line 349: ğŸ“¤
    Current: print("ğŸ“¤ Sending email message")
    Fixed:   print("[REQUEST] Sending email message")

  Line 351: âœ…
    Current: print("âœ… Email notification sent successfully.")
    Fixed:   print("[SUCCESS] Email notification sent successfully.")

  Line 354: âŒ
    Current: print(f"âŒ SMTP error: {e}")
    Fixed:   print(f"[ERROR] SMTP error: {e}")

  Line 357: âŒ
    Current: print(f"âŒ Email connection error: {e}")
    Fixed:   print(f"[ERROR] Email connection error: {e}")

  Line 360: âŒ
    Current: print(f"âŒ Email timeout error: {e}")
    Fixed:   print(f"[ERROR] Email timeout error: {e}")

  Line 363: âŒ
    Current: print(f"âŒ Email exception: {e}")
    Fixed:   print(f"[ERROR] Email exception: {e}")

  Line 377: âœ…
    Current: 'âœ…': '[SUCCESS]',
    Fixed:   '[SUCCESS]': '[SUCCESS]',

  Line 378: âŒ
    Current: 'âŒ': '[FAILED]',
    Fixed:   '[ERROR]': '[FAILED]',

  Line 380: ğŸ“Š
    Current: 'ğŸ“Š': '[STATS]',
    Fixed:   '[STATS]': '[STATS]',

  Line 381: ğŸ”
    Current: 'ğŸ”': '[SEARCH]',
    Fixed:   '[SEARCH]': '[SEARCH]',

  Line 386: ğŸ”§
    Current: 'ğŸ”§': '[TOOL]',
    Fixed:   '[TOOL]': '[TOOL]',

  Line 387: ğŸ“‹
    Current: 'ğŸ“‹': '[CHECKLIST]',
    Fixed:   '[CONFIG]': '[CHECKLIST]',

  Line 393: ğŸ”„
    Current: 'ğŸ”„': '[REFRESH]',
    Fixed:   '[RETRY]': '[REFRESH]',

  Line 397: ğŸš¨
    Current: 'ğŸš¨': '[ALERT]',
    Fixed:   '[ALERT]': '[ALERT]',

  Line 399: ğŸ“¤
    Current: 'ğŸ“¤': '[SEND]',
    Fixed:   '[REQUEST]': '[SEND]',

  Line 400: ğŸ“¥
    Current: 'ğŸ“¥': '[RECEIVE]'
    Fixed:   '[DOWNLOAD]': '[RECEIVE]'

  Line 469: âœ…
    Current: return "âœ… All items uploaded successfully."
    Fixed:   return "[SUCCESS] All items uploaded successfully."

  Line 478: ğŸ“‹
    Current: **ğŸ“‹ Next Steps:**
    Fixed:   **[CONFIG] Next Steps:**


File: X:\Programs\agile-backlog-automation\utils\qa_completeness_validator.py
=============================================================================
  Line 137: ğŸ“Š
    Current: "ğŸ“Š QA Test Organization Completeness Report",
    Fixed:   "[STATS] QA Test Organization Completeness Report",

  Line 141: ğŸ“‹
    Current: "ğŸ“‹ Test Plan Coverage:",
    Fixed:   "[CONFIG] Test Plan Coverage:",

  Line 155: âŒ
    Current: "âŒ Missing Test Plans:",
    Fixed:   "[ERROR] Missing Test Plans:",

  Line 163: âŒ
    Current: "âŒ Missing Test Suites:",
    Fixed:   "[ERROR] Missing Test Suites:",

  Line 171: âŒ
    Current: "âŒ Unlinked Test Cases:",
    Fixed:   "[ERROR] Unlinked Test Cases:",

  Line 181: ğŸ”§
    Current: "ğŸ”§ Recommendations:",
    Fixed:   "[TOOL] Recommendations:",


File: X:\Programs\agile-backlog-automation\utils\safe_logger.py
===============================================================
  Line 12: âŒ
    Current: 'âŒ': '[ERROR]',
    Fixed:   '[ERROR]': '[ERROR]',

  Line 13: âœ…
    Current: 'âœ…': '[SUCCESS]',
    Fixed:   '[SUCCESS]': '[SUCCESS]',

  Line 15: ğŸ”
    Current: 'ğŸ”': '[SEARCH]',
    Fixed:   '[SEARCH]': '[SEARCH]',

  Line 16: ğŸ¤–
    Current: 'ğŸ¤–': '[AI]',
    Fixed:   '[AI]': '[AI]',

  Line 17: ğŸ“‹
    Current: 'ğŸ“‹': '[CONFIG]',
    Fixed:   '[CONFIG]': '[CONFIG]',

  Line 18: ğŸ“¦
    Current: 'ğŸ“¦': '[PACKAGE]',
    Fixed:   '[PACKAGE]': '[PACKAGE]',

  Line 19: ğŸ’°
    Current: 'ğŸ’°': '[COST]',
    Fixed:   '[COST]': '[COST]',

  Line 20: ğŸ“¤
    Current: 'ğŸ“¤': '[REQUEST]',
    Fixed:   '[REQUEST]': '[REQUEST]',

  Line 21: ğŸ“Š
    Current: 'ğŸ“Š': '[STATS]',
    Fixed:   '[STATS]': '[STATS]',

  Line 22: ğŸ”„
    Current: 'ğŸ”„': '[RETRY]',
    Fixed:   '[RETRY]': '[RETRY]',

  Line 23: ğŸ“¥
    Current: 'ğŸ“¥': '[DOWNLOAD]',
    Fixed:   '[DOWNLOAD]': '[DOWNLOAD]',

  Line 25: ğŸš¨
    Current: 'ğŸš¨': '[ALERT]',
    Fixed:   '[ALERT]': '[ALERT]',

  Line 26: ğŸ’¨
    Current: 'ğŸ’¨': '[FAST]',
    Fixed:   '[FAST]': '[FAST]',

  Line 27: ğŸ”§
    Current: 'ğŸ”§': '[TOOL]',
    Fixed:   '[TOOL]': '[TOOL]',
